TN:
SF:./src/xtag.js
FN:10,(anonymous_1)
FN:27,(anonymous_2)
FN:32,(anonymous_3)
FN:37,(anonymous_4)
FN:49,(anonymous_5)
FN:53,(anonymous_6)
FN:63,(anonymous_7)
FN:70,(anonymous_8)
FN:84,(anonymous_9)
FN:97,(anonymous_10)
FN:116,(anonymous_11)
FN:124,(anonymous_12)
FN:128,(anonymous_13)
FN:146,(anonymous_14)
FN:167,(anonymous_15)
FN:184,(anonymous_16)
FN:189,(anonymous_17)
FN:204,(anonymous_18)
FN:207,(anonymous_19)
FN:216,(anonymous_20)
FN:221,(anonymous_21)
FN:227,(anonymous_22)
FN:238,DOMTokenList
FN:255,setToClassName
FN:260,(anonymous_25)
FN:265,(anonymous_26)
FN:268,(anonymous_27)
FN:271,(anonymous_28)
FN:279,(anonymous_29)
FN:282,(anonymous_30)
FN:293,defineElementGetter
FN:303,(anonymous_32)
FN:321,(anonymous_33)
FN:325,(anonymous_34)
FN:330,(anonymous_35)
FN:338,(anonymous_36)
FN:343,(anonymous_37)
FN:349,(anonymous_38)
FN:370,(anonymous_39)
FN:400,(anonymous_40)
FN:404,(anonymous_41)
FN:409,(anonymous_42)
FN:425,scheduleCallback
FN:433,wrapIfNeeded
FN:439,dispatchCallbacks
FN:447,(anonymous_46)
FN:452,(anonymous_47)
FN:471,removeTransientObserversFor
FN:472,(anonymous_49)
FN:476,(anonymous_50)
FN:495,forEachAncestorAndObserverEnqueueRecord
FN:523,JsMutationObserver
FN:531,(anonymous_53)
FN:582,(anonymous_54)
FN:583,(anonymous_55)
FN:599,(anonymous_56)
FN:611,MutationRecord
FN:623,copyMutationRecord
FN:644,getRecord
FN:653,getRecordWithOldValue
FN:661,clearRecords
FN:670,recordRepresentsCurrentMutation
FN:682,selectRecord
FN:701,Registration
FN:709,(anonymous_65)
FN:731,(anonymous_66)
FN:735,(anonymous_67)
FN:750,(anonymous_68)
FN:754,(anonymous_69)
FN:774,(anonymous_70)
FN:791,(anonymous_71)
FN:795,(anonymous_72)
FN:811,(anonymous_73)
FN:834,(anonymous_74)
FN:866,(anonymous_75)
FN:906,(anonymous_76)
FN:930,(anonymous_77)
FN:942,(anonymous_78)
FN:949,(anonymous_79)
FN:953,(anonymous_80)
FN:954,(anonymous_81)
FN:982,(anonymous_82)
FN:989,forSubtree
FN:991,(anonymous_84)
FN:1005,findAllElements
FN:1023,forRoots
FN:1036,forDocumentTree
FN:1043,_forDocumentTree
FN:1080,(anonymous_89)
FN:1094,addedNode
FN:1099,added
FN:1108,addedSubtree
FN:1109,(anonymous_93)
FN:1116,attachedNode
FN:1120,(anonymous_95)
FN:1138,deferMutation
FN:1146,takeMutations
FN:1155,attached
FN:1157,(anonymous_99)
FN:1167,_attached
FN:1188,detachedNode
FN:1190,(anonymous_102)
FN:1195,detached
FN:1197,(anonymous_104)
FN:1207,_detached
FN:1223,inDocument
FN:1235,watchShadow
FN:1263,handler
FN:1280,(anonymous_109)
FN:1282,(anonymous_110)
FN:1288,(anonymous_111)
FN:1305,takeRecords
FN:1326,observe
FN:1338,upgradeDocument
FN:1351,upgradeDocumentTree
FN:1361,(anonymous_116)
FN:1393,(anonymous_117)
FN:1412,upgrade
FN:1426,upgradeWithDefinition
FN:1449,implementPrototype
FN:1462,customMixin
FN:1484,created
FN:1517,(anonymous_123)
FN:1564,register
FN:1620,overrideAttributeApi
FN:1628,(anonymous_126)
FN:1632,(anonymous_127)
FN:1640,changeAttribute
FN:1651,isReservedTag
FN:1664,ancestry
FN:1672,resolveTagName
FN:1689,resolvePrototypeChain
FN:1722,instantiate
FN:1736,getRegisteredDefinition
FN:1742,registerDefinition
FN:1746,generateConstructor
FN:1747,(anonymous_137)
FN:1753,createElementNS
FN:1763,createElement
FN:1790,cloneNode
FN:1809,(anonymous_141)
FN:1823,(anonymous_142)
FN:1852,(anonymous_143)
FN:1864,(anonymous_144)
FN:1874,(anonymous_145)
FN:1896,(anonymous_146)
FN:1903,bootstrap
FN:1908,(anonymous_148)
FN:1919,(anonymous_149)
FN:1935,(anonymous_150)
FN:1966,(anonymous_151)
FN:1987,(anonymous_152)
FN:2006,(anonymous_153)
FN:2012,(anonymous_154)
FN:2045,whenReady
FN:2048,(anonymous_156)
FN:2056,isDocumentReady
FN:2062,whenDocumentReady
FN:2064,(anonymous_159)
FN:2077,markTargetLoaded
FN:2082,watchImportsLoad
FN:2085,checkDone
FN:2090,loadedImport
FN:2115,isImportLoaded
FN:2133,(anonymous_165)
FN:2141,handleImports
FN:2149,isImport
FN:2153,handleImport
FN:2165,(anonymous_169)
FN:2180,(anonymous_170)
FN:2206,(anonymous_171)
FN:2210,(anonymous_172)
FN:2214,(anonymous_173)
FN:2215,(anonymous_174)
FN:2236,(anonymous_175)
FN:2245,(anonymous_176)
FN:2252,(anonymous_177)
FN:2258,(anonymous_178)
FN:2259,(anonymous_179)
FN:2283,(anonymous_180)
FN:2291,(anonymous_181)
FN:2297,(anonymous_182)
FN:2303,(anonymous_183)
FN:2322,(anonymous_184)
FN:2342,(anonymous_185)
FN:2353,(anonymous_186)
FN:2363,(anonymous_187)
FN:2374,(anonymous_188)
FN:2383,(anonymous_189)
FN:2396,(anonymous_190)
FN:2417,(anonymous_191)
FN:2420,(anonymous_192)
FN:2433,(anonymous_193)
FN:2437,(anonymous_194)
FN:2444,(anonymous_195)
FN:2456,(anonymous_196)
FN:2461,(anonymous_197)
FN:2483,(anonymous_198)
FN:2488,(anonymous_199)
FN:2496,(anonymous_200)
FN:2504,(anonymous_201)
FN:2515,(anonymous_202)
FN:2535,(anonymous_203)
FN:2575,(anonymous_204)
FN:2582,(anonymous_205)
FN:2595,(anonymous_206)
FN:2610,(anonymous_207)
FN:2615,(anonymous_208)
FN:2626,(anonymous_209)
FN:2633,(anonymous_210)
FN:2664,(anonymous_211)
FN:2674,(anonymous_212)
FN:2682,(anonymous_213)
FN:2687,(anonymous_214)
FN:2695,(anonymous_215)
FN:2701,(anonymous_216)
FN:2703,(anonymous_217)
FN:2744,(anonymous_218)
FN:2751,(anonymous_219)
FN:2762,(anonymous_220)
FN:2768,(anonymous_221)
FN:2789,(anonymous_222)
FN:2794,(anonymous_223)
FN:2800,(anonymous_224)
FN:2804,(anonymous_225)
FN:2808,(anonymous_226)
FN:2817,nodeIsImport
FN:2821,generateScriptDataUrl
FN:2826,generateScriptContent
FN:2831,generateSourceMapHint
FN:2844,cloneStyle
FN:2866,(anonymous_232)
FN:2896,(anonymous_233)
FN:2901,(anonymous_234)
FN:2907,(anonymous_235)
FN:2913,(anonymous_236)
FN:2919,(anonymous_237)
FN:2948,(anonymous_238)
FN:2955,(anonymous_239)
FN:2970,isImportLink
FN:2974,isLinkRel
FN:2978,makeDocument
FN:3010,(anonymous_243)
FN:3036,(anonymous_244)
FN:3050,(anonymous_245)
FN:3069,(anonymous_246)
FN:3074,(anonymous_247)
FN:3102,(anonymous_248)
FN:3124,(anonymous_249)
FN:3145,bootstrap
FN:3163,(anonymous_251)
FN:3175,(anonymous_252)
FN:3176,(anonymous_253)
FN:3182,(anonymous_254)
FN:3195,(anonymous_255)
FN:3233,typeOf
FN:3238,clone
FN:3242,(anonymous_258)
FN:3247,(anonymous_259)
FN:3258,toArray
FN:3267,query
FN:3271,parseMutations
FN:3273,(anonymous_263)
FN:3280,(anonymous_264)
FN:3290,parsePseudo
FN:3294,mergeOne
FN:3301,wrapMixin
FN:3313,mergeMixin
FN:3328,applyMixins
FN:3329,(anonymous_270)
FN:3353,delegateAction
FN:3367,touchFilter
FN:3378,writeProperty
FN:3389,inheritEvent
FN:3399,modAttr
FN:3403,syncAttr
FN:3411,updateView
FN:3417,attachProperties
FN:3425,(anonymous_279)
FN:3432,(anonymous_280)
FN:3442,parseAccessor
FN:3459,(anonymous_282)
FN:3463,(anonymous_283)
FN:3474,parseMultiline
FN:3492,(anonymous_285)
FN:3498,(anonymous_286)
FN:3521,(anonymous_287)
FN:3534,(anonymous_288)
FN:3544,(anonymous_289)
FN:3550,(anonymous_290)
FN:3563,(anonymous_291)
FN:3580,(anonymous_292)
FN:3636,(anonymous_293)
FN:3657,(anonymous_294)
FN:3694,(anonymous_295)
FN:3697,(anonymous_296)
FN:3700,(anonymous_297)
FN:3705,(anonymous_298)
FN:3709,(anonymous_299)
FN:3722,(anonymous_300)
FN:3724,(anonymous_301)
FN:3725,(anonymous_302)
FN:3732,(anonymous_303)
FN:3744,(anonymous_304)
FN:3745,(anonymous_305)
FN:3756,(anonymous_306)
FN:3769,(anonymous_307)
FN:3777,(anonymous_308)
FN:3781,(anonymous_309)
FN:3787,(anonymous_310)
FN:3790,(anonymous_311)
FN:3791,(anonymous_312)
FN:3794,(anonymous_313)
FN:3798,(anonymous_314)
FN:3801,(anonymous_315)
FN:3802,(anonymous_316)
FN:3806,(anonymous_317)
FN:3810,(anonymous_318)
FN:3815,(anonymous_319)
FN:3819,(anonymous_320)
FN:3823,(anonymous_321)
FN:3825,(anonymous_322)
FN:3832,(anonymous_323)
FN:3834,(anonymous_324)
FN:3840,(anonymous_325)
FN:3847,(anonymous_326)
FN:3868,(anonymous_327)
FN:3885,(anonymous_328)
FN:3896,(anonymous_329)
FN:3902,(anonymous_330)
FN:3905,(anonymous_331)
FN:3909,(anonymous_332)
FN:3922,(anonymous_333)
FN:3941,(anonymous_334)
FN:3942,(anonymous_335)
FN:3949,(anonymous_336)
FN:3967,(anonymous_337)
FN:3972,(anonymous_338)
FN:3983,(anonymous_339)
FN:3997,(anonymous_340)
FN:4001,(anonymous_341)
FN:4015,(anonymous_342)
FN:4017,(anonymous_343)
FN:4020,(anonymous_344)
FN:4028,(anonymous_345)
FN:4036,(anonymous_346)
FN:4040,(anonymous_347)
FN:4046,(anonymous_348)
FN:4050,(anonymous_349)
FN:4076,(anonymous_350)
FN:4080,(anonymous_351)
FN:4090,(anonymous_352)
FN:4091,(anonymous_353)
FN:4093,(anonymous_354)
FN:4102,(anonymous_355)
FN:4119,(anonymous_356)
FN:4124,(anonymous_357)
FN:4129,(anonymous_358)
FN:4137,(anonymous_359)
FN:4145,(anonymous_360)
FN:4154,(anonymous_361)
FN:4168,addTap
FN:4186,removeTap
FN:4199,checkTapPosition
FN:4218,(anonymous_365)
FN:4249,(anonymous_366)
FNF:366
FNH:183
FNDA:1,(anonymous_1)
FNDA:0,(anonymous_2)
FNDA:1,(anonymous_3)
FNDA:1,(anonymous_4)
FNDA:0,(anonymous_5)
FNDA:1,(anonymous_6)
FNDA:1,(anonymous_7)
FNDA:1,(anonymous_8)
FNDA:1,(anonymous_9)
FNDA:0,(anonymous_10)
FNDA:1,(anonymous_11)
FNDA:1,(anonymous_12)
FNDA:0,(anonymous_13)
FNDA:115,(anonymous_14)
FNDA:0,(anonymous_15)
FNDA:1,(anonymous_16)
FNDA:1,(anonymous_17)
FNDA:0,(anonymous_18)
FNDA:0,(anonymous_19)
FNDA:0,(anonymous_20)
FNDA:1,(anonymous_21)
FNDA:1,(anonymous_22)
FNDA:0,DOMTokenList
FNDA:0,setToClassName
FNDA:0,(anonymous_25)
FNDA:0,(anonymous_26)
FNDA:0,(anonymous_27)
FNDA:0,(anonymous_28)
FNDA:0,(anonymous_29)
FNDA:0,(anonymous_30)
FNDA:0,defineElementGetter
FNDA:0,(anonymous_32)
FNDA:1,(anonymous_33)
FNDA:1,(anonymous_34)
FNDA:10,(anonymous_35)
FNDA:160,(anonymous_36)
FNDA:0,(anonymous_37)
FNDA:0,(anonymous_38)
FNDA:1,(anonymous_39)
FNDA:0,(anonymous_40)
FNDA:0,(anonymous_41)
FNDA:0,(anonymous_42)
FNDA:35,scheduleCallback
FNDA:10,wrapIfNeeded
FNDA:32,dispatchCallbacks
FNDA:18,(anonymous_46)
FNDA:33,(anonymous_47)
FNDA:33,removeTransientObserversFor
FNDA:33,(anonymous_49)
FNDA:65,(anonymous_50)
FNDA:27,forEachAncestorAndObserverEnqueueRecord
FNDA:10,JsMutationObserver
FNDA:10,(anonymous_53)
FNDA:7,(anonymous_54)
FNDA:7,(anonymous_55)
FNDA:33,(anonymous_56)
FNDA:27,MutationRecord
FNDA:0,copyMutationRecord
FNDA:27,getRecord
FNDA:0,getRecordWithOldValue
FNDA:27,clearRecords
FNDA:0,recordRepresentsCurrentMutation
FNDA:16,selectRecord
FNDA:10,Registration
FNDA:51,(anonymous_65)
FNDA:10,(anonymous_66)
FNDA:19,(anonymous_67)
FNDA:7,(anonymous_68)
FNDA:15,(anonymous_69)
FNDA:9,(anonymous_70)
FNDA:33,(anonymous_71)
FNDA:8,(anonymous_72)
FNDA:27,(anonymous_73)
FNDA:5,(anonymous_74)
FNDA:0,(anonymous_75)
FNDA:50,(anonymous_76)
FNDA:1,(anonymous_77)
FNDA:1,(anonymous_78)
FNDA:4,(anonymous_79)
FNDA:1,(anonymous_80)
FNDA:4,(anonymous_81)
FNDA:1,(anonymous_82)
FNDA:167,forSubtree
FNDA:58,(anonymous_84)
FNDA:225,findAllElements
FNDA:225,forRoots
FNDA:1,forDocumentTree
FNDA:1,_forDocumentTree
FNDA:1,(anonymous_89)
FNDA:33,addedNode
FNDA:82,added
FNDA:159,addedSubtree
FNDA:49,(anonymous_93)
FNDA:126,attachedNode
FNDA:0,(anonymous_95)
FNDA:225,deferMutation
FNDA:18,takeMutations
FNDA:208,attached
FNDA:182,(anonymous_99)
FNDA:182,_attached
FNDA:8,detachedNode
FNDA:9,(anonymous_102)
FNDA:17,detached
FNDA:17,(anonymous_104)
FNDA:17,_detached
FNDA:255,inDocument
FNDA:0,watchShadow
FNDA:16,handler
FNDA:24,(anonymous_109)
FNDA:16,(anonymous_110)
FNDA:8,(anonymous_111)
FNDA:0,takeRecords
FNDA:1,observe
FNDA:1,upgradeDocument
FNDA:1,upgradeDocumentTree
FNDA:0,(anonymous_116)
FNDA:1,(anonymous_117)
FNDA:90,upgrade
FNDA:126,upgradeWithDefinition
FNDA:126,implementPrototype
FNDA:0,customMixin
FNDA:126,created
FNDA:1,(anonymous_123)
FNDA:6,register
FNDA:6,overrideAttributeApi
FNDA:100,(anonymous_126)
FNDA:0,(anonymous_127)
FNDA:100,changeAttribute
FNDA:6,isReservedTag
FNDA:6,ancestry
FNDA:6,resolveTagName
FNDA:6,resolvePrototypeChain
FNDA:122,instantiate
FNDA:205,getRegisteredDefinition
FNDA:6,registerDefinition
FNDA:6,generateConstructor
FNDA:122,(anonymous_137)
FNDA:1,createElementNS
FNDA:132,createElement
FNDA:4,cloneNode
FNDA:0,(anonymous_141)
FNDA:0,(anonymous_142)
FNDA:1,(anonymous_143)
FNDA:0,(anonymous_144)
FNDA:0,(anonymous_145)
FNDA:258,(anonymous_146)
FNDA:1,bootstrap
FNDA:0,(anonymous_148)
FNDA:1,(anonymous_149)
FNDA:0,(anonymous_150)
FNDA:1,(anonymous_151)
FNDA:1,(anonymous_152)
FNDA:1,(anonymous_153)
FNDA:0,(anonymous_154)
FNDA:1,whenReady
FNDA:1,(anonymous_156)
FNDA:2,isDocumentReady
FNDA:2,whenDocumentReady
FNDA:1,(anonymous_159)
FNDA:0,markTargetLoaded
FNDA:1,watchImportsLoad
FNDA:1,checkDone
FNDA:0,loadedImport
FNDA:0,isImportLoaded
FNDA:0,(anonymous_165)
FNDA:0,handleImports
FNDA:0,isImport
FNDA:0,handleImport
FNDA:0,(anonymous_169)
FNDA:1,(anonymous_170)
FNDA:1,(anonymous_171)
FNDA:7,(anonymous_172)
FNDA:1,(anonymous_173)
FNDA:7,(anonymous_174)
FNDA:1,(anonymous_175)
FNDA:0,(anonymous_176)
FNDA:0,(anonymous_177)
FNDA:0,(anonymous_178)
FNDA:0,(anonymous_179)
FNDA:1,(anonymous_180)
FNDA:0,(anonymous_181)
FNDA:0,(anonymous_182)
FNDA:0,(anonymous_183)
FNDA:0,(anonymous_184)
FNDA:1,(anonymous_185)
FNDA:1,(anonymous_186)
FNDA:1,(anonymous_187)
FNDA:0,(anonymous_188)
FNDA:0,(anonymous_189)
FNDA:0,(anonymous_190)
FNDA:0,(anonymous_191)
FNDA:0,(anonymous_192)
FNDA:0,(anonymous_193)
FNDA:0,(anonymous_194)
FNDA:0,(anonymous_195)
FNDA:0,(anonymous_196)
FNDA:1,(anonymous_197)
FNDA:1,(anonymous_198)
FNDA:1,(anonymous_199)
FNDA:16,(anonymous_200)
FNDA:20,(anonymous_201)
FNDA:1,(anonymous_202)
FNDA:1,(anonymous_203)
FNDA:2,(anonymous_204)
FNDA:0,(anonymous_205)
FNDA:0,(anonymous_206)
FNDA:0,(anonymous_207)
FNDA:0,(anonymous_208)
FNDA:0,(anonymous_209)
FNDA:0,(anonymous_210)
FNDA:0,(anonymous_211)
FNDA:0,(anonymous_212)
FNDA:0,(anonymous_213)
FNDA:0,(anonymous_214)
FNDA:0,(anonymous_215)
FNDA:0,(anonymous_216)
FNDA:0,(anonymous_217)
FNDA:0,(anonymous_218)
FNDA:0,(anonymous_219)
FNDA:2,(anonymous_220)
FNDA:2,(anonymous_221)
FNDA:2,(anonymous_222)
FNDA:22,(anonymous_223)
FNDA:20,(anonymous_224)
FNDA:0,(anonymous_225)
FNDA:0,(anonymous_226)
FNDA:0,nodeIsImport
FNDA:0,generateScriptDataUrl
FNDA:0,generateScriptContent
FNDA:0,generateSourceMapHint
FNDA:0,cloneStyle
FNDA:1,(anonymous_232)
FNDA:0,(anonymous_233)
FNDA:1,(anonymous_234)
FNDA:1,(anonymous_235)
FNDA:21,(anonymous_236)
FNDA:0,(anonymous_237)
FNDA:1,(anonymous_238)
FNDA:1,(anonymous_239)
FNDA:0,isImportLink
FNDA:0,isLinkRel
FNDA:0,makeDocument
FNDA:0,(anonymous_243)
FNDA:1,(anonymous_244)
FNDA:20,(anonymous_245)
FNDA:20,(anonymous_246)
FNDA:20,(anonymous_247)
FNDA:1,(anonymous_248)
FNDA:0,(anonymous_249)
FNDA:1,bootstrap
FNDA:1,(anonymous_251)
FNDA:0,(anonymous_252)
FNDA:0,(anonymous_253)
FNDA:0,(anonymous_254)
FNDA:1,(anonymous_255)
FNDA:301,typeOf
FNDA:168,clone
FNDA:72,(anonymous_258)
FNDA:12,(anonymous_259)
FNDA:7,toArray
FNDA:0,query
FNDA:0,parseMutations
FNDA:0,(anonymous_263)
FNDA:0,(anonymous_264)
FNDA:0,parsePseudo
FNDA:132,mergeOne
FNDA:0,wrapMixin
FNDA:0,mergeMixin
FNDA:6,applyMixins
FNDA:0,(anonymous_270)
FNDA:0,delegateAction
FNDA:0,touchFilter
FNDA:0,writeProperty
FNDA:0,inheritEvent
FNDA:100,modAttr
FNDA:0,syncAttr
FNDA:7,updateView
FNDA:42,attachProperties
FNDA:0,(anonymous_279)
FNDA:7,(anonymous_280)
FNDA:30,parseAccessor
FNDA:0,(anonymous_282)
FNDA:0,(anonymous_283)
FNDA:0,parseMultiline
FNDA:22,(anonymous_285)
FNDA:6,(anonymous_286)
FNDA:126,(anonymous_287)
FNDA:0,(anonymous_288)
FNDA:8,(anonymous_289)
FNDA:7,(anonymous_290)
FNDA:100,(anonymous_291)
FNDA:0,(anonymous_292)
FNDA:0,(anonymous_293)
FNDA:0,(anonymous_294)
FNDA:0,(anonymous_295)
FNDA:0,(anonymous_296)
FNDA:0,(anonymous_297)
FNDA:0,(anonymous_298)
FNDA:0,(anonymous_299)
FNDA:0,(anonymous_300)
FNDA:0,(anonymous_301)
FNDA:0,(anonymous_302)
FNDA:0,(anonymous_303)
FNDA:0,(anonymous_304)
FNDA:0,(anonymous_305)
FNDA:24,(anonymous_306)
FNDA:0,(anonymous_307)
FNDA:0,(anonymous_308)
FNDA:0,(anonymous_309)
FNDA:1,(anonymous_310)
FNDA:0,(anonymous_311)
FNDA:0,(anonymous_312)
FNDA:1,(anonymous_313)
FNDA:0,(anonymous_314)
FNDA:0,(anonymous_315)
FNDA:0,(anonymous_316)
FNDA:0,(anonymous_317)
FNDA:0,(anonymous_318)
FNDA:0,(anonymous_319)
FNDA:0,(anonymous_320)
FNDA:0,(anonymous_321)
FNDA:0,(anonymous_322)
FNDA:0,(anonymous_323)
FNDA:0,(anonymous_324)
FNDA:0,(anonymous_325)
FNDA:0,(anonymous_326)
FNDA:0,(anonymous_327)
FNDA:0,(anonymous_328)
FNDA:78,(anonymous_329)
FNDA:0,(anonymous_330)
FNDA:0,(anonymous_331)
FNDA:0,(anonymous_332)
FNDA:0,(anonymous_333)
FNDA:0,(anonymous_334)
FNDA:0,(anonymous_335)
FNDA:0,(anonymous_336)
FNDA:0,(anonymous_337)
FNDA:0,(anonymous_338)
FNDA:0,(anonymous_339)
FNDA:0,(anonymous_340)
FNDA:0,(anonymous_341)
FNDA:0,(anonymous_342)
FNDA:0,(anonymous_343)
FNDA:0,(anonymous_344)
FNDA:126,(anonymous_345)
FNDA:0,(anonymous_346)
FNDA:0,(anonymous_347)
FNDA:0,(anonymous_348)
FNDA:1,(anonymous_349)
FNDA:0,(anonymous_350)
FNDA:0,(anonymous_351)
FNDA:0,(anonymous_352)
FNDA:0,(anonymous_353)
FNDA:0,(anonymous_354)
FNDA:0,(anonymous_355)
FNDA:0,(anonymous_356)
FNDA:0,(anonymous_357)
FNDA:0,(anonymous_358)
FNDA:0,(anonymous_359)
FNDA:0,(anonymous_360)
FNDA:0,(anonymous_361)
FNDA:0,addTap
FNDA:0,removeTap
FNDA:0,checkTapPosition
FNDA:0,(anonymous_365)
FNDA:1,(anonymous_366)
DA:3,1
DA:4,1
DA:10,1
DA:13,1
DA:14,1
DA:17,1
DA:18,1
DA:20,1
DA:21,0
DA:24,1
DA:27,1
DA:28,0
DA:33,1
DA:37,1
DA:40,1
DA:41,1
DA:43,1
DA:50,0
DA:54,1
DA:63,1
DA:66,1
DA:67,0
DA:70,1
DA:73,1
DA:74,1
DA:75,1
DA:77,1
DA:78,1
DA:83,1
DA:84,1
DA:85,1
DA:87,1
DA:88,1
DA:89,1
DA:91,1
DA:93,1
DA:97,0
DA:98,0
DA:100,0
DA:101,0
DA:102,0
DA:104,0
DA:105,0
DA:107,0
DA:111,1
DA:113,1
DA:117,1
DA:124,1
DA:127,1
DA:128,1
DA:129,0
DA:132,1
DA:133,1
DA:134,1
DA:135,1
DA:136,1
DA:137,1
DA:139,1
DA:140,0
DA:143,1
DA:145,1
DA:146,1
DA:147,115
DA:148,115
DA:149,115
DA:150,115
DA:151,115
DA:152,115
DA:162,115
DA:166,1
DA:167,1
DA:168,0
DA:169,0
DA:170,0
DA:171,0
DA:181,0
DA:185,1
DA:189,1
DA:192,1
DA:193,1
DA:194,1
DA:196,1
DA:197,4
DA:198,4
DA:199,4
DA:203,1
DA:204,1
DA:205,0
DA:206,0
DA:207,0
DA:208,0
DA:210,0
DA:211,0
DA:215,1
DA:216,1
DA:217,0
DA:222,1
DA:227,1
DA:229,1
DA:231,0
DA:238,1
DA:239,0
DA:240,0
DA:241,0
DA:243,0
DA:247,0
DA:249,0
DA:250,0
DA:255,1
DA:256,0
DA:259,0
DA:261,0
DA:262,0
DA:263,0
DA:266,0
DA:269,0
DA:272,0
DA:273,0
DA:274,0
DA:276,0
DA:277,0
DA:280,0
DA:283,0
DA:284,0
DA:286,0
DA:291,0
DA:293,1
DA:294,0
DA:295,0
DA:299,0
DA:303,0
DA:304,0
DA:320,1
DA:321,1
DA:322,1
DA:323,1
DA:325,1
DA:326,1
DA:329,1
DA:331,10
DA:332,10
DA:333,0
DA:335,10
DA:336,10
DA:339,160
DA:340,160
DA:344,0
DA:345,0
DA:346,0
DA:347,0
DA:350,0
DA:351,0
DA:352,0
DA:356,1
DA:370,1
DA:372,1
DA:374,1
DA:382,1
DA:388,0
DA:392,1
DA:393,1
DA:398,0
DA:399,0
DA:400,0
DA:401,0
DA:402,0
DA:403,0
DA:404,0
DA:405,0
DA:409,0
DA:410,0
DA:411,0
DA:416,1
DA:419,1
DA:425,1
DA:426,35
DA:427,35
DA:428,17
DA:429,17
DA:433,1
DA:434,10
DA:439,1
DA:442,32
DA:444,32
DA:445,32
DA:447,32
DA:448,18
DA:451,32
DA:452,32
DA:455,33
DA:457,33
DA:460,33
DA:461,33
DA:462,33
DA:467,32
DA:468,16
DA:471,1
DA:472,33
DA:473,33
DA:474,33
DA:475,0
DA:476,33
DA:477,65
DA:478,33
DA:495,1
DA:496,27
DA:497,93
DA:499,93
DA:500,29
DA:501,56
DA:502,56
DA:505,56
DA:506,1
DA:508,55
DA:509,55
DA:510,51
DA:516,1
DA:523,1
DA:524,10
DA:525,10
DA:526,10
DA:527,10
DA:530,1
DA:532,10
DA:535,10
DA:547,0
DA:550,10
DA:551,10
DA:552,9
DA:558,10
DA:559,10
DA:560,1
DA:561,0
DA:562,0
DA:563,0
DA:564,0
DA:573,10
DA:574,10
DA:575,10
DA:576,10
DA:579,10
DA:583,7
DA:584,7
DA:585,7
DA:586,7
DA:587,7
DA:588,7
DA:589,7
DA:592,7
DA:596,7
DA:600,33
DA:601,33
DA:602,33
DA:611,1
DA:612,27
DA:613,27
DA:614,27
DA:615,27
DA:616,27
DA:617,27
DA:618,27
DA:619,27
DA:620,27
DA:623,1
DA:624,0
DA:625,0
DA:626,0
DA:627,0
DA:628,0
DA:629,0
DA:630,0
DA:631,0
DA:632,0
DA:636,1
DA:644,1
DA:645,27
DA:653,1
DA:654,0
DA:655,0
DA:656,0
DA:657,0
DA:658,0
DA:661,1
DA:662,27
DA:670,1
DA:671,0
DA:682,1
DA:683,16
DA:684,0
DA:688,16
DA:689,0
DA:691,16
DA:701,1
DA:702,10
DA:703,10
DA:704,10
DA:705,10
DA:708,1
DA:710,51
DA:711,51
DA:717,51
DA:718,16
DA:719,16
DA:720,16
DA:721,0
DA:722,0
DA:725,35
DA:728,51
DA:732,10
DA:736,19
DA:737,19
DA:738,8
DA:740,19
DA:741,8
DA:743,19
DA:744,19
DA:746,19
DA:747,19
DA:751,7
DA:755,15
DA:756,15
DA:757,7
DA:759,15
DA:760,7
DA:762,15
DA:763,15
DA:765,15
DA:766,15
DA:777,9
DA:778,0
DA:780,9
DA:781,9
DA:782,9
DA:783,9
DA:784,1
DA:788,9
DA:792,33
DA:793,33
DA:795,33
DA:797,8
DA:799,8
DA:800,8
DA:801,15
DA:802,8
DA:805,8
DA:815,27
DA:817,27
DA:821,2
DA:822,2
DA:823,2
DA:826,2
DA:827,2
DA:828,2
DA:831,2
DA:834,2
DA:836,5
DA:837,4
DA:840,1
DA:843,0
DA:846,1
DA:847,0
DA:850,1
DA:853,2
DA:857,0
DA:860,0
DA:863,0
DA:866,0
DA:868,0
DA:869,0
DA:872,0
DA:873,0
DA:876,0
DA:879,0
DA:882,9
DA:886,25
DA:887,25
DA:888,25
DA:889,16
DA:890,16
DA:893,9
DA:894,9
DA:896,25
DA:897,25
DA:900,25
DA:901,25
DA:902,25
DA:903,25
DA:904,25
DA:906,25
DA:908,50
DA:909,0
DA:912,50
DA:917,27
DA:921,1
DA:923,1
DA:924,1
DA:930,1
DA:940,1
DA:942,1
DA:945,1
DA:948,1
DA:949,1
DA:950,4
DA:953,1
DA:954,1
DA:955,4
DA:960,1
DA:961,1
DA:962,1
DA:966,1
DA:982,1
DA:985,1
DA:989,1
DA:991,167
DA:992,58
DA:993,0
DA:995,58
DA:997,167
DA:1005,1
DA:1006,225
DA:1007,225
DA:1008,197
DA:1009,197
DA:1010,10
DA:1013,225
DA:1014,58
DA:1015,58
DA:1017,58
DA:1019,225
DA:1023,1
DA:1024,225
DA:1025,225
DA:1026,0
DA:1027,0
DA:1035,1
DA:1036,1
DA:1037,1
DA:1038,1
DA:1039,1
DA:1043,1
DA:1044,1
DA:1045,1
DA:1046,0
DA:1048,1
DA:1049,1
DA:1050,1
DA:1051,0
DA:1052,0
DA:1055,1
DA:1059,1
DA:1060,1
DA:1080,1
DA:1083,1
DA:1084,1
DA:1085,1
DA:1094,1
DA:1095,33
DA:1099,1
DA:1100,82
DA:1101,0
DA:1103,82
DA:1108,1
DA:1109,159
DA:1110,49
DA:1111,0
DA:1116,1
DA:1117,126
DA:1119,126
DA:1120,0
DA:1121,0
DA:1132,1
DA:1134,1
DA:1136,1
DA:1137,1
DA:1138,1
DA:1139,225
DA:1140,225
DA:1141,18
DA:1142,18
DA:1146,1
DA:1147,18
DA:1148,18
DA:1149,18
DA:1150,199
DA:1152,18
DA:1155,1
DA:1156,208
DA:1157,208
DA:1158,182
DA:1161,0
DA:1167,1
DA:1169,182
DA:1173,132
DA:1174,8
DA:1175,8
DA:1176,8
DA:1188,1
DA:1189,8
DA:1190,8
DA:1191,9
DA:1195,1
DA:1196,17
DA:1197,17
DA:1198,17
DA:1201,0
DA:1207,1
DA:1209,17
DA:1213,7
DA:1214,7
DA:1215,7
DA:1216,7
DA:1223,1
DA:1224,255
DA:1225,255
DA:1226,255
DA:1227,279
DA:1228,8
DA:1230,271
DA:1235,1
DA:1236,0
DA:1237,0
DA:1239,0
DA:1240,0
DA:1241,0
DA:1242,0
DA:1263,1
DA:1265,16
DA:1266,0
DA:1267,0
DA:1268,0
DA:1269,0
DA:1270,0
DA:1271,0
DA:1273,0
DA:1274,0
DA:1277,0
DA:1280,16
DA:1281,24
DA:1282,24
DA:1283,16
DA:1284,0
DA:1286,16
DA:1288,24
DA:1289,8
DA:1290,0
DA:1292,8
DA:1296,16
DA:1305,1
DA:1306,0
DA:1308,0
DA:1309,0
DA:1312,0
DA:1313,0
DA:1315,0
DA:1316,0
DA:1317,0
DA:1318,0
DA:1322,1
DA:1326,1
DA:1327,1
DA:1328,0
DA:1332,1
DA:1333,1
DA:1334,1
DA:1338,1
DA:1339,1
DA:1340,1
DA:1341,1
DA:1342,1
DA:1343,1
DA:1351,1
DA:1352,1
DA:1358,1
DA:1359,1
DA:1361,0
DA:1362,0
DA:1363,0
DA:1364,0
DA:1369,1
DA:1370,1
DA:1371,1
DA:1372,1
DA:1373,1
DA:1374,1
DA:1393,1
DA:1396,1
DA:1412,1
DA:1413,90
DA:1414,61
DA:1415,61
DA:1416,61
DA:1417,4
DA:1418,0
DA:1419,4
DA:1420,4
DA:1426,1
DA:1427,126
DA:1429,126
DA:1430,0
DA:1433,126
DA:1435,126
DA:1437,126
DA:1439,126
DA:1441,126
DA:1442,126
DA:1444,126
DA:1449,1
DA:1451,126
DA:1452,126
DA:1457,0
DA:1458,0
DA:1462,1
DA:1466,0
DA:1468,0
DA:1471,0
DA:1472,0
DA:1473,0
DA:1474,0
DA:1475,0
DA:1477,0
DA:1480,0
DA:1484,1
DA:1486,126
DA:1487,126
DA:1491,1
DA:1492,1
DA:1493,1
DA:1517,1
DA:1520,1
DA:1521,1
DA:1522,1
DA:1523,1
DA:1524,1
DA:1564,1
DA:1568,6
DA:1569,6
DA:1570,0
DA:1572,6
DA:1573,0
DA:1576,6
DA:1577,0
DA:1580,6
DA:1581,0
DA:1584,6
DA:1585,0
DA:1588,6
DA:1590,6
DA:1594,6
DA:1597,6
DA:1600,6
DA:1602,6
DA:1604,6
DA:1607,6
DA:1608,6
DA:1610,6
DA:1612,6
DA:1614,0
DA:1616,6
DA:1620,1
DA:1624,6
DA:1625,0
DA:1627,6
DA:1628,6
DA:1629,100
DA:1631,6
DA:1632,6
DA:1633,0
DA:1635,6
DA:1640,1
DA:1641,100
DA:1642,100
DA:1643,100
DA:1644,100
DA:1645,100
DA:1647,100
DA:1651,1
DA:1652,6
DA:1653,48
DA:1654,0
DA:1659,1
DA:1664,1
DA:1665,6
DA:1666,6
DA:1667,0
DA:1669,6
DA:1672,1
DA:1675,6
DA:1678,6
DA:1679,0
DA:1682,6
DA:1683,6
DA:1685,0
DA:1689,1
DA:1692,6
DA:1694,0
DA:1696,0
DA:1697,0
DA:1698,0
DA:1700,0
DA:1701,0
DA:1709,0
DA:1710,0
DA:1711,0
DA:1712,0
DA:1713,0
DA:1716,0
DA:1722,1
DA:1729,122
DA:1734,1
DA:1736,1
DA:1737,205
DA:1738,199
DA:1742,1
DA:1743,6
DA:1746,1
DA:1747,6
DA:1748,122
DA:1752,1
DA:1753,1
DA:1756,1
DA:1757,1
DA:1759,0
DA:1763,1
DA:1766,132
DA:1767,132
DA:1768,122
DA:1769,122
DA:1772,0
DA:1773,0
DA:1776,10
DA:1777,10
DA:1778,0
DA:1779,0
DA:1780,0
DA:1782,10
DA:1784,10
DA:1785,0
DA:1787,10
DA:1790,1
DA:1792,4
DA:1794,4
DA:1796,4
DA:1800,1
DA:1801,1
DA:1803,1
DA:1807,1
DA:1808,1
DA:1809,0
DA:1810,0
DA:1811,0
DA:1815,0
DA:1816,0
DA:1818,0
DA:1820,0
DA:1823,1
DA:1824,0
DA:1829,1
DA:1830,1
DA:1831,1
DA:1832,1
DA:1833,1
DA:1834,1
DA:1835,1
DA:1836,1
DA:1839,1
DA:1852,1
DA:1855,1
DA:1856,1
DA:1858,1
DA:1862,1
DA:1864,0
DA:1867,0
DA:1868,0
DA:1869,0
DA:1870,0
DA:1871,0
DA:1872,0
DA:1874,0
DA:1875,0
DA:1883,1
DA:1887,1
DA:1891,1
DA:1892,1
DA:1893,0
DA:1894,0
DA:1896,1
DA:1897,258
DA:1903,1
DA:1905,1
DA:1907,1
DA:1908,1
DA:1909,0
DA:1915,1
DA:1919,1
DA:1921,1
DA:1922,1
DA:1923,1
DA:1926,1
DA:1934,1
DA:1935,0
DA:1936,0
DA:1937,0
DA:1938,0
DA:1939,0
DA:1941,0
DA:1947,1
DA:1948,0
DA:1951,1
DA:1953,0
DA:1957,1
DA:1959,1
DA:1966,1
DA:1985,1
DA:1987,1
DA:1993,1
DA:1994,1
DA:2005,1
DA:2006,1
DA:2007,1
DA:2009,1
DA:2011,1
DA:2013,0
DA:2019,0
DA:2024,1
DA:2025,1
DA:2039,1
DA:2045,1
DA:2046,1
DA:2048,1
DA:2049,1
DA:2054,1
DA:2055,1
DA:2056,1
DA:2057,2
DA:2062,1
DA:2063,2
DA:2064,1
DA:2065,1
DA:2067,1
DA:2068,1
DA:2071,1
DA:2072,1
DA:2073,1
DA:2077,1
DA:2078,0
DA:2082,1
DA:2083,1
DA:2084,1
DA:2085,1
DA:2086,1
DA:2087,1
DA:2090,1
DA:2091,0
DA:2092,0
DA:2093,0
DA:2095,1
DA:2096,0
DA:2097,0
DA:2098,0
DA:2100,0
DA:2101,0
DA:2105,1
DA:2115,1
DA:2116,0
DA:2132,1
DA:2133,0
DA:2134,0
DA:2135,0
DA:2136,0
DA:2141,1
DA:2142,0
DA:2143,0
DA:2144,0
DA:2149,1
DA:2150,0
DA:2153,1
DA:2154,0
DA:2155,0
DA:2156,0
DA:2158,0
DA:2159,0
DA:2165,0
DA:2166,0
DA:2167,0
DA:2168,0
DA:2169,0
DA:2180,1
DA:2181,1
DA:2182,1
DA:2183,1
DA:2184,1
DA:2185,1
DA:2189,1
DA:2190,1
DA:2191,1
DA:2192,1
DA:2193,1
DA:2206,1
DA:2209,1
DA:2210,1
DA:2211,7
DA:2214,1
DA:2215,1
DA:2216,7
DA:2221,1
DA:2222,1
DA:2236,1
DA:2238,1
DA:2239,1
DA:2243,1
DA:2246,0
DA:2247,0
DA:2248,0
DA:2249,0
DA:2253,0
DA:2254,0
DA:2255,0
DA:2259,0
DA:2260,0
DA:2261,0
DA:2262,0
DA:2263,0
DA:2270,1
DA:2283,1
DA:2288,1
DA:2292,0
DA:2298,0
DA:2299,0
DA:2300,0
DA:2302,0
DA:2303,0
DA:2304,0
DA:2307,0
DA:2308,0
DA:2309,0
DA:2310,0
DA:2314,0
DA:2318,0
DA:2319,0
DA:2323,0
DA:2329,1
DA:2342,1
DA:2345,1
DA:2346,1
DA:2353,1
DA:2354,1
DA:2355,1
DA:2356,1
DA:2357,1
DA:2358,1
DA:2361,1
DA:2365,1
DA:2367,1
DA:2368,0
DA:2371,1
DA:2376,0
DA:2378,0
DA:2380,0
DA:2384,0
DA:2388,0
DA:2390,0
DA:2392,0
DA:2397,0
DA:2399,0
DA:2401,0
DA:2403,0
DA:2404,0
DA:2405,0
DA:2407,0
DA:2409,0
DA:2412,0
DA:2414,0
DA:2418,0
DA:2419,0
DA:2420,0
DA:2421,0
DA:2423,0
DA:2425,0
DA:2426,0
DA:2427,0
DA:2428,0
DA:2429,0
DA:2431,0
DA:2433,0
DA:2434,0
DA:2437,0
DA:2438,0
DA:2440,0
DA:2445,0
DA:2446,0
DA:2447,0
DA:2450,0
DA:2451,0
DA:2453,0
DA:2457,0
DA:2458,0
DA:2462,1
DA:2463,1
DA:2470,1
DA:2483,1
DA:2488,1
DA:2489,1
DA:2490,1
DA:2493,1
DA:2497,16
DA:2498,24
DA:2499,16
DA:2505,20
DA:2506,20
DA:2508,20
DA:2509,20
DA:2510,4
DA:2516,1
DA:2522,1
DA:2535,1
DA:2538,1
DA:2539,1
DA:2540,1
DA:2541,1
DA:2542,1
DA:2543,1
DA:2552,1
DA:2576,2
DA:2577,2
DA:2578,0
DA:2583,0
DA:2584,0
DA:2585,0
DA:2587,0
DA:2588,0
DA:2589,0
DA:2590,0
DA:2596,0
DA:2597,0
DA:2598,0
DA:2611,0
DA:2612,0
DA:2616,0
DA:2617,0
DA:2618,0
DA:2619,0
DA:2620,0
DA:2622,0
DA:2623,0
DA:2627,0
DA:2628,0
DA:2629,0
DA:2637,0
DA:2638,0
DA:2640,0
DA:2641,0
DA:2643,0
DA:2645,0
DA:2646,0
DA:2648,0
DA:2652,0
DA:2653,0
DA:2654,0
DA:2655,0
DA:2656,0
DA:2657,0
DA:2661,0
DA:2665,0
DA:2666,0
DA:2669,0
DA:2670,0
DA:2676,0
DA:2677,0
DA:2678,0
DA:2679,0
DA:2683,0
DA:2684,0
DA:2688,0
DA:2689,0
DA:2690,0
DA:2692,0
DA:2696,0
DA:2697,0
DA:2702,0
DA:2703,0
DA:2704,0
DA:2705,0
DA:2707,0
DA:2708,0
DA:2710,0
DA:2711,0
DA:2715,0
DA:2716,0
DA:2718,0
DA:2719,0
DA:2721,0
DA:2722,0
DA:2723,0
DA:2724,0
DA:2726,0
DA:2727,0
DA:2729,0
DA:2734,0
DA:2735,0
DA:2745,0
DA:2746,0
DA:2747,0
DA:2750,0
DA:2751,0
DA:2752,0
DA:2753,0
DA:2755,0
DA:2763,2
DA:2764,2
DA:2771,2
DA:2772,2
DA:2773,2
DA:2774,2
DA:2775,0
DA:2776,0
DA:2777,0
DA:2779,0
DA:2785,2
DA:2790,2
DA:2795,22
DA:2796,22
DA:2801,20
DA:2805,0
DA:2809,0
DA:2810,0
DA:2812,0
DA:2817,1
DA:2818,0
DA:2821,1
DA:2822,0
DA:2823,0
DA:2826,1
DA:2827,0
DA:2831,1
DA:2832,0
DA:2833,0
DA:2834,0
DA:2835,0
DA:2836,0
DA:2837,0
DA:2844,1
DA:2845,0
DA:2846,0
DA:2847,0
DA:2848,0
DA:2852,1
DA:2853,1
DA:2866,1
DA:2869,1
DA:2870,1
DA:2871,1
DA:2872,1
DA:2873,1
DA:2874,1
DA:2875,1
DA:2884,1
DA:2897,0
DA:2902,1
DA:2904,1
DA:2909,1
DA:2914,21
DA:2915,21
DA:2920,0
DA:2924,0
DA:2925,0
DA:2926,0
DA:2927,0
DA:2929,0
DA:2931,0
DA:2932,0
DA:2933,0
DA:2936,0
DA:2939,0
DA:2943,0
DA:2945,0
DA:2949,1
DA:2951,1
DA:2952,1
DA:2956,1
DA:2962,1
DA:2968,1
DA:2970,1
DA:2971,0
DA:2974,1
DA:2975,0
DA:2978,1
DA:2980,0
DA:2982,0
DA:2984,0
DA:2985,0
DA:2987,0
DA:2989,0
DA:2992,0
DA:2993,0
DA:2995,0
DA:2996,0
DA:2998,0
DA:3001,0
DA:3002,0
DA:3004,0
DA:3008,1
DA:3009,0
DA:3011,0
DA:3012,0
DA:3017,0
DA:3018,0
DA:3022,1
DA:3023,1
DA:3036,1
DA:3039,1
DA:3040,1
DA:3048,1
DA:3051,20
DA:3052,20
DA:3053,20
DA:3054,20
DA:3055,20
DA:3059,20
DA:3060,20
DA:3061,0
DA:3063,20
DA:3064,0
DA:3070,20
DA:3075,20
DA:3082,1
DA:3085,1
DA:3102,1
DA:3105,1
DA:3106,1
DA:3117,1
DA:3118,0
DA:3123,1
DA:3124,0
DA:3125,0
DA:3126,0
DA:3127,0
DA:3128,0
DA:3130,0
DA:3137,1
DA:3140,1
DA:3145,1
DA:3146,1
DA:3152,1
DA:3154,0
DA:3156,1
DA:3163,1
DA:3167,1
DA:3176,0
DA:3183,0
DA:3196,1
DA:3202,1
DA:3212,1
DA:3213,1
DA:3214,1
DA:3215,1
DA:3216,1
DA:3218,0
DA:3230,1
DA:3233,1
DA:3234,301
DA:3235,301
DA:3238,1
DA:3239,168
DA:3240,168
DA:3242,1
DA:3243,72
DA:3244,72
DA:3245,72
DA:3247,1
DA:3248,12
DA:3249,12
DA:3250,12
DA:3257,1
DA:3258,1
DA:3259,7
DA:3266,1
DA:3267,1
DA:3268,0
DA:3271,1
DA:3272,0
DA:3273,0
DA:3274,0
DA:3275,0
DA:3276,0
DA:3278,0
DA:3279,0
DA:3280,0
DA:3281,0
DA:3290,1
DA:3294,1
DA:3295,132
DA:3296,132
DA:3297,114
DA:3298,132
DA:3301,1
DA:3302,0
DA:3303,0
DA:3304,0
DA:3306,0
DA:3307,0
DA:3308,0
DA:3312,1
DA:3313,1
DA:3314,0
DA:3315,0
DA:3316,0
DA:3317,0
DA:3318,0
DA:3322,0
DA:3323,0
DA:3328,1
DA:3329,6
DA:3330,0
DA:3331,0
DA:3332,0
DA:3334,0
DA:3336,0
DA:3338,0
DA:3339,0
DA:3340,0
DA:3342,0
DA:3343,0
DA:3348,6
DA:3353,1
DA:3354,0
DA:3355,0
DA:3356,0
DA:3357,0
DA:3358,0
DA:3359,0
DA:3360,0
DA:3361,0
DA:3364,0
DA:3367,1
DA:3368,0
DA:3369,0
DA:3371,0
DA:3372,0
DA:3373,0
DA:3375,0
DA:3378,1
DA:3379,0
DA:3380,0
DA:3387,1
DA:3388,37
DA:3389,1
DA:3390,0
DA:3391,0
DA:3392,0
DA:3394,0
DA:3399,1
DA:3400,100
DA:3403,1
DA:3404,0
DA:3405,0
DA:3407,0
DA:3411,1
DA:3412,7
DA:3413,0
DA:3417,1
DA:3418,42
DA:3419,42
DA:3420,30
DA:3421,30
DA:3423,12
DA:3424,12
DA:3425,12
DA:3426,0
DA:3427,0
DA:3428,0
DA:3429,0
DA:3430,0
DA:3431,0
DA:3433,7
DA:3434,7
DA:3437,12
DA:3439,0
DA:3442,1
DA:3443,30
DA:3444,30
DA:3448,30
DA:3449,0
DA:3450,0
DA:3451,0
DA:3454,42
DA:3456,30
DA:3457,0
DA:3458,0
DA:3459,0
DA:3460,0
DA:3463,0
DA:3464,0
DA:3465,0
DA:3466,0
DA:3467,0
DA:3468,0
DA:3473,1
DA:3474,1
DA:3475,0
DA:3480,1
DA:3493,22
DA:3499,6
DA:3500,6
DA:3501,6
DA:3503,0
DA:3505,6
DA:3507,6
DA:3508,6
DA:3509,6
DA:3511,6
DA:3512,24
DA:3513,12
DA:3514,30
DA:3516,6
DA:3517,6
DA:3518,6
DA:3519,6
DA:3522,126
DA:3523,126
DA:3524,126
DA:3525,126
DA:3526,126
DA:3527,126
DA:3528,0
DA:3530,0
DA:3531,0
DA:3534,126
DA:3535,0
DA:3537,126
DA:3541,6
DA:3543,6
DA:3544,6
DA:3545,8
DA:3546,8
DA:3549,6
DA:3550,6
DA:3551,7
DA:3552,7
DA:3553,7
DA:3554,7
DA:3555,7
DA:3558,6
DA:3560,6
DA:3564,100
DA:3565,100
DA:3566,100
DA:3567,0
DA:3569,100
DA:3570,100
DA:3571,0
DA:3572,0
DA:3577,6
DA:3581,0
DA:3582,0
DA:3583,0
DA:3584,0
DA:3585,0
DA:3586,0
DA:3591,6
DA:3597,6
DA:3600,6
DA:3601,0
DA:3603,6
DA:3604,6
DA:3637,0
DA:3638,0
DA:3658,0
DA:3659,0
DA:3661,0
DA:3662,0
DA:3663,0
DA:3665,0
DA:3666,0
DA:3667,0
DA:3671,0
DA:3673,0
DA:3675,0
DA:3676,0
DA:3677,0
DA:3678,0
DA:3679,0
DA:3680,0
DA:3681,0
DA:3695,0
DA:3696,0
DA:3697,0
DA:3698,0
DA:3700,0
DA:3701,0
DA:3703,0
DA:3705,0
DA:3706,0
DA:3708,0
DA:3709,0
DA:3710,0
DA:3712,0
DA:3723,0
DA:3724,0
DA:3725,0
DA:3726,0
DA:3733,0
DA:3745,0
DA:3746,0
DA:3748,0
DA:3749,0
DA:3757,24
DA:3758,24
DA:3759,30
DA:3760,132
DA:3762,24
DA:3770,0
DA:3778,0
DA:3779,0
DA:3780,0
DA:3781,0
DA:3782,0
DA:3783,0
DA:3788,1
DA:3790,0
DA:3791,1
DA:3795,1
DA:3798,1
DA:3802,0
DA:3803,0
DA:3807,0
DA:3811,0
DA:3812,0
DA:3816,0
DA:3820,0
DA:3824,0
DA:3825,0
DA:3826,0
DA:3828,0
DA:3829,0
DA:3833,0
DA:3834,0
DA:3835,0
DA:3837,0
DA:3841,0
DA:3848,0
DA:3852,0
DA:3853,0
DA:3854,0
DA:3856,0
DA:3857,0
DA:3858,0
DA:3859,0
DA:3860,0
DA:3862,0
DA:3869,0
DA:3870,0
DA:3871,0
DA:3875,0
DA:3876,0
DA:3878,0
DA:3886,0
DA:3890,0
DA:3891,0
DA:3897,78
DA:3899,78
DA:3900,0
DA:3902,0
DA:3903,0
DA:3904,0
DA:3906,0
DA:3908,0
DA:3909,0
DA:3910,0
DA:3912,0
DA:3913,0
DA:3914,0
DA:3915,0
DA:3916,0
DA:3917,0
DA:3918,0
DA:3919,0
DA:3920,0
DA:3921,0
DA:3922,0
DA:3923,0
DA:3924,0
DA:3925,0
DA:3926,0
DA:3927,0
DA:3929,0
DA:3930,0
DA:3931,0
DA:3935,78
DA:3936,0
DA:3938,78
DA:3942,0
DA:3943,0
DA:3950,0
DA:3964,0
DA:3965,0
DA:3966,0
DA:3967,0
DA:3968,0
DA:3969,0
DA:3971,0
DA:3972,0
DA:3973,0
DA:3974,0
DA:3975,0
DA:3976,0
DA:3977,0
DA:3978,0
DA:3979,0
DA:3980,0
DA:3983,0
DA:3984,0
DA:3986,0
DA:3989,0
DA:3990,0
DA:3995,0
DA:3997,0
DA:3998,0
DA:4000,0
DA:4001,0
DA:4002,0
DA:4003,0
DA:4004,0
DA:4009,0
DA:4010,0
DA:4012,0
DA:4016,0
DA:4017,0
DA:4018,0
DA:4020,0
DA:4021,0
DA:4023,0
DA:4024,0
DA:4025,0
DA:4029,126
DA:4030,126
DA:4031,0
DA:4033,126
DA:4037,0
DA:4038,0
DA:4039,0
DA:4040,0
DA:4041,0
DA:4043,0
DA:4047,0
DA:4051,1
DA:4053,1
DA:4054,1
DA:4055,1
DA:4057,1
DA:4058,1
DA:4059,1
DA:4062,0
DA:4063,0
DA:4064,0
DA:4067,1
DA:4069,1
DA:4077,0
DA:4078,0
DA:4079,0
DA:4080,0
DA:4081,0
DA:4083,0
DA:4090,0
DA:4091,0
DA:4092,0
DA:4093,0
DA:4094,0
DA:4099,0
DA:4103,0
DA:4104,0
DA:4105,0
DA:4108,0
DA:4116,1
DA:4119,1
DA:4120,0
DA:4121,0
DA:4124,1
DA:4125,0
DA:4126,0
DA:4129,1
DA:4130,0
DA:4131,0
DA:4134,1
DA:4138,0
DA:4146,0
DA:4155,0
DA:4160,1
DA:4161,3
DA:4162,3
DA:4168,1
DA:4169,0
DA:4170,0
DA:4171,0
DA:4173,0
DA:4174,0
DA:4175,0
DA:4176,0
DA:4177,0
DA:4180,0
DA:4181,0
DA:4182,0
DA:4186,1
DA:4187,0
DA:4188,0
DA:4190,0
DA:4191,0
DA:4192,0
DA:4193,0
DA:4195,0
DA:4199,1
DA:4200,0
DA:4202,0
DA:4207,0
DA:4210,1
DA:4219,0
DA:4220,0
DA:4222,0
DA:4223,0
DA:4224,0
DA:4226,0
DA:4227,0
DA:4230,0
DA:4231,0
DA:4234,0
DA:4235,0
DA:4236,0
DA:4238,0
DA:4240,0
DA:4241,0
DA:4246,1
DA:4247,1
DA:4249,1
DA:4250,1
LF:1733
LH:929
BRDA:13,1,0,1
BRDA:13,1,1,0
BRDA:17,2,0,1
BRDA:17,2,1,0
BRDA:20,3,0,0
BRDA:20,3,1,1
BRDA:20,4,0,1
BRDA:20,4,1,0
BRDA:33,5,0,1
BRDA:33,5,1,0
BRDA:43,6,0,1
BRDA:43,6,1,1
BRDA:43,6,2,1
BRDA:43,6,3,0
BRDA:43,6,4,0
BRDA:43,6,5,0
BRDA:43,6,6,0
BRDA:50,7,0,0
BRDA:50,7,1,0
BRDA:54,8,0,1
BRDA:54,8,1,0
BRDA:66,9,0,0
BRDA:66,9,1,1
BRDA:83,10,0,1
BRDA:83,10,1,0
BRDA:85,11,0,1
BRDA:85,11,1,0
BRDA:98,12,0,0
BRDA:98,12,1,0
BRDA:117,13,0,1
BRDA:117,13,1,0
BRDA:139,14,0,0
BRDA:139,14,1,1
BRDA:150,15,0,115
BRDA:150,15,1,0
BRDA:157,16,0,115
BRDA:157,16,1,115
BRDA:158,17,0,115
BRDA:158,17,1,23
BRDA:160,18,0,114
BRDA:160,18,1,1
BRDA:185,19,0,1
BRDA:185,19,1,0
BRDA:196,20,0,5
BRDA:196,20,1,4
BRDA:199,21,0,4
BRDA:199,21,1,4
BRDA:203,22,0,1
BRDA:203,22,1,0
BRDA:215,23,0,1
BRDA:215,23,1,0
BRDA:222,24,0,1
BRDA:222,24,1,0
BRDA:229,25,0,1
BRDA:229,25,1,0
BRDA:229,26,0,1
BRDA:229,26,1,1
BRDA:240,27,0,0
BRDA:240,27,1,0
BRDA:243,28,0,0
BRDA:243,28,1,0
BRDA:261,29,0,0
BRDA:261,29,1,0
BRDA:269,30,0,0
BRDA:269,30,1,0
BRDA:273,31,0,0
BRDA:273,31,1,0
BRDA:283,32,0,0
BRDA:283,32,1,0
BRDA:294,33,0,0
BRDA:294,33,1,0
BRDA:320,34,0,1
BRDA:320,34,1,0
BRDA:332,35,0,0
BRDA:332,35,1,10
BRDA:332,36,0,10
BRDA:332,36,1,0
BRDA:340,37,0,86
BRDA:340,37,1,74
BRDA:340,38,0,160
BRDA:340,38,1,86
BRDA:345,39,0,0
BRDA:345,39,1,0
BRDA:345,40,0,0
BRDA:345,40,1,0
BRDA:351,41,0,0
BRDA:351,41,1,0
BRDA:382,42,0,0
BRDA:382,42,1,1
BRDA:392,43,0,1
BRDA:392,43,1,0
BRDA:401,44,0,0
BRDA:401,44,1,0
BRDA:427,45,0,17
BRDA:427,45,1,18
BRDA:434,46,0,10
BRDA:434,46,1,0
BRDA:434,46,2,10
BRDA:460,47,0,33
BRDA:460,47,1,0
BRDA:467,48,0,16
BRDA:467,48,1,16
BRDA:474,49,0,0
BRDA:474,49,1,33
BRDA:477,50,0,33
BRDA:477,50,1,32
BRDA:499,51,0,29
BRDA:499,51,1,64
BRDA:505,52,0,1
BRDA:505,52,1,55
BRDA:505,53,0,56
BRDA:505,53,1,55
BRDA:509,54,0,51
BRDA:509,54,1,4
BRDA:535,55,0,0
BRDA:535,55,1,10
BRDA:535,56,0,10
BRDA:535,56,1,0
BRDA:535,56,2,0
BRDA:535,56,3,10
BRDA:535,56,4,0
BRDA:535,56,5,10
BRDA:535,56,6,8
BRDA:535,56,7,8
BRDA:535,56,8,10
BRDA:535,56,9,0
BRDA:551,57,0,9
BRDA:551,57,1,1
BRDA:560,58,0,0
BRDA:560,58,1,1
BRDA:573,59,0,10
BRDA:573,59,1,0
BRDA:587,60,0,7
BRDA:587,60,1,0
BRDA:654,61,0,0
BRDA:654,61,1,0
BRDA:671,62,0,0
BRDA:671,62,1,0
BRDA:683,63,0,0
BRDA:683,63,1,16
BRDA:688,64,0,0
BRDA:688,64,1,16
BRDA:688,65,0,16
BRDA:688,65,1,0
BRDA:717,66,0,16
BRDA:717,66,1,35
BRDA:720,67,0,0
BRDA:720,67,1,16
BRDA:737,68,0,8
BRDA:737,68,1,11
BRDA:740,69,0,8
BRDA:740,69,1,11
BRDA:743,70,0,19
BRDA:743,70,1,0
BRDA:746,71,0,19
BRDA:746,71,1,0
BRDA:746,72,0,19
BRDA:746,72,1,0
BRDA:756,73,0,7
BRDA:756,73,1,8
BRDA:759,74,0,7
BRDA:759,74,1,8
BRDA:762,75,0,15
BRDA:762,75,1,0
BRDA:765,76,0,15
BRDA:765,76,1,0
BRDA:765,77,0,15
BRDA:765,77,1,0
BRDA:777,78,0,0
BRDA:777,78,1,9
BRDA:783,79,0,1
BRDA:783,79,1,8
BRDA:801,80,0,8
BRDA:801,80,1,7
BRDA:817,81,0,2
BRDA:817,81,1,0
BRDA:817,81,2,9
BRDA:817,81,3,25
BRDA:832,82,0,1
BRDA:832,82,1,1
BRDA:836,83,0,4
BRDA:836,83,1,1
BRDA:840,84,0,0
BRDA:840,84,1,1
BRDA:840,85,0,1
BRDA:840,85,1,1
BRDA:840,85,2,1
BRDA:840,85,3,0
BRDA:846,86,0,0
BRDA:846,86,1,1
BRDA:868,87,0,0
BRDA:868,87,1,0
BRDA:872,88,0,0
BRDA:872,88,1,0
BRDA:888,89,0,16
BRDA:888,89,1,9
BRDA:908,90,0,0
BRDA:908,90,1,50
BRDA:923,91,0,1
BRDA:923,91,1,0
BRDA:940,92,0,1
BRDA:940,92,1,1
BRDA:966,93,0,1
BRDA:966,93,1,1
BRDA:966,93,2,0
BRDA:966,93,3,0
BRDA:966,93,4,0
BRDA:985,94,0,0
BRDA:985,94,1,1
BRDA:992,95,0,0
BRDA:992,95,1,58
BRDA:1007,96,0,197
BRDA:1007,96,1,28
BRDA:1009,97,0,207
BRDA:1009,97,1,11
BRDA:1014,98,0,58
BRDA:1014,98,1,0
BRDA:1045,99,0,0
BRDA:1045,99,1,1
BRDA:1050,100,0,1
BRDA:1050,100,1,0
BRDA:1051,101,0,0
BRDA:1051,101,1,0
BRDA:1095,102,0,33
BRDA:1095,102,1,33
BRDA:1100,103,0,0
BRDA:1100,103,1,82
BRDA:1110,104,0,0
BRDA:1110,104,1,49
BRDA:1119,105,0,0
BRDA:1119,105,1,126
BRDA:1132,106,0,1
BRDA:1132,106,1,1
BRDA:1140,107,0,18
BRDA:1140,107,1,207
BRDA:1149,108,0,217
BRDA:1149,108,1,199
BRDA:1156,109,0,208
BRDA:1156,109,1,0
BRDA:1169,110,0,132
BRDA:1169,110,1,50
BRDA:1169,111,0,182
BRDA:1169,111,1,132
BRDA:1169,111,2,0
BRDA:1173,112,0,8
BRDA:1173,112,1,124
BRDA:1173,113,0,132
BRDA:1173,113,1,122
BRDA:1175,114,0,8
BRDA:1175,114,1,0
BRDA:1196,115,0,17
BRDA:1196,115,1,0
BRDA:1209,116,0,7
BRDA:1209,116,1,10
BRDA:1209,117,0,17
BRDA:1209,117,1,7
BRDA:1209,117,2,0
BRDA:1213,118,0,7
BRDA:1213,118,1,0
BRDA:1213,119,0,7
BRDA:1213,119,1,7
BRDA:1215,120,0,7
BRDA:1215,120,1,0
BRDA:1227,121,0,8
BRDA:1227,121,1,271
BRDA:1230,122,0,271
BRDA:1230,122,1,247
BRDA:1236,123,0,0
BRDA:1236,123,1,0
BRDA:1236,124,0,0
BRDA:1236,124,1,0
BRDA:1237,125,0,0
BRDA:1237,125,1,0
BRDA:1265,126,0,0
BRDA:1265,126,1,16
BRDA:1267,127,0,0
BRDA:1267,127,1,0
BRDA:1267,128,0,0
BRDA:1267,128,1,0
BRDA:1267,128,2,0
BRDA:1268,129,0,0
BRDA:1268,129,1,0
BRDA:1270,130,0,0
BRDA:1270,130,1,0
BRDA:1270,130,2,0
BRDA:1273,131,0,0
BRDA:1273,131,1,0
BRDA:1273,131,2,0
BRDA:1273,131,3,0
BRDA:1273,131,4,0
BRDA:1273,131,5,0
BRDA:1277,132,0,0
BRDA:1277,132,1,0
BRDA:1281,133,0,24
BRDA:1281,133,1,0
BRDA:1283,134,0,0
BRDA:1283,134,1,16
BRDA:1289,135,0,0
BRDA:1289,135,1,8
BRDA:1296,136,0,16
BRDA:1296,136,1,0
BRDA:1308,137,0,0
BRDA:1308,137,1,0
BRDA:1316,138,0,0
BRDA:1316,138,1,0
BRDA:1327,139,0,0
BRDA:1327,139,1,1
BRDA:1340,140,0,1
BRDA:1340,140,1,0
BRDA:1343,141,0,1
BRDA:1343,141,1,0
BRDA:1359,142,0,0
BRDA:1359,142,1,1
BRDA:1413,143,0,61
BRDA:1413,143,1,29
BRDA:1413,144,0,90
BRDA:1413,144,1,62
BRDA:1415,145,0,61
BRDA:1415,145,1,61
BRDA:1416,146,0,4
BRDA:1416,146,1,57
BRDA:1417,147,0,0
BRDA:1417,147,1,4
BRDA:1417,148,0,4
BRDA:1417,148,1,0
BRDA:1419,149,0,4
BRDA:1419,149,1,0
BRDA:1419,150,0,4
BRDA:1419,150,1,4
BRDA:1427,151,0,126
BRDA:1427,151,1,0
BRDA:1429,152,0,0
BRDA:1429,152,1,126
BRDA:1442,153,0,126
BRDA:1442,153,1,0
BRDA:1451,154,0,126
BRDA:1451,154,1,0
BRDA:1471,155,0,0
BRDA:1471,155,1,0
BRDA:1474,156,0,0
BRDA:1474,156,1,0
BRDA:1486,157,0,126
BRDA:1486,157,1,0
BRDA:1568,158,0,6
BRDA:1568,158,1,0
BRDA:1569,159,0,0
BRDA:1569,159,1,6
BRDA:1572,160,0,0
BRDA:1572,160,1,6
BRDA:1576,161,0,0
BRDA:1576,161,1,6
BRDA:1580,162,0,0
BRDA:1580,162,1,6
BRDA:1584,163,0,0
BRDA:1584,163,1,6
BRDA:1590,164,0,6
BRDA:1590,164,1,6
BRDA:1612,165,0,0
BRDA:1612,165,1,6
BRDA:1624,166,0,0
BRDA:1624,166,1,6
BRDA:1645,167,0,100
BRDA:1645,167,1,0
BRDA:1645,168,0,100
BRDA:1645,168,1,100
BRDA:1653,169,0,0
BRDA:1653,169,1,48
BRDA:1666,170,0,0
BRDA:1666,170,1,6
BRDA:1679,171,0,0
BRDA:1679,171,1,0
BRDA:1682,172,0,6
BRDA:1682,172,1,6
BRDA:1683,173,0,0
BRDA:1683,173,1,6
BRDA:1692,174,0,0
BRDA:1692,174,1,6
BRDA:1696,175,0,0
BRDA:1696,175,1,0
BRDA:1700,176,0,0
BRDA:1700,176,1,0
BRDA:1710,177,0,0
BRDA:1710,177,1,0
BRDA:1737,178,0,199
BRDA:1737,178,1,6
BRDA:1756,179,0,1
BRDA:1756,179,1,0
BRDA:1766,180,0,132
BRDA:1766,180,1,132
BRDA:1767,181,0,122
BRDA:1767,181,1,10
BRDA:1768,182,0,122
BRDA:1768,182,1,0
BRDA:1768,183,0,122
BRDA:1768,183,1,122
BRDA:1772,184,0,0
BRDA:1772,184,1,0
BRDA:1772,185,0,0
BRDA:1772,185,1,0
BRDA:1777,186,0,0
BRDA:1777,186,1,10
BRDA:1784,187,0,0
BRDA:1784,187,1,10
BRDA:1808,188,0,0
BRDA:1808,188,1,1
BRDA:1808,189,0,1
BRDA:1808,189,1,0
BRDA:1815,190,0,0
BRDA:1815,190,1,0
BRDA:1862,191,0,0
BRDA:1862,191,1,1
BRDA:1891,192,0,1
BRDA:1891,192,1,0
BRDA:1892,193,0,0
BRDA:1892,193,1,1
BRDA:1907,194,0,1
BRDA:1907,194,1,0
BRDA:1922,195,0,1
BRDA:1922,195,1,0
BRDA:1934,196,0,0
BRDA:1934,196,1,1
BRDA:1934,197,0,1
BRDA:1934,197,1,0
BRDA:1936,198,0,0
BRDA:1936,198,1,0
BRDA:1947,199,0,0
BRDA:1947,199,1,1
BRDA:1947,200,0,1
BRDA:1947,200,1,1
BRDA:1951,201,0,0
BRDA:1951,201,1,1
BRDA:1951,202,0,1
BRDA:1951,202,1,0
BRDA:1951,202,2,0
BRDA:1951,202,3,0
BRDA:1957,203,0,0
BRDA:1957,203,1,1
BRDA:1957,204,0,1
BRDA:1957,204,1,0
BRDA:1985,205,0,1
BRDA:1985,205,1,1
BRDA:2007,206,0,0
BRDA:2007,206,1,1
BRDA:2013,207,0,0
BRDA:2013,207,1,0
BRDA:2013,207,2,0
BRDA:2017,208,0,0
BRDA:2017,208,1,0
BRDA:2046,209,0,1
BRDA:2046,209,1,1
BRDA:2054,210,0,0
BRDA:2054,210,1,1
BRDA:2057,211,0,2
BRDA:2057,211,1,2
BRDA:2063,212,0,1
BRDA:2063,212,1,1
BRDA:2065,213,0,1
BRDA:2065,213,1,0
BRDA:2065,214,0,1
BRDA:2065,214,1,1
BRDA:2072,215,0,1
BRDA:2072,215,1,0
BRDA:2086,216,0,1
BRDA:2086,216,1,0
BRDA:2086,217,0,1
BRDA:2086,217,1,1
BRDA:2095,218,0,0
BRDA:2095,218,1,1
BRDA:2096,219,0,0
BRDA:2096,219,1,0
BRDA:2097,220,0,0
BRDA:2097,220,1,0
BRDA:2116,221,0,0
BRDA:2116,221,1,0
BRDA:2116,222,0,0
BRDA:2116,222,1,0
BRDA:2116,222,2,0
BRDA:2132,223,0,0
BRDA:2132,223,1,1
BRDA:2134,224,0,0
BRDA:2134,224,1,0
BRDA:2135,225,0,0
BRDA:2135,225,1,0
BRDA:2142,226,0,0
BRDA:2142,226,1,0
BRDA:2143,227,0,0
BRDA:2143,227,1,0
BRDA:2150,228,0,0
BRDA:2150,228,1,0
BRDA:2155,229,0,0
BRDA:2155,229,1,0
BRDA:2166,230,0,0
BRDA:2166,230,1,0
BRDA:2168,231,0,0
BRDA:2168,231,1,0
BRDA:2292,232,0,0
BRDA:2292,232,1,0
BRDA:2292,232,2,0
BRDA:2292,232,3,0
BRDA:2299,233,0,0
BRDA:2299,233,1,0
BRDA:2299,234,0,0
BRDA:2299,234,1,0
BRDA:2304,235,0,0
BRDA:2304,235,1,0
BRDA:2309,236,0,0
BRDA:2309,236,1,0
BRDA:2310,237,0,0
BRDA:2310,237,1,0
BRDA:2314,238,0,0
BRDA:2314,238,1,0
BRDA:2315,239,0,0
BRDA:2315,239,1,0
BRDA:2367,240,0,1
BRDA:2367,240,1,0
BRDA:2384,241,0,0
BRDA:2384,241,1,0
BRDA:2390,242,0,0
BRDA:2390,242,1,0
BRDA:2397,243,0,0
BRDA:2397,243,1,0
BRDA:2404,244,0,0
BRDA:2404,244,1,0
BRDA:2418,245,0,0
BRDA:2418,245,1,0
BRDA:2419,246,0,0
BRDA:2419,246,1,0
BRDA:2423,247,0,0
BRDA:2423,247,1,0
BRDA:2428,248,0,0
BRDA:2428,248,1,0
BRDA:2447,249,0,0
BRDA:2447,249,1,0
BRDA:2462,250,0,1
BRDA:2462,250,1,0
BRDA:2497,251,0,40
BRDA:2497,251,1,24
BRDA:2498,252,0,16
BRDA:2498,252,1,8
BRDA:2498,253,0,24
BRDA:2498,253,1,24
BRDA:2505,254,0,20
BRDA:2505,254,1,0
BRDA:2508,255,0,40
BRDA:2508,255,1,20
BRDA:2509,256,0,4
BRDA:2509,256,1,16
BRDA:2509,257,0,20
BRDA:2509,257,1,20
BRDA:2577,258,0,0
BRDA:2577,258,1,2
BRDA:2583,259,0,0
BRDA:2583,259,1,0
BRDA:2584,260,0,0
BRDA:2584,260,1,0
BRDA:2588,261,0,0
BRDA:2588,261,1,0
BRDA:2597,262,0,0
BRDA:2597,262,1,0
BRDA:2611,263,0,0
BRDA:2611,263,1,0
BRDA:2618,264,0,0
BRDA:2618,264,1,0
BRDA:2623,265,0,0
BRDA:2623,265,1,0
BRDA:2628,266,0,0
BRDA:2628,266,1,0
BRDA:2637,267,0,0
BRDA:2637,267,1,0
BRDA:2640,268,0,0
BRDA:2640,268,1,0
BRDA:2645,269,0,0
BRDA:2645,269,1,0
BRDA:2645,270,0,0
BRDA:2645,270,1,0
BRDA:2652,271,0,0
BRDA:2652,271,1,0
BRDA:2656,272,0,0
BRDA:2656,272,1,0
BRDA:2665,273,0,0
BRDA:2665,273,1,0
BRDA:2696,274,0,0
BRDA:2696,274,1,0
BRDA:2704,275,0,0
BRDA:2704,275,1,0
BRDA:2715,276,0,0
BRDA:2715,276,1,0
BRDA:2715,277,0,0
BRDA:2715,277,1,0
BRDA:2718,278,0,0
BRDA:2718,278,1,0
BRDA:2721,279,0,0
BRDA:2721,279,1,0
BRDA:2724,280,0,0
BRDA:2724,280,1,0
BRDA:2726,281,0,0
BRDA:2726,281,1,0
BRDA:2727,282,0,0
BRDA:2727,282,1,0
BRDA:2729,283,0,0
BRDA:2729,283,1,0
BRDA:2734,284,0,0
BRDA:2734,284,1,0
BRDA:2747,285,0,0
BRDA:2747,285,1,0
BRDA:2764,286,0,2
BRDA:2764,286,1,2
BRDA:2764,286,2,2
BRDA:2771,287,0,2
BRDA:2771,287,1,0
BRDA:2771,288,0,2
BRDA:2771,288,1,2
BRDA:2774,289,0,2
BRDA:2774,289,1,0
BRDA:2775,290,0,0
BRDA:2775,290,1,0
BRDA:2776,291,0,0
BRDA:2776,291,1,0
BRDA:2777,292,0,0
BRDA:2777,292,1,0
BRDA:2795,293,0,22
BRDA:2795,293,1,2
BRDA:2796,294,0,22
BRDA:2796,294,1,0
BRDA:2809,295,0,0
BRDA:2809,295,1,0
BRDA:2809,296,0,0
BRDA:2809,296,1,0
BRDA:2818,297,0,0
BRDA:2818,297,1,0
BRDA:2833,298,0,0
BRDA:2833,298,1,0
BRDA:2835,299,0,0
BRDA:2835,299,1,0
BRDA:2914,300,0,21
BRDA:2914,300,1,1
BRDA:2915,301,0,21
BRDA:2915,301,1,0
BRDA:2920,302,0,0
BRDA:2920,302,1,0
BRDA:2926,303,0,0
BRDA:2926,303,1,0
BRDA:2929,304,0,0
BRDA:2929,304,1,0
BRDA:2931,305,0,0
BRDA:2931,305,1,0
BRDA:2931,306,0,0
BRDA:2931,306,1,0
BRDA:2932,307,0,0
BRDA:2932,307,1,0
BRDA:2975,308,0,0
BRDA:2975,308,1,0
BRDA:2987,309,0,0
BRDA:2987,309,1,0
BRDA:3001,310,0,0
BRDA:3001,310,1,0
BRDA:3001,311,0,0
BRDA:3001,311,1,0
BRDA:3008,312,0,0
BRDA:3008,312,1,1
BRDA:3012,313,0,0
BRDA:3012,313,1,0
BRDA:3052,314,0,40
BRDA:3052,314,1,20
BRDA:3053,315,0,20
BRDA:3053,315,1,0
BRDA:3060,316,0,0
BRDA:3060,316,1,20
BRDA:3063,317,0,0
BRDA:3063,317,1,20
BRDA:3063,318,0,20
BRDA:3063,318,1,0
BRDA:3070,319,0,20
BRDA:3070,319,1,20
BRDA:3075,320,0,20
BRDA:3075,320,1,20
BRDA:3085,321,0,1
BRDA:3085,321,1,0
BRDA:3085,321,2,0
BRDA:3085,321,3,0
BRDA:3085,321,4,0
BRDA:3117,322,0,0
BRDA:3117,322,1,1
BRDA:3123,323,0,0
BRDA:3123,323,1,1
BRDA:3123,324,0,1
BRDA:3123,324,1,0
BRDA:3125,325,0,0
BRDA:3125,325,1,0
BRDA:3152,326,0,0
BRDA:3152,326,1,1
BRDA:3152,327,0,1
BRDA:3152,327,1,1
BRDA:3152,327,2,0
BRDA:3183,328,0,0
BRDA:3183,328,1,0
BRDA:3197,329,0,1
BRDA:3197,329,1,0
BRDA:3197,329,2,0
BRDA:3203,330,0,0
BRDA:3203,330,1,1
BRDA:3206,331,0,0
BRDA:3206,331,1,1
BRDA:3209,332,0,1
BRDA:3209,332,1,1
BRDA:3210,333,0,1
BRDA:3210,333,1,0
BRDA:3235,334,0,301
BRDA:3235,334,1,5
BRDA:3239,335,0,168
BRDA:3239,335,1,54
BRDA:3240,336,0,84
BRDA:3240,336,1,84
BRDA:3259,337,0,7
BRDA:3259,337,1,0
BRDA:3268,338,0,0
BRDA:3268,338,1,0
BRDA:3268,339,0,0
BRDA:3268,339,1,0
BRDA:3276,340,0,0
BRDA:3276,340,1,0
BRDA:3278,341,0,0
BRDA:3278,341,1,0
BRDA:3296,342,0,18
BRDA:3296,342,1,114
BRDA:3296,343,0,132
BRDA:3296,343,1,84
BRDA:3303,344,0,0
BRDA:3303,344,1,0
BRDA:3304,345,0,0
BRDA:3304,345,1,0
BRDA:3306,346,0,0
BRDA:3306,346,1,0
BRDA:3307,347,0,0
BRDA:3307,347,1,0
BRDA:3314,348,0,0
BRDA:3314,348,1,0
BRDA:3318,349,0,0
BRDA:3318,349,1,0
BRDA:3334,350,0,0
BRDA:3334,350,1,0
BRDA:3336,351,0,0
BRDA:3336,351,1,0
BRDA:3336,351,2,0
BRDA:3339,352,0,0
BRDA:3339,352,1,0
BRDA:3355,353,0,0
BRDA:3355,353,1,0
BRDA:3356,354,0,0
BRDA:3356,354,1,0
BRDA:3357,355,0,0
BRDA:3357,355,1,0
BRDA:3360,356,0,0
BRDA:3360,356,1,0
BRDA:3364,357,0,0
BRDA:3364,357,1,0
BRDA:3368,358,0,0
BRDA:3368,358,1,0
BRDA:3371,359,0,0
BRDA:3371,359,1,0
BRDA:3371,360,0,0
BRDA:3371,360,1,0
BRDA:3379,361,0,0
BRDA:3379,361,1,0
BRDA:3392,362,0,0
BRDA:3392,362,1,0
BRDA:3400,363,0,0
BRDA:3400,363,1,100
BRDA:3400,364,0,100
BRDA:3400,364,1,0
BRDA:3404,365,0,0
BRDA:3404,365,1,0
BRDA:3404,366,0,0
BRDA:3404,366,1,0
BRDA:3404,366,2,0
BRDA:3405,367,0,0
BRDA:3405,367,1,0
BRDA:3405,368,0,0
BRDA:3405,368,1,0
BRDA:3412,369,0,0
BRDA:3412,369,1,7
BRDA:3419,370,0,30
BRDA:3419,370,1,12
BRDA:3423,371,0,12
BRDA:3423,371,1,0
BRDA:3425,372,0,0
BRDA:3425,372,1,12
BRDA:3426,373,0,0
BRDA:3426,373,1,0
BRDA:3426,374,0,0
BRDA:3426,374,1,0
BRDA:3427,375,0,0
BRDA:3427,375,1,0
BRDA:3427,376,0,0
BRDA:3427,376,1,0
BRDA:3432,377,0,12
BRDA:3432,377,1,0
BRDA:3437,378,0,0
BRDA:3437,378,1,12
BRDA:3448,379,0,0
BRDA:3448,379,1,30
BRDA:3449,380,0,0
BRDA:3449,380,1,0
BRDA:3449,381,0,0
BRDA:3449,381,1,0
BRDA:3456,382,0,0
BRDA:3456,382,1,30
BRDA:3457,383,0,0
BRDA:3457,383,1,0
BRDA:3458,384,0,0
BRDA:3458,384,1,0
BRDA:3463,385,0,0
BRDA:3463,385,1,0
BRDA:3464,386,0,0
BRDA:3464,386,1,0
BRDA:3464,387,0,0
BRDA:3464,387,1,0
BRDA:3465,388,0,0
BRDA:3465,388,1,0
BRDA:3465,389,0,0
BRDA:3465,389,1,0
BRDA:3493,390,0,14
BRDA:3493,390,1,8
BRDA:3500,391,0,6
BRDA:3500,391,1,0
BRDA:3505,392,0,6
BRDA:3505,392,1,0
BRDA:3516,393,0,0
BRDA:3516,393,1,6
BRDA:3517,394,0,0
BRDA:3517,394,1,6
BRDA:3518,395,0,6
BRDA:3518,395,1,0
BRDA:3523,396,0,0
BRDA:3523,396,1,126
BRDA:3523,397,0,126
BRDA:3523,397,1,0
BRDA:3524,398,0,0
BRDA:3524,398,1,126
BRDA:3526,399,0,126
BRDA:3526,399,1,0
BRDA:3530,400,0,0
BRDA:3530,400,1,0
BRDA:3530,401,0,0
BRDA:3530,401,1,0
BRDA:3531,402,0,0
BRDA:3531,402,1,0
BRDA:3543,403,0,6
BRDA:3543,403,1,0
BRDA:3543,404,0,6
BRDA:3543,404,1,0
BRDA:3545,405,0,8
BRDA:3545,405,1,0
BRDA:3546,406,0,8
BRDA:3546,406,1,0
BRDA:3549,407,0,6
BRDA:3549,407,1,0
BRDA:3558,408,0,6
BRDA:3558,408,1,0
BRDA:3566,409,0,0
BRDA:3566,409,1,100
BRDA:3567,410,0,0
BRDA:3567,410,1,0
BRDA:3567,411,0,0
BRDA:3567,411,1,0
BRDA:3570,412,0,0
BRDA:3570,412,1,100
BRDA:3571,413,0,0
BRDA:3571,413,1,0
BRDA:3571,414,0,0
BRDA:3571,414,1,0
BRDA:3584,415,0,0
BRDA:3584,415,1,0
BRDA:3585,416,0,0
BRDA:3585,416,1,0
BRDA:3585,417,0,0
BRDA:3585,417,1,0
BRDA:3591,418,0,0
BRDA:3591,418,1,6
BRDA:3593,419,0,0
BRDA:3593,419,1,6
BRDA:3600,420,0,0
BRDA:3600,420,1,6
BRDA:3637,421,0,0
BRDA:3637,421,1,0
BRDA:3658,422,0,0
BRDA:3658,422,1,0
BRDA:3658,422,2,0
BRDA:3658,422,3,0
BRDA:3658,422,4,0
BRDA:3658,422,5,0
BRDA:3661,423,0,0
BRDA:3661,423,1,0
BRDA:3663,424,0,0
BRDA:3663,424,1,0
BRDA:3663,424,2,0
BRDA:3665,425,0,0
BRDA:3665,425,1,0
BRDA:3675,426,0,0
BRDA:3675,426,1,0
BRDA:3676,427,0,0
BRDA:3676,427,1,0
BRDA:3676,428,0,0
BRDA:3676,428,1,0
BRDA:3677,429,0,0
BRDA:3677,429,1,0
BRDA:3677,430,0,0
BRDA:3677,430,1,0
BRDA:3696,431,0,0
BRDA:3696,431,1,0
BRDA:3696,432,0,0
BRDA:3696,432,1,0
BRDA:3696,432,2,0
BRDA:3696,432,3,0
BRDA:3724,433,0,0
BRDA:3724,433,1,0
BRDA:3725,434,0,0
BRDA:3725,434,1,0
BRDA:3726,435,0,0
BRDA:3726,435,1,0
BRDA:3726,436,0,0
BRDA:3726,436,1,0
BRDA:3757,437,0,0
BRDA:3757,437,1,24
BRDA:3780,438,0,0
BRDA:3780,438,1,0
BRDA:3780,439,0,0
BRDA:3780,439,1,0
BRDA:3783,440,0,0
BRDA:3783,440,1,0
BRDA:3783,441,0,0
BRDA:3783,441,1,0
BRDA:3788,442,0,1
BRDA:3788,442,1,0
BRDA:3788,442,2,0
BRDA:3795,443,0,1
BRDA:3795,443,1,0
BRDA:3795,443,2,0
BRDA:3812,444,0,0
BRDA:3812,444,1,0
BRDA:3826,445,0,0
BRDA:3826,445,1,0
BRDA:3835,446,0,0
BRDA:3835,446,1,0
BRDA:3841,447,0,0
BRDA:3841,447,1,0
BRDA:3849,448,0,0
BRDA:3849,448,1,0
BRDA:3852,449,0,0
BRDA:3852,449,1,0
BRDA:3858,450,0,0
BRDA:3858,450,1,0
BRDA:3859,451,0,0
BRDA:3859,451,1,0
BRDA:3870,452,0,0
BRDA:3870,452,1,0
BRDA:3872,453,0,0
BRDA:3872,453,1,0
BRDA:3872,454,0,0
BRDA:3872,454,1,0
BRDA:3872,455,0,0
BRDA:3872,455,1,0
BRDA:3889,456,0,0
BRDA:3889,456,1,0
BRDA:3890,457,0,0
BRDA:3890,457,1,0
BRDA:3899,458,0,0
BRDA:3899,458,1,78
BRDA:3903,459,0,0
BRDA:3903,459,1,0
BRDA:3903,460,0,0
BRDA:3903,460,1,0
BRDA:3904,461,0,0
BRDA:3904,461,1,0
BRDA:3906,462,0,0
BRDA:3906,462,1,0
BRDA:3912,463,0,0
BRDA:3912,463,1,0
BRDA:3913,464,0,0
BRDA:3913,464,1,0
BRDA:3913,465,0,0
BRDA:3913,465,1,0
BRDA:3918,466,0,0
BRDA:3918,466,1,0
BRDA:3919,467,0,0
BRDA:3919,467,1,0
BRDA:3924,468,0,0
BRDA:3924,468,1,0
BRDA:3924,469,0,0
BRDA:3924,469,1,0
BRDA:3929,470,0,0
BRDA:3929,470,1,0
BRDA:3929,471,0,0
BRDA:3929,471,1,0
BRDA:3930,472,0,0
BRDA:3930,472,1,0
BRDA:3936,473,0,0
BRDA:3936,473,1,0
BRDA:3936,474,0,0
BRDA:3936,474,1,0
BRDA:3943,475,0,0
BRDA:3943,475,1,0
BRDA:3963,476,0,0
BRDA:3963,476,1,0
BRDA:3964,477,0,0
BRDA:3964,477,1,0
BRDA:3965,478,0,0
BRDA:3965,478,1,0
BRDA:3965,479,0,0
BRDA:3965,479,1,0
BRDA:3973,480,0,0
BRDA:3973,480,1,0
BRDA:3975,481,0,0
BRDA:3975,481,1,0
BRDA:3976,482,0,0
BRDA:3976,482,1,0
BRDA:3977,483,0,0
BRDA:3977,483,1,0
BRDA:3986,484,0,0
BRDA:3986,484,1,0
BRDA:3989,485,0,0
BRDA:3989,485,1,0
BRDA:3989,486,0,0
BRDA:3989,486,1,0
BRDA:3989,486,2,0
BRDA:3992,487,0,0
BRDA:3992,487,1,0
BRDA:3992,488,0,0
BRDA:3992,488,1,0
BRDA:4000,489,0,0
BRDA:4000,489,1,0
BRDA:4000,490,0,0
BRDA:4000,490,1,0
BRDA:4000,490,2,0
BRDA:4003,491,0,0
BRDA:4003,491,1,0
BRDA:4006,492,0,0
BRDA:4006,492,1,0
BRDA:4009,493,0,0
BRDA:4009,493,1,0
BRDA:4016,494,0,0
BRDA:4016,494,1,0
BRDA:4024,495,0,0
BRDA:4024,495,1,0
BRDA:4037,496,0,0
BRDA:4037,496,1,0
BRDA:4051,497,0,1
BRDA:4051,497,1,1
BRDA:4057,498,0,1
BRDA:4057,498,1,0
BRDA:4067,499,0,0
BRDA:4067,499,1,1
BRDA:4077,500,0,0
BRDA:4077,500,1,0
BRDA:4079,501,0,0
BRDA:4079,501,1,0
BRDA:4099,502,0,0
BRDA:4099,502,1,0
BRDA:4104,503,0,0
BRDA:4104,503,1,0
BRDA:4104,504,0,0
BRDA:4104,504,1,0
BRDA:4138,505,0,0
BRDA:4138,505,1,0
BRDA:4138,505,2,0
BRDA:4140,506,0,0
BRDA:4140,506,1,0
BRDA:4146,507,0,0
BRDA:4146,507,1,0
BRDA:4147,508,0,0
BRDA:4147,508,1,0
BRDA:4147,509,0,0
BRDA:4147,509,1,0
BRDA:4147,509,2,0
BRDA:4147,509,3,0
BRDA:4147,509,4,0
BRDA:4149,510,0,0
BRDA:4149,510,1,0
BRDA:4155,511,0,0
BRDA:4155,511,1,0
BRDA:4155,511,2,0
BRDA:4169,512,0,0
BRDA:4169,512,1,0
BRDA:4171,513,0,0
BRDA:4171,513,1,0
BRDA:4180,514,0,0
BRDA:4180,514,1,0
BRDA:4187,515,0,0
BRDA:4187,515,1,0
BRDA:4188,516,0,0
BRDA:4188,516,1,0
BRDA:4202,517,0,0
BRDA:4202,517,1,0
BRDA:4203,518,0,0
BRDA:4203,518,1,0
BRDA:4203,518,2,0
BRDA:4203,518,3,0
BRDA:4220,519,0,0
BRDA:4220,519,1,0
BRDA:4220,519,2,0
BRDA:4220,519,3,0
BRDA:4220,519,4,0
BRDA:4220,519,5,0
BRDA:4220,519,6,0
BRDA:4222,520,0,0
BRDA:4222,520,1,0
BRDA:4222,521,0,0
BRDA:4222,521,1,0
BRDA:4226,522,0,0
BRDA:4226,522,1,0
BRDA:4234,523,0,0
BRDA:4234,523,1,0
BRDA:4234,524,0,0
BRDA:4234,524,1,0
BRDA:4238,525,0,0
BRDA:4238,525,1,0
BRDA:4247,526,0,0
BRDA:4247,526,1,1
BRDA:4247,527,0,1
BRDA:4247,527,1,0
BRF:1120
BRH:359
end_of_record
TN:
SF:./src/xblocks.js
FN:3,(anonymous_1)
FN:21,(anonymous_2)
FN:42,(anonymous_3)
FN:62,(anonymous_4)
FN:64,(anonymous_5)
FN:76,(anonymous_6)
FN:113,(anonymous_7)
FN:132,(anonymous_8)
FN:174,(anonymous_9)
FN:253,(anonymous_10)
FN:258,(anonymous_11)
FN:269,(anonymous_12)
FN:277,(anonymous_13)
FN:300,(anonymous_14)
FN:321,(anonymous_15)
FN:348,(anonymous_16)
FN:352,(anonymous_17)
FN:356,(anonymous_18)
FN:361,(anonymous_19)
FN:387,(anonymous_20)
FN:408,(anonymous_21)
FN:418,(anonymous_22)
FN:483,(anonymous_23)
FN:510,(anonymous_24)
FN:524,(anonymous_25)
FN:534,(anonymous_26)
FN:561,(anonymous_27)
FN:585,(anonymous_28)
FN:602,(anonymous_29)
FN:614,(anonymous_30)
FN:631,(anonymous_31)
FN:653,(anonymous_32)
FN:660,(anonymous_33)
FN:664,(anonymous_34)
FN:673,(anonymous_35)
FN:678,(anonymous_36)
FN:686,(anonymous_37)
FN:725,(anonymous_38)
FN:730,(anonymous_39)
FN:744,(anonymous_40)
FN:757,(anonymous_41)
FN:782,(anonymous_42)
FN:808,(anonymous_43)
FN:825,(anonymous_44)
FN:835,(anonymous_45)
FN:844,(anonymous_46)
FN:853,(anonymous_47)
FN:862,(anonymous_48)
FN:878,(anonymous_49)
FN:886,(anonymous_50)
FN:920,(anonymous_51)
FN:935,(anonymous_52)
FN:941,(anonymous_53)
FN:949,(anonymous_54)
FN:962,(anonymous_55)
FN:976,(anonymous_56)
FN:984,(anonymous_57)
FN:992,(anonymous_58)
FN:1005,(anonymous_59)
FN:1009,(anonymous_60)
FN:1021,(anonymous_61)
FN:1028,(anonymous_62)
FN:1035,(anonymous_63)
FN:1058,(anonymous_64)
FN:1073,(anonymous_65)
FN:1088,(anonymous_66)
FN:1094,(anonymous_67)
FN:1102,(anonymous_68)
FN:1115,(anonymous_69)
FN:1121,(anonymous_70)
FN:1146,(anonymous_71)
FN:1150,(anonymous_72)
FN:1175,(anonymous_73)
FN:1216,(anonymous_74)
FN:1225,(anonymous_75)
FN:1234,(anonymous_76)
FN:1243,(anonymous_77)
FN:1251,(anonymous_78)
FN:1259,(anonymous_79)
FN:1276,(anonymous_80)
FN:1286,(anonymous_81)
FN:1311,(anonymous_82)
FN:1319,(anonymous_83)
FN:1336,(anonymous_84)
FN:1379,(anonymous_85)
FN:1399,(anonymous_86)
FN:1403,(anonymous_87)
FN:1409,(anonymous_88)
FN:1418,(anonymous_89)
FN:1428,(anonymous_90)
FN:1456,(anonymous_91)
FN:1468,(anonymous_92)
FN:1478,(anonymous_93)
FN:1491,(anonymous_94)
FN:1517,(anonymous_95)
FN:1540,(anonymous_96)
FN:1552,(anonymous_97)
FNF:97
FNH:74
FNDA:1,(anonymous_1)
FNDA:0,(anonymous_2)
FNDA:284,(anonymous_3)
FNDA:1,(anonymous_4)
FNDA:126,(anonymous_5)
FNDA:311,(anonymous_6)
FNDA:275,(anonymous_7)
FNDA:3,(anonymous_8)
FNDA:98,(anonymous_9)
FNDA:1,(anonymous_10)
FNDA:0,(anonymous_11)
FNDA:9,(anonymous_12)
FNDA:9,(anonymous_13)
FNDA:0,(anonymous_14)
FNDA:7,(anonymous_15)
FNDA:0,(anonymous_16)
FNDA:0,(anonymous_17)
FNDA:1,(anonymous_18)
FNDA:19,(anonymous_19)
FNDA:126,(anonymous_20)
FNDA:1,(anonymous_21)
FNDA:0,(anonymous_22)
FNDA:0,(anonymous_23)
FNDA:118,(anonymous_24)
FNDA:121,(anonymous_25)
FNDA:71,(anonymous_26)
FNDA:72,(anonymous_27)
FNDA:18,(anonymous_28)
FNDA:1,(anonymous_29)
FNDA:1,(anonymous_30)
FNDA:4,(anonymous_31)
FNDA:1,(anonymous_32)
FNDA:0,(anonymous_33)
FNDA:0,(anonymous_34)
FNDA:0,(anonymous_35)
FNDA:0,(anonymous_36)
FNDA:0,(anonymous_37)
FNDA:1,(anonymous_38)
FNDA:1,(anonymous_39)
FNDA:17,(anonymous_40)
FNDA:0,(anonymous_41)
FNDA:17,(anonymous_42)
FNDA:7,(anonymous_43)
FNDA:8,(anonymous_44)
FNDA:0,(anonymous_45)
FNDA:0,(anonymous_46)
FNDA:7,(anonymous_47)
FNDA:7,(anonymous_48)
FNDA:7,(anonymous_49)
FNDA:0,(anonymous_50)
FNDA:1,(anonymous_51)
FNDA:0,(anonymous_52)
FNDA:1,(anonymous_53)
FNDA:6,(anonymous_54)
FNDA:6,(anonymous_55)
FNDA:126,(anonymous_56)
FNDA:8,(anonymous_57)
FNDA:134,(anonymous_58)
FNDA:1,(anonymous_59)
FNDA:8,(anonymous_60)
FNDA:1,(anonymous_61)
FNDA:126,(anonymous_62)
FNDA:8,(anonymous_63)
FNDA:7,(anonymous_64)
FNDA:100,(anonymous_65)
FNDA:29,(anonymous_66)
FNDA:18,(anonymous_67)
FNDA:7,(anonymous_68)
FNDA:54,(anonymous_69)
FNDA:63,(anonymous_70)
FNDA:16,(anonymous_71)
FNDA:4,(anonymous_72)
FNDA:8,(anonymous_73)
FNDA:1,(anonymous_74)
FNDA:1,(anonymous_75)
FNDA:1,(anonymous_76)
FNDA:0,(anonymous_77)
FNDA:8,(anonymous_78)
FNDA:0,(anonymous_79)
FNDA:14,(anonymous_80)
FNDA:14,(anonymous_81)
FNDA:9,(anonymous_82)
FNDA:7,(anonymous_83)
FNDA:1,(anonymous_84)
FNDA:0,(anonymous_85)
FNDA:40,(anonymous_86)
FNDA:0,(anonymous_87)
FNDA:7,(anonymous_88)
FNDA:0,(anonymous_89)
FNDA:8,(anonymous_90)
FNDA:8,(anonymous_91)
FNDA:8,(anonymous_92)
FNDA:0,(anonymous_93)
FNDA:8,(anonymous_94)
FNDA:1,(anonymous_95)
FNDA:1,(anonymous_96)
FNDA:1,(anonymous_97)
DA:3,1
DA:9,1
DA:11,1
DA:16,1
DA:18,1
DA:19,1
DA:20,1
DA:21,1
DA:29,1
DA:31,1
DA:32,1
DA:34,1
DA:35,1
DA:40,1
DA:42,1
DA:62,1
DA:63,1
DA:64,1
DA:65,126
DA:76,1
DA:77,311
DA:78,7
DA:81,304
DA:82,1
DA:85,303
DA:87,303
DA:88,121
DA:93,303
DA:94,9
DA:95,9
DA:96,3
DA:99,6
DA:103,303
DA:113,1
DA:114,275
DA:115,176
DA:118,99
DA:119,0
DA:122,99
DA:132,1
DA:133,3
DA:134,0
DA:137,3
DA:139,3
DA:140,0
DA:143,3
DA:144,0
DA:147,3
DA:149,3
DA:150,0
DA:153,3
DA:155,3
DA:156,2
DA:159,1
DA:160,1
DA:161,0
DA:165,1
DA:174,1
DA:175,98
DA:176,98
DA:177,98
DA:178,98
DA:179,98
DA:180,98
DA:181,98
DA:182,98
DA:183,98
DA:184,98
DA:187,98
DA:188,96
DA:191,96
DA:192,96
DA:196,98
DA:197,0
DA:201,98
DA:202,0
DA:203,0
DA:206,98
DA:208,121
DA:210,115
DA:211,252
DA:212,252
DA:215,252
DA:216,0
DA:220,252
DA:223,80
DA:224,1
DA:225,1
DA:228,79
DA:232,80
DA:235,172
DA:236,172
DA:243,98
DA:253,1
DA:254,1
DA:255,1
DA:258,0
DA:259,0
DA:269,1
DA:270,9
DA:271,2
DA:274,9
DA:276,9
DA:277,9
DA:278,9
DA:280,9
DA:281,9
DA:283,9
DA:287,9
DA:299,1
DA:301,0
DA:302,0
DA:305,0
DA:306,0
DA:308,0
DA:309,0
DA:312,0
DA:313,0
DA:314,0
DA:318,0
DA:322,7
DA:323,0
DA:326,7
DA:328,7
DA:329,7
DA:330,5
DA:331,2
DA:335,2
DA:339,3
DA:340,3
DA:341,0
DA:345,3
DA:349,0
DA:353,0
DA:357,1
DA:361,1
DA:362,19
DA:363,9
DA:366,10
DA:367,10
DA:369,10
DA:370,1
DA:373,9
DA:374,8
DA:377,1
DA:387,1
DA:388,126
DA:390,126
DA:391,0
DA:394,126
DA:395,126
DA:398,0
DA:399,0
DA:402,0
DA:408,1
DA:410,1
DA:418,1
DA:419,0
DA:421,0
DA:434,0
DA:446,1
DA:447,1
DA:452,1
DA:469,1
DA:473,1
DA:483,1
DA:484,0
DA:485,0
DA:488,0
DA:489,0
DA:490,0
DA:491,0
DA:498,0
DA:503,0
DA:510,1
DA:511,118
DA:513,118
DA:514,108
DA:517,118
DA:524,1
DA:525,121
DA:534,1
DA:535,71
DA:536,41
DA:537,40
DA:541,71
DA:543,51
DA:546,0
DA:549,3
DA:552,17
DA:561,1
DA:562,72
DA:563,72
DA:565,72
DA:566,71
DA:567,71
DA:575,72
DA:585,1
DA:586,18
DA:588,18
DA:589,1
DA:591,1
DA:592,1
DA:596,18
DA:602,1
DA:603,1
DA:604,1
DA:607,0
DA:614,1
DA:615,1
DA:616,1
DA:619,0
DA:631,1
DA:633,4
DA:653,1
DA:655,1
DA:656,1
DA:657,1
DA:659,1
DA:660,1
DA:661,0
DA:664,1
DA:665,0
DA:669,0
DA:670,0
DA:672,0
DA:673,0
DA:674,0
DA:678,0
DA:679,0
DA:680,0
DA:681,0
DA:682,0
DA:686,0
DA:687,0
DA:688,0
DA:689,0
DA:691,0
DA:692,0
DA:693,0
DA:696,0
DA:698,0
DA:699,0
DA:702,0
DA:706,1
DA:720,1
DA:725,1
DA:726,1
DA:727,0
DA:730,1
DA:733,1
DA:734,1
DA:735,1
DA:737,1
DA:738,1
DA:743,1
DA:744,1
DA:745,17
DA:747,17
DA:748,17
DA:749,17
DA:751,17
DA:753,17
DA:757,0
DA:758,0
DA:760,0
DA:761,0
DA:762,0
DA:764,0
DA:765,0
DA:767,0
DA:771,1
DA:773,1
DA:782,1
DA:783,17
DA:796,1
DA:798,1
DA:800,1
DA:802,1
DA:808,1
DA:809,7
DA:811,7
DA:812,7
DA:813,7
DA:816,0
DA:825,1
DA:826,8
DA:827,8
DA:828,8
DA:835,1
DA:836,0
DA:837,0
DA:844,1
DA:845,0
DA:846,0
DA:853,1
DA:854,7
DA:855,7
DA:862,1
DA:863,7
DA:864,0
DA:867,7
DA:868,0
DA:870,7
DA:878,1
DA:879,7
DA:886,1
DA:887,0
DA:888,0
DA:889,0
DA:891,0
DA:900,1
DA:908,1
DA:910,1
DA:912,1
DA:921,1
DA:923,1
DA:924,1
DA:925,1
DA:929,1
DA:932,0
DA:936,0
DA:940,1
DA:942,1
DA:949,1
DA:950,6
DA:951,6
DA:952,6
DA:954,6
DA:962,1
DA:963,6
DA:964,0
DA:967,6
DA:968,6
DA:969,6
DA:976,1
DA:977,126
DA:984,1
DA:985,8
DA:991,1
DA:993,134
DA:994,126
DA:995,126
DA:996,126
DA:997,126
DA:998,126
DA:999,126
DA:1002,8
DA:1006,1
DA:1010,8
DA:1011,1
DA:1018,8
DA:1022,1
DA:1026,1
DA:1029,126
DA:1030,126
DA:1032,126
DA:1036,8
DA:1037,0
DA:1040,8
DA:1042,8
DA:1044,8
DA:1048,8
DA:1049,1
DA:1052,7
DA:1055,8
DA:1059,7
DA:1065,7
DA:1066,7
DA:1067,7
DA:1068,7
DA:1069,7
DA:1075,100
DA:1080,0
DA:1089,29
DA:1095,18
DA:1096,7
DA:1099,11
DA:1103,7
DA:1104,0
DA:1107,7
DA:1108,7
DA:1116,54
DA:1122,63
DA:1123,63
DA:1124,63
DA:1125,63
DA:1126,63
DA:1128,63
DA:1129,315
DA:1133,0
DA:1137,63
DA:1138,63
DA:1147,16
DA:1152,4
DA:1153,4
DA:1155,4
DA:1156,4
DA:1158,4
DA:1159,0
DA:1165,4
DA:1175,1
DA:1176,8
DA:1177,8
DA:1178,8
DA:1181,8
DA:1182,8
DA:1183,8
DA:1184,8
DA:1186,8
DA:1187,17
DA:1189,17
DA:1190,11
DA:1191,0
DA:1194,11
DA:1198,8
DA:1200,8
DA:1201,0
DA:1204,8
DA:1210,1
DA:1217,1
DA:1226,1
DA:1235,1
DA:1244,0
DA:1252,8
DA:1260,0
DA:1276,1
DA:1277,14
DA:1278,14
DA:1279,14
DA:1286,1
DA:1287,14
DA:1294,1
DA:1300,1
DA:1306,1
DA:1311,1
DA:1312,9
DA:1313,9
DA:1319,1
DA:1320,7
DA:1321,7
DA:1324,7
DA:1325,0
DA:1328,7
DA:1336,1
DA:1337,1
DA:1338,0
DA:1341,1
DA:1342,1
DA:1344,1
DA:1345,1
DA:1346,1
DA:1347,0
DA:1348,0
DA:1355,1
DA:1356,0
DA:1357,0
DA:1359,0
DA:1360,0
DA:1361,0
DA:1362,0
DA:1367,1
DA:1368,0
DA:1371,1
DA:1372,1
DA:1379,1
DA:1380,0
DA:1381,0
DA:1382,0
DA:1383,0
DA:1385,0
DA:1386,0
DA:1387,0
DA:1391,0
DA:1392,0
DA:1399,1
DA:1400,40
DA:1403,1
DA:1404,0
DA:1405,0
DA:1409,1
DA:1410,7
DA:1411,7
DA:1418,1
DA:1419,0
DA:1428,1
DA:1429,8
DA:1430,0
DA:1433,8
DA:1434,8
DA:1435,8
DA:1437,8
DA:1439,8
DA:1440,0
DA:1441,0
DA:1442,0
DA:1443,0
DA:1444,0
DA:1446,0
DA:1447,0
DA:1451,8
DA:1452,8
DA:1453,8
DA:1457,8
DA:1458,8
DA:1459,8
DA:1468,1
DA:1469,8
DA:1470,8
DA:1471,8
DA:1478,1
DA:1479,0
DA:1480,0
DA:1482,0
DA:1483,0
DA:1491,1
DA:1492,8
DA:1494,8
DA:1495,8
DA:1498,8
DA:1508,8
DA:1509,8
DA:1517,1
DA:1518,1
DA:1519,0
DA:1523,1
DA:1524,0
DA:1526,1
DA:1528,1
DA:1532,1
DA:1540,1
DA:1541,1
DA:1543,1
DA:1546,1
DA:1547,0
DA:1553,1
LF:536
LH:399
BRDA:11,1,0,1
BRDA:11,1,1,1
BRDA:29,2,0,1
BRDA:29,2,1,1
BRDA:77,3,0,7
BRDA:77,3,1,304
BRDA:81,4,0,1
BRDA:81,4,1,303
BRDA:87,5,0,121
BRDA:87,5,1,182
BRDA:93,6,0,9
BRDA:93,6,1,294
BRDA:95,7,0,3
BRDA:95,7,1,6
BRDA:99,8,0,5
BRDA:99,8,1,1
BRDA:114,9,0,176
BRDA:114,9,1,99
BRDA:118,10,0,0
BRDA:118,10,1,99
BRDA:118,11,0,99
BRDA:118,11,1,99
BRDA:133,12,0,0
BRDA:133,12,1,3
BRDA:139,13,0,0
BRDA:139,13,1,3
BRDA:143,14,0,0
BRDA:143,14,1,3
BRDA:149,15,0,0
BRDA:149,15,1,3
BRDA:149,16,0,3
BRDA:149,16,1,0
BRDA:155,17,0,2
BRDA:155,17,1,1
BRDA:159,18,0,1
BRDA:159,18,1,0
BRDA:160,19,0,0
BRDA:160,19,1,1
BRDA:160,20,0,1
BRDA:160,20,1,1
BRDA:181,21,0,98
BRDA:181,21,1,0
BRDA:187,22,0,96
BRDA:187,22,1,2
BRDA:191,23,0,96
BRDA:191,23,1,0
BRDA:196,24,0,0
BRDA:196,24,1,98
BRDA:196,25,0,98
BRDA:196,25,1,0
BRDA:201,26,0,0
BRDA:201,26,1,98
BRDA:208,27,0,115
BRDA:208,27,1,6
BRDA:215,28,0,0
BRDA:215,28,1,252
BRDA:220,29,0,80
BRDA:220,29,1,172
BRDA:220,30,0,252
BRDA:220,30,1,249
BRDA:220,30,2,249
BRDA:220,30,3,170
BRDA:223,31,0,1
BRDA:223,31,1,79
BRDA:225,32,0,1
BRDA:225,32,1,0
BRDA:225,33,0,1
BRDA:225,33,1,1
BRDA:228,34,0,9
BRDA:228,34,1,70
BRDA:228,35,0,79
BRDA:228,35,1,9
BRDA:235,36,0,172
BRDA:235,36,1,0
BRDA:254,37,0,1
BRDA:254,37,1,0
BRDA:270,38,0,2
BRDA:270,38,1,7
BRDA:276,39,0,9
BRDA:276,39,1,0
BRDA:301,40,0,0
BRDA:301,40,1,0
BRDA:308,41,0,0
BRDA:308,41,1,0
BRDA:313,42,0,0
BRDA:313,42,1,0
BRDA:322,43,0,0
BRDA:322,43,1,7
BRDA:329,44,0,5
BRDA:329,44,1,2
BRDA:330,45,0,2
BRDA:330,45,1,3
BRDA:340,46,0,0
BRDA:340,46,1,3
BRDA:362,47,0,9
BRDA:362,47,1,10
BRDA:369,48,0,1
BRDA:369,48,1,9
BRDA:373,49,0,8
BRDA:373,49,1,1
BRDA:390,50,0,0
BRDA:390,50,1,126
BRDA:394,51,0,126
BRDA:394,51,1,0
BRDA:398,52,0,0
BRDA:398,52,1,0
BRDA:398,53,0,0
BRDA:398,53,1,0
BRDA:419,54,0,0
BRDA:419,54,1,0
BRDA:434,55,0,0
BRDA:434,55,1,0
BRDA:446,56,0,1
BRDA:446,56,1,1
BRDA:447,57,0,1
BRDA:447,57,1,1
BRDA:473,58,0,1
BRDA:473,58,1,0
BRDA:484,59,0,0
BRDA:484,59,1,0
BRDA:484,60,0,0
BRDA:484,60,1,0
BRDA:489,61,0,0
BRDA:489,61,1,0
BRDA:489,62,0,0
BRDA:489,62,1,0
BRDA:490,63,0,0
BRDA:490,63,1,0
BRDA:513,64,0,108
BRDA:513,64,1,10
BRDA:513,65,0,118
BRDA:513,65,1,118
BRDA:535,66,0,41
BRDA:535,66,1,30
BRDA:536,67,0,40
BRDA:536,67,1,1
BRDA:536,68,0,41
BRDA:536,68,1,31
BRDA:536,68,2,21
BRDA:541,69,0,51
BRDA:541,69,1,0
BRDA:541,69,2,3
BRDA:541,69,3,17
BRDA:543,70,0,51
BRDA:543,70,1,50
BRDA:543,70,2,38
BRDA:543,70,3,26
BRDA:562,71,0,72
BRDA:562,71,1,0
BRDA:566,72,0,71
BRDA:566,72,1,0
BRDA:588,73,0,1
BRDA:588,73,1,17
BRDA:588,74,0,18
BRDA:588,74,1,18
BRDA:588,74,2,18
BRDA:591,75,0,1
BRDA:591,75,1,0
BRDA:596,76,0,18
BRDA:596,76,1,18
BRDA:603,77,0,1
BRDA:603,77,1,0
BRDA:603,78,0,1
BRDA:603,78,1,1
BRDA:615,79,0,1
BRDA:615,79,1,0
BRDA:615,80,0,1
BRDA:615,80,1,1
BRDA:659,81,0,1
BRDA:659,81,1,0
BRDA:669,82,0,0
BRDA:669,82,1,0
BRDA:672,83,0,0
BRDA:672,83,1,0
BRDA:691,84,0,0
BRDA:691,84,1,0
BRDA:720,85,0,1
BRDA:720,85,1,1
BRDA:726,86,0,0
BRDA:726,86,1,1
BRDA:743,87,0,1
BRDA:743,87,1,0
BRDA:745,88,0,17
BRDA:745,88,1,0
BRDA:758,89,0,0
BRDA:758,89,1,0
BRDA:783,90,0,17
BRDA:783,90,1,9
BRDA:796,91,0,1
BRDA:796,91,1,1
BRDA:811,92,0,7
BRDA:811,92,1,0
BRDA:846,93,0,0
BRDA:846,93,1,0
BRDA:855,94,0,7
BRDA:855,94,1,7
BRDA:863,95,0,0
BRDA:863,95,1,7
BRDA:867,96,0,0
BRDA:867,96,1,7
BRDA:879,97,0,7
BRDA:879,97,1,7
BRDA:879,97,2,7
BRDA:879,97,3,0
BRDA:887,98,0,0
BRDA:887,98,1,0
BRDA:887,99,0,0
BRDA:887,99,1,0
BRDA:887,99,2,0
BRDA:889,100,0,0
BRDA:889,100,1,0
BRDA:921,101,0,1
BRDA:921,101,1,1
BRDA:923,102,0,1
BRDA:923,102,1,0
BRDA:923,103,0,1
BRDA:923,103,1,1
BRDA:923,103,2,1
BRDA:924,104,0,1
BRDA:924,104,1,1
BRDA:950,105,0,0
BRDA:950,105,1,6
BRDA:963,106,0,0
BRDA:963,106,1,6
BRDA:993,107,0,126
BRDA:993,107,1,8
BRDA:1010,108,0,1
BRDA:1010,108,1,7
BRDA:1036,109,0,0
BRDA:1036,109,1,8
BRDA:1048,110,0,1
BRDA:1048,110,1,7
BRDA:1065,111,0,7
BRDA:1065,111,1,0
BRDA:1075,112,0,0
BRDA:1075,112,1,100
BRDA:1075,113,0,100
BRDA:1075,113,1,8
BRDA:1075,113,2,0
BRDA:1075,113,3,0
BRDA:1089,114,0,29
BRDA:1089,114,1,16
BRDA:1095,115,0,7
BRDA:1095,115,1,11
BRDA:1103,116,0,0
BRDA:1103,116,1,7
BRDA:1129,117,0,0
BRDA:1129,117,1,315
BRDA:1129,118,0,315
BRDA:1129,118,1,0
BRDA:1129,118,2,0
BRDA:1158,119,0,0
BRDA:1158,119,1,4
BRDA:1176,120,0,1
BRDA:1176,120,1,7
BRDA:1189,121,0,11
BRDA:1189,121,1,6
BRDA:1190,122,0,0
BRDA:1190,122,1,11
BRDA:1190,123,0,11
BRDA:1190,123,1,11
BRDA:1200,124,0,0
BRDA:1200,124,1,8
BRDA:1235,125,0,1
BRDA:1235,125,1,1
BRDA:1320,126,0,7
BRDA:1320,126,1,0
BRDA:1324,127,0,0
BRDA:1324,127,1,7
BRDA:1337,128,0,0
BRDA:1337,128,1,1
BRDA:1344,129,0,1
BRDA:1344,129,1,0
BRDA:1347,130,0,0
BRDA:1347,130,1,0
BRDA:1355,131,0,0
BRDA:1355,131,1,1
BRDA:1355,132,0,1
BRDA:1355,132,1,1
BRDA:1361,133,0,0
BRDA:1361,133,1,0
BRDA:1367,134,0,0
BRDA:1367,134,1,1
BRDA:1382,135,0,0
BRDA:1382,135,1,0
BRDA:1386,136,0,0
BRDA:1386,136,1,0
BRDA:1400,137,0,40
BRDA:1400,137,1,24
BRDA:1404,138,0,0
BRDA:1404,138,1,0
BRDA:1410,139,0,7
BRDA:1410,139,1,0
BRDA:1419,140,0,0
BRDA:1419,140,1,0
BRDA:1429,141,0,0
BRDA:1429,141,1,8
BRDA:1439,142,0,0
BRDA:1439,142,1,8
BRDA:1446,143,0,0
BRDA:1446,143,1,0
BRDA:1482,144,0,0
BRDA:1482,144,1,0
BRDA:1494,145,0,8
BRDA:1494,145,1,0
BRDA:1508,146,0,8
BRDA:1508,146,1,0
BRDA:1518,147,0,0
BRDA:1518,147,1,1
BRDA:1523,148,0,0
BRDA:1523,148,1,1
BRDA:1526,149,0,1
BRDA:1526,149,1,0
BRDA:1546,150,0,0
BRDA:1546,150,1,1
BRDA:1553,151,0,1
BRDA:1553,151,1,0
BRF:317
BRH:192
end_of_record
