TN:
SF:./src/xtag.js
FN:10,(anonymous_1)
FN:25,(anonymous_2)
FN:30,(anonymous_3)
FN:35,(anonymous_4)
FN:46,(anonymous_5)
FN:50,(anonymous_6)
FN:60,(anonymous_7)
FN:67,(anonymous_8)
FN:81,(anonymous_9)
FN:94,(anonymous_10)
FN:113,(anonymous_11)
FN:121,(anonymous_12)
FN:125,(anonymous_13)
FN:143,(anonymous_14)
FN:164,(anonymous_15)
FN:181,(anonymous_16)
FN:187,(anonymous_17)
FN:198,DOMTokenList
FN:215,setToClassName
FN:220,(anonymous_20)
FN:225,(anonymous_21)
FN:228,(anonymous_22)
FN:231,(anonymous_23)
FN:239,(anonymous_24)
FN:242,(anonymous_25)
FN:253,defineElementGetter
FN:263,(anonymous_27)
FN:281,(anonymous_28)
FN:285,(anonymous_29)
FN:290,(anonymous_30)
FN:298,(anonymous_31)
FN:303,(anonymous_32)
FN:309,(anonymous_33)
FN:330,(anonymous_34)
FN:360,(anonymous_35)
FN:364,(anonymous_36)
FN:369,(anonymous_37)
FN:385,scheduleCallback
FN:393,wrapIfNeeded
FN:399,dispatchCallbacks
FN:407,(anonymous_41)
FN:412,(anonymous_42)
FN:431,removeTransientObserversFor
FN:432,(anonymous_44)
FN:436,(anonymous_45)
FN:455,forEachAncestorAndObserverEnqueueRecord
FN:483,JsMutationObserver
FN:491,(anonymous_48)
FN:542,(anonymous_49)
FN:543,(anonymous_50)
FN:559,(anonymous_51)
FN:571,MutationRecord
FN:583,copyMutationRecord
FN:604,getRecord
FN:613,getRecordWithOldValue
FN:621,clearRecords
FN:630,recordRepresentsCurrentMutation
FN:642,selectRecord
FN:661,Registration
FN:669,(anonymous_60)
FN:691,(anonymous_61)
FN:695,(anonymous_62)
FN:710,(anonymous_63)
FN:714,(anonymous_64)
FN:734,(anonymous_65)
FN:751,(anonymous_66)
FN:755,(anonymous_67)
FN:771,(anonymous_68)
FN:794,(anonymous_69)
FN:826,(anonymous_70)
FN:867,(anonymous_71)
FN:891,(anonymous_72)
FN:903,(anonymous_73)
FN:910,(anonymous_74)
FN:914,(anonymous_75)
FN:915,(anonymous_76)
FN:943,(anonymous_77)
FN:950,forSubtree
FN:952,(anonymous_79)
FN:966,findAllElements
FN:984,forRoots
FN:997,forDocumentTree
FN:1004,_forDocumentTree
FN:1041,(anonymous_84)
FN:1055,addedNode
FN:1060,added
FN:1069,addedSubtree
FN:1070,(anonymous_88)
FN:1077,attachedNode
FN:1081,(anonymous_90)
FN:1099,deferMutation
FN:1107,takeMutations
FN:1116,attached
FN:1118,(anonymous_94)
FN:1128,_attached
FN:1149,detachedNode
FN:1151,(anonymous_97)
FN:1156,detached
FN:1158,(anonymous_99)
FN:1168,_detached
FN:1184,inDocument
FN:1196,watchShadow
FN:1224,handler
FN:1241,(anonymous_104)
FN:1243,(anonymous_105)
FN:1249,(anonymous_106)
FN:1266,takeRecords
FN:1287,observe
FN:1299,upgradeDocument
FN:1312,upgradeDocumentTree
FN:1319,(anonymous_111)
FN:1350,(anonymous_112)
FN:1369,upgrade
FN:1383,upgradeWithDefinition
FN:1406,implementPrototype
FN:1419,customMixin
FN:1441,created
FN:1474,(anonymous_118)
FN:1521,register
FN:1577,overrideAttributeApi
FN:1585,(anonymous_121)
FN:1589,(anonymous_122)
FN:1597,changeAttribute
FN:1608,isReservedTag
FN:1621,ancestry
FN:1629,resolveTagName
FN:1646,resolvePrototypeChain
FN:1679,instantiate
FN:1693,getRegisteredDefinition
FN:1699,registerDefinition
FN:1703,generateConstructor
FN:1704,(anonymous_132)
FN:1710,createElementNS
FN:1720,createElement
FN:1747,cloneNode
FN:1766,(anonymous_136)
FN:1780,(anonymous_137)
FN:1809,(anonymous_138)
FN:1821,(anonymous_139)
FN:1831,(anonymous_140)
FN:1853,(anonymous_141)
FN:1860,bootstrap
FN:1865,(anonymous_143)
FN:1876,(anonymous_144)
FN:1892,(anonymous_145)
FN:1923,(anonymous_146)
FN:1944,(anonymous_147)
FN:1963,(anonymous_148)
FN:1969,(anonymous_149)
FN:2002,whenReady
FN:2005,(anonymous_151)
FN:2013,isDocumentReady
FN:2019,whenDocumentReady
FN:2021,(anonymous_154)
FN:2034,markTargetLoaded
FN:2039,watchImportsLoad
FN:2042,checkDone
FN:2047,loadedImport
FN:2072,isImportLoaded
FN:2090,(anonymous_160)
FN:2098,handleImports
FN:2106,isImport
FN:2110,handleImport
FN:2122,(anonymous_164)
FN:2137,(anonymous_165)
FN:2163,(anonymous_166)
FN:2167,(anonymous_167)
FN:2171,(anonymous_168)
FN:2172,(anonymous_169)
FN:2193,(anonymous_170)
FN:2202,(anonymous_171)
FN:2209,(anonymous_172)
FN:2215,(anonymous_173)
FN:2216,(anonymous_174)
FN:2240,(anonymous_175)
FN:2248,(anonymous_176)
FN:2254,(anonymous_177)
FN:2260,(anonymous_178)
FN:2279,(anonymous_179)
FN:2299,(anonymous_180)
FN:2310,(anonymous_181)
FN:2320,(anonymous_182)
FN:2331,(anonymous_183)
FN:2340,(anonymous_184)
FN:2353,(anonymous_185)
FN:2374,(anonymous_186)
FN:2377,(anonymous_187)
FN:2390,(anonymous_188)
FN:2394,(anonymous_189)
FN:2401,(anonymous_190)
FN:2413,(anonymous_191)
FN:2418,(anonymous_192)
FN:2440,(anonymous_193)
FN:2445,(anonymous_194)
FN:2453,(anonymous_195)
FN:2461,(anonymous_196)
FN:2472,(anonymous_197)
FN:2492,(anonymous_198)
FN:2532,(anonymous_199)
FN:2539,(anonymous_200)
FN:2552,(anonymous_201)
FN:2567,(anonymous_202)
FN:2572,(anonymous_203)
FN:2583,(anonymous_204)
FN:2590,(anonymous_205)
FN:2621,(anonymous_206)
FN:2631,(anonymous_207)
FN:2639,(anonymous_208)
FN:2644,(anonymous_209)
FN:2652,(anonymous_210)
FN:2658,(anonymous_211)
FN:2660,(anonymous_212)
FN:2701,(anonymous_213)
FN:2708,(anonymous_214)
FN:2719,(anonymous_215)
FN:2725,(anonymous_216)
FN:2746,(anonymous_217)
FN:2751,(anonymous_218)
FN:2757,(anonymous_219)
FN:2761,(anonymous_220)
FN:2765,(anonymous_221)
FN:2774,nodeIsImport
FN:2778,generateScriptDataUrl
FN:2783,generateScriptContent
FN:2788,generateSourceMapHint
FN:2801,cloneStyle
FN:2823,(anonymous_227)
FN:2853,(anonymous_228)
FN:2858,(anonymous_229)
FN:2864,(anonymous_230)
FN:2870,(anonymous_231)
FN:2876,(anonymous_232)
FN:2905,(anonymous_233)
FN:2912,(anonymous_234)
FN:2927,isImportLink
FN:2931,isLinkRel
FN:2935,makeDocument
FN:2967,(anonymous_238)
FN:2993,(anonymous_239)
FN:3007,(anonymous_240)
FN:3026,(anonymous_241)
FN:3031,(anonymous_242)
FN:3059,(anonymous_243)
FN:3081,(anonymous_244)
FN:3102,bootstrap
FN:3120,(anonymous_246)
FN:3132,(anonymous_247)
FN:3133,(anonymous_248)
FN:3139,(anonymous_249)
FN:3152,(anonymous_250)
FN:3190,typeOf
FN:3195,clone
FN:3199,(anonymous_253)
FN:3204,(anonymous_254)
FN:3215,toArray
FN:3224,query
FN:3228,parseMutations
FN:3230,(anonymous_258)
FN:3237,(anonymous_259)
FN:3247,parsePseudo
FN:3251,mergeOne
FN:3258,wrapMixin
FN:3270,mergeMixin
FN:3285,applyMixins
FN:3286,(anonymous_265)
FN:3310,delegateAction
FN:3324,touchFilter
FN:3335,writeProperty
FN:3346,inheritEvent
FN:3356,modAttr
FN:3360,syncAttr
FN:3368,updateView
FN:3374,attachProperties
FN:3382,(anonymous_274)
FN:3389,(anonymous_275)
FN:3399,parseAccessor
FN:3416,(anonymous_277)
FN:3420,(anonymous_278)
FN:3431,parseMultiline
FN:3449,(anonymous_280)
FN:3455,(anonymous_281)
FN:3478,(anonymous_282)
FN:3491,(anonymous_283)
FN:3501,(anonymous_284)
FN:3507,(anonymous_285)
FN:3520,(anonymous_286)
FN:3537,(anonymous_287)
FN:3593,(anonymous_288)
FN:3614,(anonymous_289)
FN:3651,(anonymous_290)
FN:3654,(anonymous_291)
FN:3657,(anonymous_292)
FN:3662,(anonymous_293)
FN:3666,(anonymous_294)
FN:3679,(anonymous_295)
FN:3681,(anonymous_296)
FN:3682,(anonymous_297)
FN:3689,(anonymous_298)
FN:3701,(anonymous_299)
FN:3702,(anonymous_300)
FN:3713,(anonymous_301)
FN:3726,(anonymous_302)
FN:3734,(anonymous_303)
FN:3738,(anonymous_304)
FN:3744,(anonymous_305)
FN:3747,(anonymous_306)
FN:3748,(anonymous_307)
FN:3751,(anonymous_308)
FN:3755,(anonymous_309)
FN:3758,(anonymous_310)
FN:3759,(anonymous_311)
FN:3763,(anonymous_312)
FN:3767,(anonymous_313)
FN:3772,(anonymous_314)
FN:3776,(anonymous_315)
FN:3780,(anonymous_316)
FN:3782,(anonymous_317)
FN:3789,(anonymous_318)
FN:3791,(anonymous_319)
FN:3797,(anonymous_320)
FN:3804,(anonymous_321)
FN:3825,(anonymous_322)
FN:3842,(anonymous_323)
FN:3853,(anonymous_324)
FN:3859,(anonymous_325)
FN:3862,(anonymous_326)
FN:3866,(anonymous_327)
FN:3879,(anonymous_328)
FN:3898,(anonymous_329)
FN:3899,(anonymous_330)
FN:3906,(anonymous_331)
FN:3924,(anonymous_332)
FN:3929,(anonymous_333)
FN:3940,(anonymous_334)
FN:3954,(anonymous_335)
FN:3958,(anonymous_336)
FN:3972,(anonymous_337)
FN:3974,(anonymous_338)
FN:3977,(anonymous_339)
FN:3985,(anonymous_340)
FN:3993,(anonymous_341)
FN:3997,(anonymous_342)
FN:4003,(anonymous_343)
FN:4007,(anonymous_344)
FN:4033,(anonymous_345)
FN:4037,(anonymous_346)
FN:4047,(anonymous_347)
FN:4048,(anonymous_348)
FN:4050,(anonymous_349)
FN:4059,(anonymous_350)
FN:4076,(anonymous_351)
FN:4081,(anonymous_352)
FN:4086,(anonymous_353)
FN:4094,(anonymous_354)
FN:4102,(anonymous_355)
FN:4111,(anonymous_356)
FN:4125,addTap
FN:4143,removeTap
FN:4156,checkTapPosition
FN:4175,(anonymous_360)
FN:4206,(anonymous_361)
FNF:361
FNH:181
FNDA:1,(anonymous_1)
FNDA:0,(anonymous_2)
FNDA:1,(anonymous_3)
FNDA:1,(anonymous_4)
FNDA:0,(anonymous_5)
FNDA:1,(anonymous_6)
FNDA:1,(anonymous_7)
FNDA:1,(anonymous_8)
FNDA:1,(anonymous_9)
FNDA:0,(anonymous_10)
FNDA:1,(anonymous_11)
FNDA:1,(anonymous_12)
FNDA:0,(anonymous_13)
FNDA:115,(anonymous_14)
FNDA:0,(anonymous_15)
FNDA:1,(anonymous_16)
FNDA:1,(anonymous_17)
FNDA:0,DOMTokenList
FNDA:0,setToClassName
FNDA:0,(anonymous_20)
FNDA:0,(anonymous_21)
FNDA:0,(anonymous_22)
FNDA:0,(anonymous_23)
FNDA:0,(anonymous_24)
FNDA:0,(anonymous_25)
FNDA:0,defineElementGetter
FNDA:0,(anonymous_27)
FNDA:1,(anonymous_28)
FNDA:1,(anonymous_29)
FNDA:10,(anonymous_30)
FNDA:160,(anonymous_31)
FNDA:0,(anonymous_32)
FNDA:0,(anonymous_33)
FNDA:1,(anonymous_34)
FNDA:0,(anonymous_35)
FNDA:0,(anonymous_36)
FNDA:0,(anonymous_37)
FNDA:35,scheduleCallback
FNDA:10,wrapIfNeeded
FNDA:32,dispatchCallbacks
FNDA:18,(anonymous_41)
FNDA:33,(anonymous_42)
FNDA:33,removeTransientObserversFor
FNDA:33,(anonymous_44)
FNDA:65,(anonymous_45)
FNDA:27,forEachAncestorAndObserverEnqueueRecord
FNDA:10,JsMutationObserver
FNDA:10,(anonymous_48)
FNDA:7,(anonymous_49)
FNDA:7,(anonymous_50)
FNDA:33,(anonymous_51)
FNDA:27,MutationRecord
FNDA:0,copyMutationRecord
FNDA:27,getRecord
FNDA:0,getRecordWithOldValue
FNDA:27,clearRecords
FNDA:0,recordRepresentsCurrentMutation
FNDA:16,selectRecord
FNDA:10,Registration
FNDA:51,(anonymous_60)
FNDA:10,(anonymous_61)
FNDA:19,(anonymous_62)
FNDA:7,(anonymous_63)
FNDA:15,(anonymous_64)
FNDA:9,(anonymous_65)
FNDA:33,(anonymous_66)
FNDA:8,(anonymous_67)
FNDA:27,(anonymous_68)
FNDA:5,(anonymous_69)
FNDA:0,(anonymous_70)
FNDA:50,(anonymous_71)
FNDA:1,(anonymous_72)
FNDA:1,(anonymous_73)
FNDA:4,(anonymous_74)
FNDA:1,(anonymous_75)
FNDA:4,(anonymous_76)
FNDA:1,(anonymous_77)
FNDA:167,forSubtree
FNDA:58,(anonymous_79)
FNDA:225,findAllElements
FNDA:225,forRoots
FNDA:1,forDocumentTree
FNDA:1,_forDocumentTree
FNDA:1,(anonymous_84)
FNDA:33,addedNode
FNDA:82,added
FNDA:159,addedSubtree
FNDA:49,(anonymous_88)
FNDA:126,attachedNode
FNDA:0,(anonymous_90)
FNDA:225,deferMutation
FNDA:18,takeMutations
FNDA:208,attached
FNDA:182,(anonymous_94)
FNDA:182,_attached
FNDA:8,detachedNode
FNDA:9,(anonymous_97)
FNDA:17,detached
FNDA:17,(anonymous_99)
FNDA:17,_detached
FNDA:255,inDocument
FNDA:0,watchShadow
FNDA:16,handler
FNDA:24,(anonymous_104)
FNDA:16,(anonymous_105)
FNDA:8,(anonymous_106)
FNDA:0,takeRecords
FNDA:1,observe
FNDA:1,upgradeDocument
FNDA:1,upgradeDocumentTree
FNDA:0,(anonymous_111)
FNDA:1,(anonymous_112)
FNDA:90,upgrade
FNDA:126,upgradeWithDefinition
FNDA:126,implementPrototype
FNDA:0,customMixin
FNDA:126,created
FNDA:1,(anonymous_118)
FNDA:6,register
FNDA:6,overrideAttributeApi
FNDA:100,(anonymous_121)
FNDA:0,(anonymous_122)
FNDA:100,changeAttribute
FNDA:6,isReservedTag
FNDA:6,ancestry
FNDA:6,resolveTagName
FNDA:6,resolvePrototypeChain
FNDA:122,instantiate
FNDA:205,getRegisteredDefinition
FNDA:6,registerDefinition
FNDA:6,generateConstructor
FNDA:122,(anonymous_132)
FNDA:1,createElementNS
FNDA:132,createElement
FNDA:4,cloneNode
FNDA:0,(anonymous_136)
FNDA:0,(anonymous_137)
FNDA:1,(anonymous_138)
FNDA:0,(anonymous_139)
FNDA:0,(anonymous_140)
FNDA:258,(anonymous_141)
FNDA:1,bootstrap
FNDA:0,(anonymous_143)
FNDA:1,(anonymous_144)
FNDA:0,(anonymous_145)
FNDA:1,(anonymous_146)
FNDA:1,(anonymous_147)
FNDA:1,(anonymous_148)
FNDA:0,(anonymous_149)
FNDA:1,whenReady
FNDA:1,(anonymous_151)
FNDA:2,isDocumentReady
FNDA:2,whenDocumentReady
FNDA:1,(anonymous_154)
FNDA:0,markTargetLoaded
FNDA:1,watchImportsLoad
FNDA:1,checkDone
FNDA:0,loadedImport
FNDA:0,isImportLoaded
FNDA:0,(anonymous_160)
FNDA:0,handleImports
FNDA:0,isImport
FNDA:0,handleImport
FNDA:0,(anonymous_164)
FNDA:1,(anonymous_165)
FNDA:1,(anonymous_166)
FNDA:7,(anonymous_167)
FNDA:1,(anonymous_168)
FNDA:7,(anonymous_169)
FNDA:1,(anonymous_170)
FNDA:0,(anonymous_171)
FNDA:0,(anonymous_172)
FNDA:0,(anonymous_173)
FNDA:0,(anonymous_174)
FNDA:1,(anonymous_175)
FNDA:0,(anonymous_176)
FNDA:0,(anonymous_177)
FNDA:0,(anonymous_178)
FNDA:0,(anonymous_179)
FNDA:1,(anonymous_180)
FNDA:1,(anonymous_181)
FNDA:1,(anonymous_182)
FNDA:0,(anonymous_183)
FNDA:0,(anonymous_184)
FNDA:0,(anonymous_185)
FNDA:0,(anonymous_186)
FNDA:0,(anonymous_187)
FNDA:0,(anonymous_188)
FNDA:0,(anonymous_189)
FNDA:0,(anonymous_190)
FNDA:0,(anonymous_191)
FNDA:1,(anonymous_192)
FNDA:1,(anonymous_193)
FNDA:1,(anonymous_194)
FNDA:16,(anonymous_195)
FNDA:20,(anonymous_196)
FNDA:1,(anonymous_197)
FNDA:1,(anonymous_198)
FNDA:2,(anonymous_199)
FNDA:0,(anonymous_200)
FNDA:0,(anonymous_201)
FNDA:0,(anonymous_202)
FNDA:0,(anonymous_203)
FNDA:0,(anonymous_204)
FNDA:0,(anonymous_205)
FNDA:0,(anonymous_206)
FNDA:0,(anonymous_207)
FNDA:0,(anonymous_208)
FNDA:0,(anonymous_209)
FNDA:0,(anonymous_210)
FNDA:0,(anonymous_211)
FNDA:0,(anonymous_212)
FNDA:0,(anonymous_213)
FNDA:0,(anonymous_214)
FNDA:2,(anonymous_215)
FNDA:2,(anonymous_216)
FNDA:2,(anonymous_217)
FNDA:22,(anonymous_218)
FNDA:20,(anonymous_219)
FNDA:0,(anonymous_220)
FNDA:0,(anonymous_221)
FNDA:0,nodeIsImport
FNDA:0,generateScriptDataUrl
FNDA:0,generateScriptContent
FNDA:0,generateSourceMapHint
FNDA:0,cloneStyle
FNDA:1,(anonymous_227)
FNDA:0,(anonymous_228)
FNDA:1,(anonymous_229)
FNDA:1,(anonymous_230)
FNDA:21,(anonymous_231)
FNDA:0,(anonymous_232)
FNDA:1,(anonymous_233)
FNDA:1,(anonymous_234)
FNDA:0,isImportLink
FNDA:0,isLinkRel
FNDA:0,makeDocument
FNDA:0,(anonymous_238)
FNDA:1,(anonymous_239)
FNDA:20,(anonymous_240)
FNDA:20,(anonymous_241)
FNDA:20,(anonymous_242)
FNDA:1,(anonymous_243)
FNDA:0,(anonymous_244)
FNDA:1,bootstrap
FNDA:1,(anonymous_246)
FNDA:0,(anonymous_247)
FNDA:0,(anonymous_248)
FNDA:0,(anonymous_249)
FNDA:1,(anonymous_250)
FNDA:301,typeOf
FNDA:168,clone
FNDA:72,(anonymous_253)
FNDA:12,(anonymous_254)
FNDA:7,toArray
FNDA:0,query
FNDA:0,parseMutations
FNDA:0,(anonymous_258)
FNDA:0,(anonymous_259)
FNDA:0,parsePseudo
FNDA:132,mergeOne
FNDA:0,wrapMixin
FNDA:0,mergeMixin
FNDA:6,applyMixins
FNDA:0,(anonymous_265)
FNDA:0,delegateAction
FNDA:0,touchFilter
FNDA:0,writeProperty
FNDA:0,inheritEvent
FNDA:100,modAttr
FNDA:0,syncAttr
FNDA:7,updateView
FNDA:42,attachProperties
FNDA:0,(anonymous_274)
FNDA:7,(anonymous_275)
FNDA:30,parseAccessor
FNDA:0,(anonymous_277)
FNDA:0,(anonymous_278)
FNDA:0,parseMultiline
FNDA:22,(anonymous_280)
FNDA:6,(anonymous_281)
FNDA:126,(anonymous_282)
FNDA:0,(anonymous_283)
FNDA:8,(anonymous_284)
FNDA:7,(anonymous_285)
FNDA:100,(anonymous_286)
FNDA:0,(anonymous_287)
FNDA:0,(anonymous_288)
FNDA:0,(anonymous_289)
FNDA:0,(anonymous_290)
FNDA:0,(anonymous_291)
FNDA:0,(anonymous_292)
FNDA:0,(anonymous_293)
FNDA:0,(anonymous_294)
FNDA:0,(anonymous_295)
FNDA:0,(anonymous_296)
FNDA:0,(anonymous_297)
FNDA:0,(anonymous_298)
FNDA:0,(anonymous_299)
FNDA:0,(anonymous_300)
FNDA:24,(anonymous_301)
FNDA:0,(anonymous_302)
FNDA:0,(anonymous_303)
FNDA:0,(anonymous_304)
FNDA:1,(anonymous_305)
FNDA:0,(anonymous_306)
FNDA:0,(anonymous_307)
FNDA:1,(anonymous_308)
FNDA:0,(anonymous_309)
FNDA:0,(anonymous_310)
FNDA:0,(anonymous_311)
FNDA:0,(anonymous_312)
FNDA:0,(anonymous_313)
FNDA:0,(anonymous_314)
FNDA:0,(anonymous_315)
FNDA:0,(anonymous_316)
FNDA:0,(anonymous_317)
FNDA:0,(anonymous_318)
FNDA:0,(anonymous_319)
FNDA:0,(anonymous_320)
FNDA:0,(anonymous_321)
FNDA:0,(anonymous_322)
FNDA:0,(anonymous_323)
FNDA:78,(anonymous_324)
FNDA:0,(anonymous_325)
FNDA:0,(anonymous_326)
FNDA:0,(anonymous_327)
FNDA:0,(anonymous_328)
FNDA:0,(anonymous_329)
FNDA:0,(anonymous_330)
FNDA:0,(anonymous_331)
FNDA:0,(anonymous_332)
FNDA:0,(anonymous_333)
FNDA:0,(anonymous_334)
FNDA:0,(anonymous_335)
FNDA:0,(anonymous_336)
FNDA:0,(anonymous_337)
FNDA:0,(anonymous_338)
FNDA:0,(anonymous_339)
FNDA:126,(anonymous_340)
FNDA:0,(anonymous_341)
FNDA:0,(anonymous_342)
FNDA:0,(anonymous_343)
FNDA:1,(anonymous_344)
FNDA:0,(anonymous_345)
FNDA:0,(anonymous_346)
FNDA:0,(anonymous_347)
FNDA:0,(anonymous_348)
FNDA:0,(anonymous_349)
FNDA:0,(anonymous_350)
FNDA:0,(anonymous_351)
FNDA:0,(anonymous_352)
FNDA:0,(anonymous_353)
FNDA:0,(anonymous_354)
FNDA:0,(anonymous_355)
FNDA:0,(anonymous_356)
FNDA:0,addTap
FNDA:0,removeTap
FNDA:0,checkTapPosition
FNDA:0,(anonymous_360)
FNDA:1,(anonymous_361)
DA:3,1
DA:4,1
DA:10,1
DA:11,1
DA:12,1
DA:15,1
DA:16,1
DA:18,1
DA:19,0
DA:22,1
DA:25,1
DA:26,0
DA:31,1
DA:35,1
DA:37,1
DA:38,1
DA:40,1
DA:47,0
DA:51,1
DA:60,1
DA:63,1
DA:64,0
DA:67,1
DA:70,1
DA:71,1
DA:72,1
DA:74,1
DA:75,1
DA:80,1
DA:81,1
DA:82,1
DA:84,1
DA:85,1
DA:86,1
DA:88,1
DA:90,1
DA:94,0
DA:95,0
DA:97,0
DA:98,0
DA:99,0
DA:101,0
DA:102,0
DA:104,0
DA:108,1
DA:110,1
DA:114,1
DA:121,1
DA:124,1
DA:125,1
DA:126,0
DA:129,1
DA:130,1
DA:131,1
DA:132,1
DA:133,1
DA:134,1
DA:136,1
DA:137,0
DA:140,1
DA:142,1
DA:143,1
DA:144,115
DA:145,115
DA:146,115
DA:147,115
DA:148,115
DA:149,115
DA:159,115
DA:163,1
DA:164,1
DA:165,0
DA:166,0
DA:167,0
DA:168,0
DA:178,0
DA:182,1
DA:187,1
DA:189,1
DA:191,0
DA:198,1
DA:199,0
DA:200,0
DA:201,0
DA:203,0
DA:207,0
DA:209,0
DA:210,0
DA:215,1
DA:216,0
DA:219,0
DA:221,0
DA:222,0
DA:223,0
DA:226,0
DA:229,0
DA:232,0
DA:233,0
DA:234,0
DA:236,0
DA:237,0
DA:240,0
DA:243,0
DA:244,0
DA:246,0
DA:251,0
DA:253,1
DA:254,0
DA:255,0
DA:259,0
DA:263,0
DA:264,0
DA:280,1
DA:281,1
DA:282,1
DA:283,1
DA:285,1
DA:286,1
DA:289,1
DA:291,10
DA:292,10
DA:293,0
DA:295,10
DA:296,10
DA:299,160
DA:300,160
DA:304,0
DA:305,0
DA:306,0
DA:307,0
DA:310,0
DA:311,0
DA:312,0
DA:316,1
DA:330,1
DA:332,1
DA:334,1
DA:342,1
DA:348,0
DA:352,1
DA:353,1
DA:358,0
DA:359,0
DA:360,0
DA:361,0
DA:362,0
DA:363,0
DA:364,0
DA:365,0
DA:369,0
DA:370,0
DA:371,0
DA:376,1
DA:379,1
DA:385,1
DA:386,35
DA:387,35
DA:388,17
DA:389,17
DA:393,1
DA:394,10
DA:399,1
DA:402,32
DA:404,32
DA:405,32
DA:407,32
DA:408,18
DA:411,32
DA:412,32
DA:415,33
DA:417,33
DA:420,33
DA:421,33
DA:422,33
DA:427,32
DA:428,16
DA:431,1
DA:432,33
DA:433,33
DA:434,33
DA:435,0
DA:436,33
DA:437,65
DA:438,33
DA:455,1
DA:456,27
DA:457,93
DA:459,93
DA:460,29
DA:461,56
DA:462,56
DA:465,56
DA:466,1
DA:468,55
DA:469,55
DA:470,51
DA:476,1
DA:483,1
DA:484,10
DA:485,10
DA:486,10
DA:487,10
DA:490,1
DA:492,10
DA:495,10
DA:507,0
DA:510,10
DA:511,10
DA:512,9
DA:518,10
DA:519,10
DA:520,1
DA:521,0
DA:522,0
DA:523,0
DA:524,0
DA:533,10
DA:534,10
DA:535,10
DA:536,10
DA:539,10
DA:543,7
DA:544,7
DA:545,7
DA:546,7
DA:547,7
DA:548,7
DA:549,7
DA:552,7
DA:556,7
DA:560,33
DA:561,33
DA:562,33
DA:571,1
DA:572,27
DA:573,27
DA:574,27
DA:575,27
DA:576,27
DA:577,27
DA:578,27
DA:579,27
DA:580,27
DA:583,1
DA:584,0
DA:585,0
DA:586,0
DA:587,0
DA:588,0
DA:589,0
DA:590,0
DA:591,0
DA:592,0
DA:596,1
DA:604,1
DA:605,27
DA:613,1
DA:614,0
DA:615,0
DA:616,0
DA:617,0
DA:618,0
DA:621,1
DA:622,27
DA:630,1
DA:631,0
DA:642,1
DA:643,16
DA:644,0
DA:648,16
DA:649,0
DA:651,16
DA:661,1
DA:662,10
DA:663,10
DA:664,10
DA:665,10
DA:668,1
DA:670,51
DA:671,51
DA:677,51
DA:678,16
DA:679,16
DA:680,16
DA:681,0
DA:682,0
DA:685,35
DA:688,51
DA:692,10
DA:696,19
DA:697,19
DA:698,8
DA:700,19
DA:701,8
DA:703,19
DA:704,19
DA:706,19
DA:707,19
DA:711,7
DA:715,15
DA:716,15
DA:717,7
DA:719,15
DA:720,7
DA:722,15
DA:723,15
DA:725,15
DA:726,15
DA:737,9
DA:738,0
DA:740,9
DA:741,9
DA:742,9
DA:743,9
DA:744,1
DA:748,9
DA:752,33
DA:753,33
DA:755,33
DA:757,8
DA:759,8
DA:760,8
DA:761,15
DA:762,8
DA:765,8
DA:775,27
DA:777,27
DA:781,2
DA:782,2
DA:783,2
DA:786,2
DA:787,2
DA:788,2
DA:791,2
DA:794,2
DA:796,5
DA:797,4
DA:800,1
DA:803,0
DA:806,1
DA:807,0
DA:810,1
DA:813,2
DA:817,0
DA:820,0
DA:823,0
DA:826,0
DA:828,0
DA:829,0
DA:832,0
DA:833,0
DA:836,0
DA:839,0
DA:842,9
DA:846,25
DA:847,25
DA:848,25
DA:849,25
DA:850,16
DA:851,16
DA:854,9
DA:855,9
DA:857,25
DA:858,25
DA:861,25
DA:862,25
DA:863,25
DA:864,25
DA:865,25
DA:867,25
DA:869,50
DA:870,0
DA:873,50
DA:878,27
DA:882,1
DA:884,1
DA:885,1
DA:891,1
DA:901,1
DA:903,1
DA:906,1
DA:909,1
DA:910,1
DA:911,4
DA:914,1
DA:915,1
DA:916,4
DA:921,1
DA:922,1
DA:923,1
DA:927,1
DA:943,1
DA:946,1
DA:950,1
DA:952,167
DA:953,58
DA:954,0
DA:956,58
DA:958,167
DA:966,1
DA:967,225
DA:968,225
DA:969,197
DA:970,197
DA:971,10
DA:974,225
DA:975,58
DA:976,58
DA:978,58
DA:980,225
DA:984,1
DA:985,225
DA:986,225
DA:987,0
DA:988,0
DA:996,1
DA:997,1
DA:998,1
DA:999,1
DA:1000,1
DA:1004,1
DA:1005,1
DA:1006,1
DA:1007,0
DA:1009,1
DA:1010,1
DA:1011,1
DA:1012,0
DA:1013,0
DA:1016,1
DA:1020,1
DA:1021,1
DA:1041,1
DA:1044,1
DA:1045,1
DA:1046,1
DA:1055,1
DA:1056,33
DA:1060,1
DA:1061,82
DA:1062,0
DA:1064,82
DA:1069,1
DA:1070,159
DA:1071,49
DA:1072,0
DA:1077,1
DA:1078,126
DA:1080,126
DA:1081,0
DA:1082,0
DA:1093,1
DA:1095,1
DA:1097,1
DA:1098,1
DA:1099,1
DA:1100,225
DA:1101,225
DA:1102,18
DA:1103,18
DA:1107,1
DA:1108,18
DA:1109,18
DA:1110,18
DA:1111,199
DA:1113,18
DA:1116,1
DA:1117,208
DA:1118,208
DA:1119,182
DA:1122,0
DA:1128,1
DA:1130,182
DA:1134,132
DA:1135,8
DA:1136,8
DA:1137,8
DA:1149,1
DA:1150,8
DA:1151,8
DA:1152,9
DA:1156,1
DA:1157,17
DA:1158,17
DA:1159,17
DA:1162,0
DA:1168,1
DA:1170,17
DA:1174,7
DA:1175,7
DA:1176,7
DA:1177,7
DA:1184,1
DA:1185,255
DA:1186,255
DA:1187,255
DA:1188,279
DA:1189,8
DA:1191,271
DA:1196,1
DA:1197,0
DA:1198,0
DA:1200,0
DA:1201,0
DA:1202,0
DA:1203,0
DA:1224,1
DA:1226,16
DA:1227,0
DA:1228,0
DA:1229,0
DA:1230,0
DA:1231,0
DA:1232,0
DA:1234,0
DA:1235,0
DA:1238,0
DA:1241,16
DA:1242,24
DA:1243,24
DA:1244,16
DA:1245,0
DA:1247,16
DA:1249,24
DA:1250,8
DA:1251,0
DA:1253,8
DA:1257,16
DA:1266,1
DA:1267,0
DA:1269,0
DA:1270,0
DA:1273,0
DA:1274,0
DA:1276,0
DA:1277,0
DA:1278,0
DA:1279,0
DA:1283,1
DA:1287,1
DA:1288,1
DA:1289,0
DA:1293,1
DA:1294,1
DA:1295,1
DA:1299,1
DA:1300,1
DA:1301,1
DA:1302,1
DA:1303,1
DA:1304,1
DA:1312,1
DA:1313,1
DA:1318,1
DA:1319,1
DA:1320,0
DA:1321,0
DA:1322,0
DA:1326,1
DA:1327,1
DA:1328,1
DA:1329,1
DA:1330,1
DA:1331,1
DA:1350,1
DA:1353,1
DA:1369,1
DA:1370,90
DA:1371,61
DA:1372,61
DA:1373,61
DA:1374,4
DA:1375,0
DA:1376,4
DA:1377,4
DA:1383,1
DA:1384,126
DA:1386,126
DA:1387,0
DA:1390,126
DA:1392,126
DA:1394,126
DA:1396,126
DA:1398,126
DA:1399,126
DA:1401,126
DA:1406,1
DA:1408,126
DA:1409,126
DA:1414,0
DA:1415,0
DA:1419,1
DA:1423,0
DA:1425,0
DA:1428,0
DA:1429,0
DA:1430,0
DA:1431,0
DA:1432,0
DA:1434,0
DA:1437,0
DA:1441,1
DA:1443,126
DA:1444,126
DA:1448,1
DA:1449,1
DA:1450,1
DA:1474,1
DA:1477,1
DA:1478,1
DA:1479,1
DA:1480,1
DA:1481,1
DA:1521,1
DA:1525,6
DA:1526,6
DA:1527,0
DA:1529,6
DA:1530,0
DA:1533,6
DA:1534,0
DA:1537,6
DA:1538,0
DA:1541,6
DA:1542,0
DA:1545,6
DA:1547,6
DA:1551,6
DA:1554,6
DA:1557,6
DA:1559,6
DA:1561,6
DA:1564,6
DA:1565,6
DA:1567,6
DA:1569,6
DA:1571,0
DA:1573,6
DA:1577,1
DA:1581,6
DA:1582,0
DA:1584,6
DA:1585,6
DA:1586,100
DA:1588,6
DA:1589,6
DA:1590,0
DA:1592,6
DA:1597,1
DA:1598,100
DA:1599,100
DA:1600,100
DA:1601,100
DA:1602,100
DA:1604,100
DA:1608,1
DA:1609,6
DA:1610,48
DA:1611,0
DA:1616,1
DA:1621,1
DA:1622,6
DA:1623,6
DA:1624,0
DA:1626,6
DA:1629,1
DA:1632,6
DA:1635,6
DA:1636,0
DA:1639,6
DA:1640,6
DA:1642,0
DA:1646,1
DA:1649,6
DA:1651,0
DA:1653,0
DA:1654,0
DA:1655,0
DA:1657,0
DA:1658,0
DA:1666,0
DA:1667,0
DA:1668,0
DA:1669,0
DA:1670,0
DA:1673,0
DA:1679,1
DA:1686,122
DA:1691,1
DA:1693,1
DA:1694,205
DA:1695,199
DA:1699,1
DA:1700,6
DA:1703,1
DA:1704,6
DA:1705,122
DA:1709,1
DA:1710,1
DA:1713,1
DA:1714,1
DA:1716,0
DA:1720,1
DA:1723,132
DA:1724,132
DA:1725,122
DA:1726,122
DA:1729,0
DA:1730,0
DA:1733,10
DA:1734,10
DA:1735,0
DA:1736,0
DA:1737,0
DA:1739,10
DA:1741,10
DA:1742,0
DA:1744,10
DA:1747,1
DA:1749,4
DA:1751,4
DA:1753,4
DA:1757,1
DA:1758,1
DA:1760,1
DA:1764,1
DA:1765,1
DA:1766,0
DA:1767,0
DA:1768,0
DA:1772,0
DA:1773,0
DA:1775,0
DA:1777,0
DA:1780,1
DA:1781,0
DA:1786,1
DA:1787,1
DA:1788,1
DA:1789,1
DA:1790,1
DA:1791,1
DA:1792,1
DA:1793,1
DA:1796,1
DA:1809,1
DA:1812,1
DA:1813,1
DA:1815,1
DA:1819,1
DA:1821,0
DA:1824,0
DA:1825,0
DA:1826,0
DA:1827,0
DA:1828,0
DA:1829,0
DA:1831,0
DA:1832,0
DA:1840,1
DA:1844,1
DA:1848,1
DA:1849,1
DA:1850,0
DA:1851,0
DA:1853,1
DA:1854,258
DA:1860,1
DA:1862,1
DA:1864,1
DA:1865,1
DA:1866,0
DA:1872,1
DA:1876,1
DA:1878,1
DA:1879,1
DA:1880,1
DA:1883,1
DA:1891,1
DA:1892,0
DA:1893,0
DA:1894,0
DA:1895,0
DA:1896,0
DA:1898,0
DA:1904,1
DA:1905,0
DA:1908,1
DA:1910,0
DA:1914,1
DA:1916,1
DA:1923,1
DA:1942,1
DA:1944,1
DA:1950,1
DA:1951,1
DA:1962,1
DA:1963,1
DA:1964,1
DA:1966,1
DA:1968,1
DA:1970,0
DA:1976,0
DA:1981,1
DA:1982,1
DA:1996,1
DA:2002,1
DA:2003,1
DA:2005,1
DA:2006,1
DA:2011,1
DA:2012,1
DA:2013,1
DA:2014,2
DA:2019,1
DA:2020,2
DA:2021,1
DA:2022,1
DA:2024,1
DA:2025,1
DA:2028,1
DA:2029,1
DA:2030,1
DA:2034,1
DA:2035,0
DA:2039,1
DA:2040,1
DA:2041,1
DA:2042,1
DA:2043,1
DA:2044,1
DA:2047,1
DA:2048,0
DA:2049,0
DA:2050,0
DA:2052,1
DA:2053,0
DA:2054,0
DA:2055,0
DA:2057,0
DA:2058,0
DA:2062,1
DA:2072,1
DA:2073,0
DA:2089,1
DA:2090,0
DA:2091,0
DA:2092,0
DA:2093,0
DA:2098,1
DA:2099,0
DA:2100,0
DA:2101,0
DA:2106,1
DA:2107,0
DA:2110,1
DA:2111,0
DA:2112,0
DA:2113,0
DA:2115,0
DA:2116,0
DA:2122,0
DA:2123,0
DA:2124,0
DA:2125,0
DA:2126,0
DA:2137,1
DA:2138,1
DA:2139,1
DA:2140,1
DA:2141,1
DA:2142,1
DA:2146,1
DA:2147,1
DA:2148,1
DA:2149,1
DA:2150,1
DA:2163,1
DA:2166,1
DA:2167,1
DA:2168,7
DA:2171,1
DA:2172,1
DA:2173,7
DA:2178,1
DA:2179,1
DA:2193,1
DA:2195,1
DA:2196,1
DA:2200,1
DA:2203,0
DA:2204,0
DA:2205,0
DA:2206,0
DA:2210,0
DA:2211,0
DA:2212,0
DA:2216,0
DA:2217,0
DA:2218,0
DA:2219,0
DA:2220,0
DA:2227,1
DA:2240,1
DA:2245,1
DA:2249,0
DA:2255,0
DA:2256,0
DA:2257,0
DA:2259,0
DA:2260,0
DA:2261,0
DA:2264,0
DA:2265,0
DA:2266,0
DA:2267,0
DA:2271,0
DA:2275,0
DA:2276,0
DA:2280,0
DA:2286,1
DA:2299,1
DA:2302,1
DA:2303,1
DA:2310,1
DA:2311,1
DA:2312,1
DA:2313,1
DA:2314,1
DA:2315,1
DA:2318,1
DA:2322,1
DA:2324,1
DA:2325,0
DA:2328,1
DA:2333,0
DA:2335,0
DA:2337,0
DA:2341,0
DA:2345,0
DA:2347,0
DA:2349,0
DA:2354,0
DA:2356,0
DA:2358,0
DA:2360,0
DA:2361,0
DA:2362,0
DA:2364,0
DA:2366,0
DA:2369,0
DA:2371,0
DA:2375,0
DA:2376,0
DA:2377,0
DA:2378,0
DA:2380,0
DA:2382,0
DA:2383,0
DA:2384,0
DA:2385,0
DA:2386,0
DA:2388,0
DA:2390,0
DA:2391,0
DA:2394,0
DA:2395,0
DA:2397,0
DA:2402,0
DA:2403,0
DA:2404,0
DA:2407,0
DA:2408,0
DA:2410,0
DA:2414,0
DA:2415,0
DA:2419,1
DA:2420,1
DA:2427,1
DA:2440,1
DA:2445,1
DA:2446,1
DA:2447,1
DA:2450,1
DA:2454,16
DA:2455,24
DA:2456,16
DA:2462,20
DA:2463,20
DA:2465,20
DA:2466,20
DA:2467,4
DA:2473,1
DA:2479,1
DA:2492,1
DA:2495,1
DA:2496,1
DA:2497,1
DA:2498,1
DA:2499,1
DA:2500,1
DA:2509,1
DA:2533,2
DA:2534,2
DA:2535,0
DA:2540,0
DA:2541,0
DA:2542,0
DA:2544,0
DA:2545,0
DA:2546,0
DA:2547,0
DA:2553,0
DA:2554,0
DA:2555,0
DA:2568,0
DA:2569,0
DA:2573,0
DA:2574,0
DA:2575,0
DA:2576,0
DA:2577,0
DA:2579,0
DA:2580,0
DA:2584,0
DA:2585,0
DA:2586,0
DA:2594,0
DA:2595,0
DA:2597,0
DA:2598,0
DA:2600,0
DA:2602,0
DA:2603,0
DA:2605,0
DA:2609,0
DA:2610,0
DA:2611,0
DA:2612,0
DA:2613,0
DA:2614,0
DA:2618,0
DA:2622,0
DA:2623,0
DA:2626,0
DA:2627,0
DA:2633,0
DA:2634,0
DA:2635,0
DA:2636,0
DA:2640,0
DA:2641,0
DA:2645,0
DA:2646,0
DA:2647,0
DA:2649,0
DA:2653,0
DA:2654,0
DA:2659,0
DA:2660,0
DA:2661,0
DA:2662,0
DA:2664,0
DA:2665,0
DA:2667,0
DA:2668,0
DA:2672,0
DA:2673,0
DA:2675,0
DA:2676,0
DA:2678,0
DA:2679,0
DA:2680,0
DA:2681,0
DA:2683,0
DA:2684,0
DA:2686,0
DA:2691,0
DA:2692,0
DA:2702,0
DA:2703,0
DA:2704,0
DA:2707,0
DA:2708,0
DA:2709,0
DA:2710,0
DA:2712,0
DA:2720,2
DA:2721,2
DA:2728,2
DA:2729,2
DA:2730,2
DA:2731,2
DA:2732,0
DA:2733,0
DA:2734,0
DA:2736,0
DA:2742,2
DA:2747,2
DA:2752,22
DA:2753,22
DA:2758,20
DA:2762,0
DA:2766,0
DA:2767,0
DA:2769,0
DA:2774,1
DA:2775,0
DA:2778,1
DA:2779,0
DA:2780,0
DA:2783,1
DA:2784,0
DA:2788,1
DA:2789,0
DA:2790,0
DA:2791,0
DA:2792,0
DA:2793,0
DA:2794,0
DA:2801,1
DA:2802,0
DA:2803,0
DA:2804,0
DA:2805,0
DA:2809,1
DA:2810,1
DA:2823,1
DA:2826,1
DA:2827,1
DA:2828,1
DA:2829,1
DA:2830,1
DA:2831,1
DA:2832,1
DA:2841,1
DA:2854,0
DA:2859,1
DA:2861,1
DA:2866,1
DA:2871,21
DA:2872,21
DA:2877,0
DA:2881,0
DA:2882,0
DA:2883,0
DA:2884,0
DA:2886,0
DA:2888,0
DA:2889,0
DA:2890,0
DA:2893,0
DA:2896,0
DA:2900,0
DA:2902,0
DA:2906,1
DA:2908,1
DA:2909,1
DA:2913,1
DA:2919,1
DA:2925,1
DA:2927,1
DA:2928,0
DA:2931,1
DA:2932,0
DA:2935,1
DA:2937,0
DA:2939,0
DA:2941,0
DA:2942,0
DA:2944,0
DA:2946,0
DA:2949,0
DA:2950,0
DA:2952,0
DA:2953,0
DA:2955,0
DA:2958,0
DA:2959,0
DA:2961,0
DA:2965,1
DA:2966,0
DA:2968,0
DA:2969,0
DA:2974,0
DA:2975,0
DA:2979,1
DA:2980,1
DA:2993,1
DA:2996,1
DA:2997,1
DA:3005,1
DA:3008,20
DA:3009,20
DA:3010,20
DA:3011,20
DA:3012,20
DA:3016,20
DA:3017,20
DA:3018,0
DA:3020,20
DA:3021,0
DA:3027,20
DA:3032,20
DA:3039,1
DA:3042,1
DA:3059,1
DA:3062,1
DA:3063,1
DA:3074,1
DA:3075,0
DA:3080,1
DA:3081,0
DA:3082,0
DA:3083,0
DA:3084,0
DA:3085,0
DA:3087,0
DA:3094,1
DA:3097,1
DA:3102,1
DA:3103,1
DA:3109,1
DA:3111,0
DA:3113,1
DA:3120,1
DA:3124,1
DA:3133,0
DA:3140,0
DA:3153,1
DA:3159,1
DA:3169,1
DA:3170,1
DA:3171,1
DA:3172,1
DA:3173,1
DA:3175,0
DA:3187,1
DA:3190,1
DA:3191,301
DA:3192,301
DA:3195,1
DA:3196,168
DA:3197,168
DA:3199,1
DA:3200,72
DA:3201,72
DA:3202,72
DA:3204,1
DA:3205,12
DA:3206,12
DA:3207,12
DA:3214,1
DA:3215,1
DA:3216,7
DA:3223,1
DA:3224,1
DA:3225,0
DA:3228,1
DA:3229,0
DA:3230,0
DA:3231,0
DA:3232,0
DA:3233,0
DA:3235,0
DA:3236,0
DA:3237,0
DA:3238,0
DA:3247,1
DA:3251,1
DA:3252,132
DA:3253,132
DA:3254,114
DA:3255,132
DA:3258,1
DA:3259,0
DA:3260,0
DA:3261,0
DA:3263,0
DA:3264,0
DA:3265,0
DA:3269,1
DA:3270,1
DA:3271,0
DA:3272,0
DA:3273,0
DA:3274,0
DA:3275,0
DA:3279,0
DA:3280,0
DA:3285,1
DA:3286,6
DA:3287,0
DA:3288,0
DA:3289,0
DA:3291,0
DA:3293,0
DA:3295,0
DA:3296,0
DA:3297,0
DA:3299,0
DA:3300,0
DA:3305,6
DA:3310,1
DA:3311,0
DA:3312,0
DA:3313,0
DA:3314,0
DA:3315,0
DA:3316,0
DA:3317,0
DA:3318,0
DA:3321,0
DA:3324,1
DA:3325,0
DA:3326,0
DA:3328,0
DA:3329,0
DA:3330,0
DA:3332,0
DA:3335,1
DA:3336,0
DA:3337,0
DA:3344,1
DA:3345,37
DA:3346,1
DA:3347,0
DA:3348,0
DA:3349,0
DA:3351,0
DA:3356,1
DA:3357,100
DA:3360,1
DA:3361,0
DA:3362,0
DA:3364,0
DA:3368,1
DA:3369,7
DA:3370,0
DA:3374,1
DA:3375,42
DA:3376,42
DA:3377,30
DA:3378,30
DA:3380,12
DA:3381,12
DA:3382,12
DA:3383,0
DA:3384,0
DA:3385,0
DA:3386,0
DA:3387,0
DA:3388,0
DA:3390,7
DA:3391,7
DA:3394,12
DA:3396,0
DA:3399,1
DA:3400,30
DA:3401,30
DA:3405,30
DA:3406,0
DA:3407,0
DA:3408,0
DA:3411,42
DA:3413,30
DA:3414,0
DA:3415,0
DA:3416,0
DA:3417,0
DA:3420,0
DA:3421,0
DA:3422,0
DA:3423,0
DA:3424,0
DA:3425,0
DA:3430,1
DA:3431,1
DA:3432,0
DA:3437,1
DA:3450,22
DA:3456,6
DA:3457,6
DA:3458,6
DA:3460,0
DA:3462,6
DA:3464,6
DA:3465,6
DA:3466,6
DA:3468,6
DA:3469,24
DA:3470,12
DA:3471,30
DA:3473,6
DA:3474,6
DA:3475,6
DA:3476,6
DA:3479,126
DA:3480,126
DA:3481,126
DA:3482,126
DA:3483,126
DA:3484,126
DA:3485,0
DA:3487,0
DA:3488,0
DA:3491,126
DA:3492,0
DA:3494,126
DA:3498,6
DA:3500,6
DA:3501,6
DA:3502,8
DA:3503,8
DA:3506,6
DA:3507,6
DA:3508,7
DA:3509,7
DA:3510,7
DA:3511,7
DA:3512,7
DA:3515,6
DA:3517,6
DA:3521,100
DA:3522,100
DA:3523,100
DA:3524,0
DA:3526,100
DA:3527,100
DA:3528,0
DA:3529,0
DA:3534,6
DA:3538,0
DA:3539,0
DA:3540,0
DA:3541,0
DA:3542,0
DA:3543,0
DA:3548,6
DA:3554,6
DA:3557,6
DA:3558,0
DA:3560,6
DA:3561,6
DA:3594,0
DA:3595,0
DA:3615,0
DA:3616,0
DA:3618,0
DA:3619,0
DA:3620,0
DA:3622,0
DA:3623,0
DA:3624,0
DA:3628,0
DA:3630,0
DA:3632,0
DA:3633,0
DA:3634,0
DA:3635,0
DA:3636,0
DA:3637,0
DA:3638,0
DA:3652,0
DA:3653,0
DA:3654,0
DA:3655,0
DA:3657,0
DA:3658,0
DA:3660,0
DA:3662,0
DA:3663,0
DA:3665,0
DA:3666,0
DA:3667,0
DA:3669,0
DA:3680,0
DA:3681,0
DA:3682,0
DA:3683,0
DA:3690,0
DA:3702,0
DA:3703,0
DA:3705,0
DA:3706,0
DA:3714,24
DA:3715,24
DA:3716,30
DA:3717,132
DA:3719,24
DA:3727,0
DA:3735,0
DA:3736,0
DA:3737,0
DA:3738,0
DA:3739,0
DA:3740,0
DA:3745,1
DA:3747,0
DA:3748,1
DA:3752,1
DA:3755,1
DA:3759,0
DA:3760,0
DA:3764,0
DA:3768,0
DA:3769,0
DA:3773,0
DA:3777,0
DA:3781,0
DA:3782,0
DA:3783,0
DA:3785,0
DA:3786,0
DA:3790,0
DA:3791,0
DA:3792,0
DA:3794,0
DA:3798,0
DA:3805,0
DA:3809,0
DA:3810,0
DA:3811,0
DA:3813,0
DA:3814,0
DA:3815,0
DA:3816,0
DA:3817,0
DA:3819,0
DA:3826,0
DA:3827,0
DA:3828,0
DA:3832,0
DA:3833,0
DA:3835,0
DA:3843,0
DA:3847,0
DA:3848,0
DA:3854,78
DA:3856,78
DA:3857,0
DA:3859,0
DA:3860,0
DA:3861,0
DA:3863,0
DA:3865,0
DA:3866,0
DA:3867,0
DA:3869,0
DA:3870,0
DA:3871,0
DA:3872,0
DA:3873,0
DA:3874,0
DA:3875,0
DA:3876,0
DA:3877,0
DA:3878,0
DA:3879,0
DA:3880,0
DA:3881,0
DA:3882,0
DA:3883,0
DA:3884,0
DA:3886,0
DA:3887,0
DA:3888,0
DA:3892,78
DA:3893,0
DA:3895,78
DA:3899,0
DA:3900,0
DA:3907,0
DA:3921,0
DA:3922,0
DA:3923,0
DA:3924,0
DA:3925,0
DA:3926,0
DA:3928,0
DA:3929,0
DA:3930,0
DA:3931,0
DA:3932,0
DA:3933,0
DA:3934,0
DA:3935,0
DA:3936,0
DA:3937,0
DA:3940,0
DA:3941,0
DA:3943,0
DA:3946,0
DA:3947,0
DA:3952,0
DA:3954,0
DA:3955,0
DA:3957,0
DA:3958,0
DA:3959,0
DA:3960,0
DA:3961,0
DA:3966,0
DA:3967,0
DA:3969,0
DA:3973,0
DA:3974,0
DA:3975,0
DA:3977,0
DA:3978,0
DA:3980,0
DA:3981,0
DA:3982,0
DA:3986,126
DA:3987,126
DA:3988,0
DA:3990,126
DA:3994,0
DA:3995,0
DA:3996,0
DA:3997,0
DA:3998,0
DA:4000,0
DA:4004,0
DA:4008,1
DA:4010,1
DA:4011,1
DA:4012,1
DA:4014,1
DA:4015,1
DA:4016,1
DA:4019,0
DA:4020,0
DA:4021,0
DA:4024,1
DA:4026,1
DA:4034,0
DA:4035,0
DA:4036,0
DA:4037,0
DA:4038,0
DA:4040,0
DA:4047,0
DA:4048,0
DA:4049,0
DA:4050,0
DA:4051,0
DA:4056,0
DA:4060,0
DA:4061,0
DA:4062,0
DA:4065,0
DA:4073,1
DA:4076,1
DA:4077,0
DA:4078,0
DA:4081,1
DA:4082,0
DA:4083,0
DA:4086,1
DA:4087,0
DA:4088,0
DA:4091,1
DA:4095,0
DA:4103,0
DA:4112,0
DA:4117,1
DA:4118,3
DA:4119,3
DA:4125,1
DA:4126,0
DA:4127,0
DA:4128,0
DA:4130,0
DA:4131,0
DA:4132,0
DA:4133,0
DA:4134,0
DA:4137,0
DA:4138,0
DA:4139,0
DA:4143,1
DA:4144,0
DA:4145,0
DA:4147,0
DA:4148,0
DA:4149,0
DA:4150,0
DA:4152,0
DA:4156,1
DA:4157,0
DA:4159,0
DA:4164,0
DA:4167,1
DA:4176,0
DA:4177,0
DA:4179,0
DA:4180,0
DA:4181,0
DA:4183,0
DA:4184,0
DA:4187,0
DA:4188,0
DA:4191,0
DA:4192,0
DA:4193,0
DA:4195,0
DA:4197,0
DA:4198,0
DA:4203,1
DA:4204,1
DA:4206,1
DA:4207,1
LF:1713
LH:917
BRDA:11,1,0,1
BRDA:11,1,1,0
BRDA:15,2,0,1
BRDA:15,2,1,0
BRDA:18,3,0,0
BRDA:18,3,1,1
BRDA:18,4,0,1
BRDA:18,4,1,0
BRDA:31,5,0,1
BRDA:31,5,1,0
BRDA:40,6,0,1
BRDA:40,6,1,1
BRDA:40,6,2,1
BRDA:40,6,3,0
BRDA:40,6,4,0
BRDA:40,6,5,0
BRDA:40,6,6,0
BRDA:47,7,0,0
BRDA:47,7,1,0
BRDA:51,8,0,1
BRDA:51,8,1,0
BRDA:63,9,0,0
BRDA:63,9,1,1
BRDA:80,10,0,1
BRDA:80,10,1,0
BRDA:82,11,0,1
BRDA:82,11,1,0
BRDA:95,12,0,0
BRDA:95,12,1,0
BRDA:114,13,0,1
BRDA:114,13,1,0
BRDA:136,14,0,0
BRDA:136,14,1,1
BRDA:147,15,0,115
BRDA:147,15,1,0
BRDA:154,16,0,115
BRDA:154,16,1,115
BRDA:155,17,0,115
BRDA:155,17,1,23
BRDA:157,18,0,114
BRDA:157,18,1,1
BRDA:182,19,0,1
BRDA:182,19,1,0
BRDA:189,20,0,1
BRDA:189,20,1,0
BRDA:189,21,0,1
BRDA:189,21,1,1
BRDA:200,22,0,0
BRDA:200,22,1,0
BRDA:203,23,0,0
BRDA:203,23,1,0
BRDA:221,24,0,0
BRDA:221,24,1,0
BRDA:229,25,0,0
BRDA:229,25,1,0
BRDA:233,26,0,0
BRDA:233,26,1,0
BRDA:243,27,0,0
BRDA:243,27,1,0
BRDA:254,28,0,0
BRDA:254,28,1,0
BRDA:280,29,0,1
BRDA:280,29,1,0
BRDA:292,30,0,0
BRDA:292,30,1,10
BRDA:292,31,0,10
BRDA:292,31,1,0
BRDA:300,32,0,86
BRDA:300,32,1,74
BRDA:300,33,0,160
BRDA:300,33,1,86
BRDA:305,34,0,0
BRDA:305,34,1,0
BRDA:305,35,0,0
BRDA:305,35,1,0
BRDA:311,36,0,0
BRDA:311,36,1,0
BRDA:342,37,0,0
BRDA:342,37,1,1
BRDA:352,38,0,1
BRDA:352,38,1,0
BRDA:361,39,0,0
BRDA:361,39,1,0
BRDA:387,40,0,17
BRDA:387,40,1,18
BRDA:394,41,0,10
BRDA:394,41,1,0
BRDA:394,41,2,10
BRDA:420,42,0,33
BRDA:420,42,1,0
BRDA:427,43,0,16
BRDA:427,43,1,16
BRDA:434,44,0,0
BRDA:434,44,1,33
BRDA:437,45,0,33
BRDA:437,45,1,32
BRDA:459,46,0,29
BRDA:459,46,1,64
BRDA:465,47,0,1
BRDA:465,47,1,55
BRDA:465,48,0,56
BRDA:465,48,1,55
BRDA:469,49,0,51
BRDA:469,49,1,4
BRDA:495,50,0,0
BRDA:495,50,1,10
BRDA:495,51,0,10
BRDA:495,51,1,0
BRDA:495,51,2,0
BRDA:495,51,3,10
BRDA:495,51,4,0
BRDA:495,51,5,10
BRDA:495,51,6,8
BRDA:495,51,7,8
BRDA:495,51,8,10
BRDA:495,51,9,0
BRDA:511,52,0,9
BRDA:511,52,1,1
BRDA:520,53,0,0
BRDA:520,53,1,1
BRDA:533,54,0,10
BRDA:533,54,1,0
BRDA:547,55,0,7
BRDA:547,55,1,0
BRDA:614,56,0,0
BRDA:614,56,1,0
BRDA:631,57,0,0
BRDA:631,57,1,0
BRDA:643,58,0,0
BRDA:643,58,1,16
BRDA:648,59,0,0
BRDA:648,59,1,16
BRDA:648,60,0,16
BRDA:648,60,1,0
BRDA:677,61,0,16
BRDA:677,61,1,35
BRDA:680,62,0,0
BRDA:680,62,1,16
BRDA:697,63,0,8
BRDA:697,63,1,11
BRDA:700,64,0,8
BRDA:700,64,1,11
BRDA:703,65,0,19
BRDA:703,65,1,0
BRDA:706,66,0,19
BRDA:706,66,1,0
BRDA:706,67,0,19
BRDA:706,67,1,0
BRDA:716,68,0,7
BRDA:716,68,1,8
BRDA:719,69,0,7
BRDA:719,69,1,8
BRDA:722,70,0,15
BRDA:722,70,1,0
BRDA:725,71,0,15
BRDA:725,71,1,0
BRDA:725,72,0,15
BRDA:725,72,1,0
BRDA:737,73,0,0
BRDA:737,73,1,9
BRDA:743,74,0,1
BRDA:743,74,1,8
BRDA:761,75,0,8
BRDA:761,75,1,7
BRDA:777,76,0,2
BRDA:777,76,1,0
BRDA:777,76,2,9
BRDA:777,76,3,25
BRDA:792,77,0,1
BRDA:792,77,1,1
BRDA:796,78,0,4
BRDA:796,78,1,1
BRDA:800,79,0,0
BRDA:800,79,1,1
BRDA:800,80,0,1
BRDA:800,80,1,1
BRDA:800,80,2,1
BRDA:800,80,3,0
BRDA:806,81,0,0
BRDA:806,81,1,1
BRDA:828,82,0,0
BRDA:828,82,1,0
BRDA:832,83,0,0
BRDA:832,83,1,0
BRDA:849,84,0,16
BRDA:849,84,1,9
BRDA:869,85,0,0
BRDA:869,85,1,50
BRDA:884,86,0,1
BRDA:884,86,1,0
BRDA:901,87,0,1
BRDA:901,87,1,1
BRDA:927,88,0,1
BRDA:927,88,1,1
BRDA:927,88,2,0
BRDA:927,88,3,0
BRDA:927,88,4,0
BRDA:946,89,0,0
BRDA:946,89,1,1
BRDA:953,90,0,0
BRDA:953,90,1,58
BRDA:968,91,0,197
BRDA:968,91,1,28
BRDA:970,92,0,207
BRDA:970,92,1,11
BRDA:975,93,0,58
BRDA:975,93,1,0
BRDA:1006,94,0,0
BRDA:1006,94,1,1
BRDA:1011,95,0,1
BRDA:1011,95,1,0
BRDA:1012,96,0,0
BRDA:1012,96,1,0
BRDA:1056,97,0,33
BRDA:1056,97,1,33
BRDA:1061,98,0,0
BRDA:1061,98,1,82
BRDA:1071,99,0,0
BRDA:1071,99,1,49
BRDA:1080,100,0,0
BRDA:1080,100,1,126
BRDA:1093,101,0,1
BRDA:1093,101,1,1
BRDA:1101,102,0,18
BRDA:1101,102,1,207
BRDA:1110,103,0,217
BRDA:1110,103,1,199
BRDA:1117,104,0,208
BRDA:1117,104,1,0
BRDA:1130,105,0,132
BRDA:1130,105,1,50
BRDA:1130,106,0,182
BRDA:1130,106,1,132
BRDA:1130,106,2,0
BRDA:1134,107,0,8
BRDA:1134,107,1,124
BRDA:1134,108,0,132
BRDA:1134,108,1,122
BRDA:1136,109,0,8
BRDA:1136,109,1,0
BRDA:1157,110,0,17
BRDA:1157,110,1,0
BRDA:1170,111,0,7
BRDA:1170,111,1,10
BRDA:1170,112,0,17
BRDA:1170,112,1,7
BRDA:1170,112,2,0
BRDA:1174,113,0,7
BRDA:1174,113,1,0
BRDA:1174,114,0,7
BRDA:1174,114,1,7
BRDA:1176,115,0,7
BRDA:1176,115,1,0
BRDA:1188,116,0,8
BRDA:1188,116,1,271
BRDA:1191,117,0,271
BRDA:1191,117,1,247
BRDA:1197,118,0,0
BRDA:1197,118,1,0
BRDA:1197,119,0,0
BRDA:1197,119,1,0
BRDA:1198,120,0,0
BRDA:1198,120,1,0
BRDA:1226,121,0,0
BRDA:1226,121,1,16
BRDA:1228,122,0,0
BRDA:1228,122,1,0
BRDA:1228,123,0,0
BRDA:1228,123,1,0
BRDA:1228,123,2,0
BRDA:1229,124,0,0
BRDA:1229,124,1,0
BRDA:1231,125,0,0
BRDA:1231,125,1,0
BRDA:1231,125,2,0
BRDA:1234,126,0,0
BRDA:1234,126,1,0
BRDA:1234,126,2,0
BRDA:1234,126,3,0
BRDA:1234,126,4,0
BRDA:1234,126,5,0
BRDA:1238,127,0,0
BRDA:1238,127,1,0
BRDA:1242,128,0,24
BRDA:1242,128,1,0
BRDA:1244,129,0,0
BRDA:1244,129,1,16
BRDA:1250,130,0,0
BRDA:1250,130,1,8
BRDA:1257,131,0,16
BRDA:1257,131,1,0
BRDA:1269,132,0,0
BRDA:1269,132,1,0
BRDA:1277,133,0,0
BRDA:1277,133,1,0
BRDA:1288,134,0,0
BRDA:1288,134,1,1
BRDA:1301,135,0,1
BRDA:1301,135,1,0
BRDA:1304,136,0,1
BRDA:1304,136,1,0
BRDA:1370,137,0,61
BRDA:1370,137,1,29
BRDA:1370,138,0,90
BRDA:1370,138,1,62
BRDA:1372,139,0,61
BRDA:1372,139,1,61
BRDA:1373,140,0,4
BRDA:1373,140,1,57
BRDA:1374,141,0,0
BRDA:1374,141,1,4
BRDA:1374,142,0,4
BRDA:1374,142,1,0
BRDA:1376,143,0,4
BRDA:1376,143,1,0
BRDA:1376,144,0,4
BRDA:1376,144,1,4
BRDA:1384,145,0,126
BRDA:1384,145,1,0
BRDA:1386,146,0,0
BRDA:1386,146,1,126
BRDA:1399,147,0,126
BRDA:1399,147,1,0
BRDA:1408,148,0,126
BRDA:1408,148,1,0
BRDA:1428,149,0,0
BRDA:1428,149,1,0
BRDA:1431,150,0,0
BRDA:1431,150,1,0
BRDA:1443,151,0,126
BRDA:1443,151,1,0
BRDA:1525,152,0,6
BRDA:1525,152,1,0
BRDA:1526,153,0,0
BRDA:1526,153,1,6
BRDA:1529,154,0,0
BRDA:1529,154,1,6
BRDA:1533,155,0,0
BRDA:1533,155,1,6
BRDA:1537,156,0,0
BRDA:1537,156,1,6
BRDA:1541,157,0,0
BRDA:1541,157,1,6
BRDA:1547,158,0,6
BRDA:1547,158,1,6
BRDA:1569,159,0,0
BRDA:1569,159,1,6
BRDA:1581,160,0,0
BRDA:1581,160,1,6
BRDA:1602,161,0,100
BRDA:1602,161,1,0
BRDA:1602,162,0,100
BRDA:1602,162,1,100
BRDA:1610,163,0,0
BRDA:1610,163,1,48
BRDA:1623,164,0,0
BRDA:1623,164,1,6
BRDA:1636,165,0,0
BRDA:1636,165,1,0
BRDA:1639,166,0,6
BRDA:1639,166,1,6
BRDA:1640,167,0,0
BRDA:1640,167,1,6
BRDA:1649,168,0,0
BRDA:1649,168,1,6
BRDA:1653,169,0,0
BRDA:1653,169,1,0
BRDA:1657,170,0,0
BRDA:1657,170,1,0
BRDA:1667,171,0,0
BRDA:1667,171,1,0
BRDA:1694,172,0,199
BRDA:1694,172,1,6
BRDA:1713,173,0,1
BRDA:1713,173,1,0
BRDA:1723,174,0,132
BRDA:1723,174,1,132
BRDA:1724,175,0,122
BRDA:1724,175,1,10
BRDA:1725,176,0,122
BRDA:1725,176,1,0
BRDA:1725,177,0,122
BRDA:1725,177,1,122
BRDA:1729,178,0,0
BRDA:1729,178,1,0
BRDA:1729,179,0,0
BRDA:1729,179,1,0
BRDA:1734,180,0,0
BRDA:1734,180,1,10
BRDA:1741,181,0,0
BRDA:1741,181,1,10
BRDA:1765,182,0,0
BRDA:1765,182,1,1
BRDA:1765,183,0,1
BRDA:1765,183,1,0
BRDA:1772,184,0,0
BRDA:1772,184,1,0
BRDA:1819,185,0,0
BRDA:1819,185,1,1
BRDA:1848,186,0,1
BRDA:1848,186,1,0
BRDA:1849,187,0,0
BRDA:1849,187,1,1
BRDA:1864,188,0,1
BRDA:1864,188,1,0
BRDA:1879,189,0,1
BRDA:1879,189,1,0
BRDA:1891,190,0,0
BRDA:1891,190,1,1
BRDA:1891,191,0,1
BRDA:1891,191,1,0
BRDA:1893,192,0,0
BRDA:1893,192,1,0
BRDA:1904,193,0,0
BRDA:1904,193,1,1
BRDA:1904,194,0,1
BRDA:1904,194,1,1
BRDA:1908,195,0,0
BRDA:1908,195,1,1
BRDA:1908,196,0,1
BRDA:1908,196,1,0
BRDA:1908,196,2,0
BRDA:1908,196,3,0
BRDA:1914,197,0,0
BRDA:1914,197,1,1
BRDA:1914,198,0,1
BRDA:1914,198,1,0
BRDA:1942,199,0,1
BRDA:1942,199,1,1
BRDA:1964,200,0,0
BRDA:1964,200,1,1
BRDA:1970,201,0,0
BRDA:1970,201,1,0
BRDA:1970,201,2,0
BRDA:1974,202,0,0
BRDA:1974,202,1,0
BRDA:2003,203,0,1
BRDA:2003,203,1,1
BRDA:2011,204,0,0
BRDA:2011,204,1,1
BRDA:2014,205,0,2
BRDA:2014,205,1,2
BRDA:2020,206,0,1
BRDA:2020,206,1,1
BRDA:2022,207,0,1
BRDA:2022,207,1,0
BRDA:2022,208,0,1
BRDA:2022,208,1,1
BRDA:2029,209,0,1
BRDA:2029,209,1,0
BRDA:2043,210,0,1
BRDA:2043,210,1,0
BRDA:2043,211,0,1
BRDA:2043,211,1,1
BRDA:2052,212,0,0
BRDA:2052,212,1,1
BRDA:2053,213,0,0
BRDA:2053,213,1,0
BRDA:2054,214,0,0
BRDA:2054,214,1,0
BRDA:2073,215,0,0
BRDA:2073,215,1,0
BRDA:2073,216,0,0
BRDA:2073,216,1,0
BRDA:2073,216,2,0
BRDA:2089,217,0,0
BRDA:2089,217,1,1
BRDA:2091,218,0,0
BRDA:2091,218,1,0
BRDA:2092,219,0,0
BRDA:2092,219,1,0
BRDA:2099,220,0,0
BRDA:2099,220,1,0
BRDA:2100,221,0,0
BRDA:2100,221,1,0
BRDA:2107,222,0,0
BRDA:2107,222,1,0
BRDA:2112,223,0,0
BRDA:2112,223,1,0
BRDA:2123,224,0,0
BRDA:2123,224,1,0
BRDA:2125,225,0,0
BRDA:2125,225,1,0
BRDA:2249,226,0,0
BRDA:2249,226,1,0
BRDA:2249,226,2,0
BRDA:2249,226,3,0
BRDA:2256,227,0,0
BRDA:2256,227,1,0
BRDA:2256,228,0,0
BRDA:2256,228,1,0
BRDA:2261,229,0,0
BRDA:2261,229,1,0
BRDA:2266,230,0,0
BRDA:2266,230,1,0
BRDA:2267,231,0,0
BRDA:2267,231,1,0
BRDA:2271,232,0,0
BRDA:2271,232,1,0
BRDA:2272,233,0,0
BRDA:2272,233,1,0
BRDA:2324,234,0,1
BRDA:2324,234,1,0
BRDA:2341,235,0,0
BRDA:2341,235,1,0
BRDA:2347,236,0,0
BRDA:2347,236,1,0
BRDA:2354,237,0,0
BRDA:2354,237,1,0
BRDA:2361,238,0,0
BRDA:2361,238,1,0
BRDA:2375,239,0,0
BRDA:2375,239,1,0
BRDA:2376,240,0,0
BRDA:2376,240,1,0
BRDA:2380,241,0,0
BRDA:2380,241,1,0
BRDA:2385,242,0,0
BRDA:2385,242,1,0
BRDA:2404,243,0,0
BRDA:2404,243,1,0
BRDA:2419,244,0,1
BRDA:2419,244,1,0
BRDA:2454,245,0,40
BRDA:2454,245,1,24
BRDA:2455,246,0,16
BRDA:2455,246,1,8
BRDA:2455,247,0,24
BRDA:2455,247,1,24
BRDA:2462,248,0,20
BRDA:2462,248,1,0
BRDA:2465,249,0,40
BRDA:2465,249,1,20
BRDA:2466,250,0,4
BRDA:2466,250,1,16
BRDA:2466,251,0,20
BRDA:2466,251,1,20
BRDA:2534,252,0,0
BRDA:2534,252,1,2
BRDA:2540,253,0,0
BRDA:2540,253,1,0
BRDA:2541,254,0,0
BRDA:2541,254,1,0
BRDA:2545,255,0,0
BRDA:2545,255,1,0
BRDA:2554,256,0,0
BRDA:2554,256,1,0
BRDA:2568,257,0,0
BRDA:2568,257,1,0
BRDA:2575,258,0,0
BRDA:2575,258,1,0
BRDA:2580,259,0,0
BRDA:2580,259,1,0
BRDA:2585,260,0,0
BRDA:2585,260,1,0
BRDA:2594,261,0,0
BRDA:2594,261,1,0
BRDA:2597,262,0,0
BRDA:2597,262,1,0
BRDA:2602,263,0,0
BRDA:2602,263,1,0
BRDA:2602,264,0,0
BRDA:2602,264,1,0
BRDA:2609,265,0,0
BRDA:2609,265,1,0
BRDA:2613,266,0,0
BRDA:2613,266,1,0
BRDA:2622,267,0,0
BRDA:2622,267,1,0
BRDA:2653,268,0,0
BRDA:2653,268,1,0
BRDA:2661,269,0,0
BRDA:2661,269,1,0
BRDA:2672,270,0,0
BRDA:2672,270,1,0
BRDA:2672,271,0,0
BRDA:2672,271,1,0
BRDA:2675,272,0,0
BRDA:2675,272,1,0
BRDA:2678,273,0,0
BRDA:2678,273,1,0
BRDA:2681,274,0,0
BRDA:2681,274,1,0
BRDA:2683,275,0,0
BRDA:2683,275,1,0
BRDA:2684,276,0,0
BRDA:2684,276,1,0
BRDA:2686,277,0,0
BRDA:2686,277,1,0
BRDA:2691,278,0,0
BRDA:2691,278,1,0
BRDA:2704,279,0,0
BRDA:2704,279,1,0
BRDA:2721,280,0,2
BRDA:2721,280,1,2
BRDA:2721,280,2,2
BRDA:2728,281,0,2
BRDA:2728,281,1,0
BRDA:2728,282,0,2
BRDA:2728,282,1,2
BRDA:2731,283,0,2
BRDA:2731,283,1,0
BRDA:2732,284,0,0
BRDA:2732,284,1,0
BRDA:2733,285,0,0
BRDA:2733,285,1,0
BRDA:2734,286,0,0
BRDA:2734,286,1,0
BRDA:2752,287,0,22
BRDA:2752,287,1,2
BRDA:2753,288,0,22
BRDA:2753,288,1,0
BRDA:2766,289,0,0
BRDA:2766,289,1,0
BRDA:2766,290,0,0
BRDA:2766,290,1,0
BRDA:2775,291,0,0
BRDA:2775,291,1,0
BRDA:2790,292,0,0
BRDA:2790,292,1,0
BRDA:2792,293,0,0
BRDA:2792,293,1,0
BRDA:2871,294,0,21
BRDA:2871,294,1,1
BRDA:2872,295,0,21
BRDA:2872,295,1,0
BRDA:2877,296,0,0
BRDA:2877,296,1,0
BRDA:2883,297,0,0
BRDA:2883,297,1,0
BRDA:2886,298,0,0
BRDA:2886,298,1,0
BRDA:2888,299,0,0
BRDA:2888,299,1,0
BRDA:2888,300,0,0
BRDA:2888,300,1,0
BRDA:2889,301,0,0
BRDA:2889,301,1,0
BRDA:2932,302,0,0
BRDA:2932,302,1,0
BRDA:2944,303,0,0
BRDA:2944,303,1,0
BRDA:2958,304,0,0
BRDA:2958,304,1,0
BRDA:2958,305,0,0
BRDA:2958,305,1,0
BRDA:2965,306,0,0
BRDA:2965,306,1,1
BRDA:2969,307,0,0
BRDA:2969,307,1,0
BRDA:3009,308,0,40
BRDA:3009,308,1,20
BRDA:3010,309,0,20
BRDA:3010,309,1,0
BRDA:3017,310,0,0
BRDA:3017,310,1,20
BRDA:3020,311,0,0
BRDA:3020,311,1,20
BRDA:3020,312,0,20
BRDA:3020,312,1,0
BRDA:3027,313,0,20
BRDA:3027,313,1,20
BRDA:3032,314,0,20
BRDA:3032,314,1,20
BRDA:3042,315,0,1
BRDA:3042,315,1,0
BRDA:3042,315,2,0
BRDA:3042,315,3,0
BRDA:3042,315,4,0
BRDA:3074,316,0,0
BRDA:3074,316,1,1
BRDA:3080,317,0,0
BRDA:3080,317,1,1
BRDA:3080,318,0,1
BRDA:3080,318,1,0
BRDA:3082,319,0,0
BRDA:3082,319,1,0
BRDA:3109,320,0,0
BRDA:3109,320,1,1
BRDA:3109,321,0,1
BRDA:3109,321,1,1
BRDA:3109,321,2,0
BRDA:3140,322,0,0
BRDA:3140,322,1,0
BRDA:3154,323,0,1
BRDA:3154,323,1,0
BRDA:3154,323,2,0
BRDA:3160,324,0,0
BRDA:3160,324,1,1
BRDA:3163,325,0,0
BRDA:3163,325,1,1
BRDA:3166,326,0,1
BRDA:3166,326,1,1
BRDA:3167,327,0,1
BRDA:3167,327,1,0
BRDA:3192,328,0,301
BRDA:3192,328,1,5
BRDA:3196,329,0,168
BRDA:3196,329,1,54
BRDA:3197,330,0,84
BRDA:3197,330,1,84
BRDA:3216,331,0,7
BRDA:3216,331,1,0
BRDA:3225,332,0,0
BRDA:3225,332,1,0
BRDA:3225,333,0,0
BRDA:3225,333,1,0
BRDA:3233,334,0,0
BRDA:3233,334,1,0
BRDA:3235,335,0,0
BRDA:3235,335,1,0
BRDA:3253,336,0,18
BRDA:3253,336,1,114
BRDA:3253,337,0,132
BRDA:3253,337,1,84
BRDA:3260,338,0,0
BRDA:3260,338,1,0
BRDA:3261,339,0,0
BRDA:3261,339,1,0
BRDA:3263,340,0,0
BRDA:3263,340,1,0
BRDA:3264,341,0,0
BRDA:3264,341,1,0
BRDA:3271,342,0,0
BRDA:3271,342,1,0
BRDA:3275,343,0,0
BRDA:3275,343,1,0
BRDA:3291,344,0,0
BRDA:3291,344,1,0
BRDA:3293,345,0,0
BRDA:3293,345,1,0
BRDA:3293,345,2,0
BRDA:3296,346,0,0
BRDA:3296,346,1,0
BRDA:3312,347,0,0
BRDA:3312,347,1,0
BRDA:3313,348,0,0
BRDA:3313,348,1,0
BRDA:3314,349,0,0
BRDA:3314,349,1,0
BRDA:3317,350,0,0
BRDA:3317,350,1,0
BRDA:3321,351,0,0
BRDA:3321,351,1,0
BRDA:3325,352,0,0
BRDA:3325,352,1,0
BRDA:3328,353,0,0
BRDA:3328,353,1,0
BRDA:3328,354,0,0
BRDA:3328,354,1,0
BRDA:3336,355,0,0
BRDA:3336,355,1,0
BRDA:3349,356,0,0
BRDA:3349,356,1,0
BRDA:3357,357,0,0
BRDA:3357,357,1,100
BRDA:3357,358,0,100
BRDA:3357,358,1,0
BRDA:3361,359,0,0
BRDA:3361,359,1,0
BRDA:3361,360,0,0
BRDA:3361,360,1,0
BRDA:3361,360,2,0
BRDA:3362,361,0,0
BRDA:3362,361,1,0
BRDA:3362,362,0,0
BRDA:3362,362,1,0
BRDA:3369,363,0,0
BRDA:3369,363,1,7
BRDA:3376,364,0,30
BRDA:3376,364,1,12
BRDA:3380,365,0,12
BRDA:3380,365,1,0
BRDA:3382,366,0,0
BRDA:3382,366,1,12
BRDA:3383,367,0,0
BRDA:3383,367,1,0
BRDA:3383,368,0,0
BRDA:3383,368,1,0
BRDA:3384,369,0,0
BRDA:3384,369,1,0
BRDA:3384,370,0,0
BRDA:3384,370,1,0
BRDA:3389,371,0,12
BRDA:3389,371,1,0
BRDA:3394,372,0,0
BRDA:3394,372,1,12
BRDA:3405,373,0,0
BRDA:3405,373,1,30
BRDA:3406,374,0,0
BRDA:3406,374,1,0
BRDA:3406,375,0,0
BRDA:3406,375,1,0
BRDA:3413,376,0,0
BRDA:3413,376,1,30
BRDA:3414,377,0,0
BRDA:3414,377,1,0
BRDA:3415,378,0,0
BRDA:3415,378,1,0
BRDA:3420,379,0,0
BRDA:3420,379,1,0
BRDA:3421,380,0,0
BRDA:3421,380,1,0
BRDA:3421,381,0,0
BRDA:3421,381,1,0
BRDA:3422,382,0,0
BRDA:3422,382,1,0
BRDA:3422,383,0,0
BRDA:3422,383,1,0
BRDA:3450,384,0,14
BRDA:3450,384,1,8
BRDA:3457,385,0,6
BRDA:3457,385,1,0
BRDA:3462,386,0,6
BRDA:3462,386,1,0
BRDA:3473,387,0,0
BRDA:3473,387,1,6
BRDA:3474,388,0,0
BRDA:3474,388,1,6
BRDA:3475,389,0,6
BRDA:3475,389,1,0
BRDA:3480,390,0,0
BRDA:3480,390,1,126
BRDA:3480,391,0,126
BRDA:3480,391,1,0
BRDA:3481,392,0,0
BRDA:3481,392,1,126
BRDA:3483,393,0,126
BRDA:3483,393,1,0
BRDA:3487,394,0,0
BRDA:3487,394,1,0
BRDA:3487,395,0,0
BRDA:3487,395,1,0
BRDA:3488,396,0,0
BRDA:3488,396,1,0
BRDA:3500,397,0,6
BRDA:3500,397,1,0
BRDA:3500,398,0,6
BRDA:3500,398,1,0
BRDA:3502,399,0,8
BRDA:3502,399,1,0
BRDA:3503,400,0,8
BRDA:3503,400,1,0
BRDA:3506,401,0,6
BRDA:3506,401,1,0
BRDA:3515,402,0,6
BRDA:3515,402,1,0
BRDA:3523,403,0,0
BRDA:3523,403,1,100
BRDA:3524,404,0,0
BRDA:3524,404,1,0
BRDA:3524,405,0,0
BRDA:3524,405,1,0
BRDA:3527,406,0,0
BRDA:3527,406,1,100
BRDA:3528,407,0,0
BRDA:3528,407,1,0
BRDA:3528,408,0,0
BRDA:3528,408,1,0
BRDA:3541,409,0,0
BRDA:3541,409,1,0
BRDA:3542,410,0,0
BRDA:3542,410,1,0
BRDA:3542,411,0,0
BRDA:3542,411,1,0
BRDA:3548,412,0,0
BRDA:3548,412,1,6
BRDA:3550,413,0,0
BRDA:3550,413,1,6
BRDA:3557,414,0,0
BRDA:3557,414,1,6
BRDA:3594,415,0,0
BRDA:3594,415,1,0
BRDA:3615,416,0,0
BRDA:3615,416,1,0
BRDA:3615,416,2,0
BRDA:3615,416,3,0
BRDA:3615,416,4,0
BRDA:3615,416,5,0
BRDA:3618,417,0,0
BRDA:3618,417,1,0
BRDA:3620,418,0,0
BRDA:3620,418,1,0
BRDA:3620,418,2,0
BRDA:3622,419,0,0
BRDA:3622,419,1,0
BRDA:3632,420,0,0
BRDA:3632,420,1,0
BRDA:3633,421,0,0
BRDA:3633,421,1,0
BRDA:3633,422,0,0
BRDA:3633,422,1,0
BRDA:3634,423,0,0
BRDA:3634,423,1,0
BRDA:3634,424,0,0
BRDA:3634,424,1,0
BRDA:3653,425,0,0
BRDA:3653,425,1,0
BRDA:3653,426,0,0
BRDA:3653,426,1,0
BRDA:3653,426,2,0
BRDA:3653,426,3,0
BRDA:3681,427,0,0
BRDA:3681,427,1,0
BRDA:3682,428,0,0
BRDA:3682,428,1,0
BRDA:3683,429,0,0
BRDA:3683,429,1,0
BRDA:3683,430,0,0
BRDA:3683,430,1,0
BRDA:3714,431,0,0
BRDA:3714,431,1,24
BRDA:3737,432,0,0
BRDA:3737,432,1,0
BRDA:3737,433,0,0
BRDA:3737,433,1,0
BRDA:3740,434,0,0
BRDA:3740,434,1,0
BRDA:3740,435,0,0
BRDA:3740,435,1,0
BRDA:3745,436,0,1
BRDA:3745,436,1,1
BRDA:3745,436,2,1
BRDA:3752,437,0,1
BRDA:3752,437,1,1
BRDA:3752,437,2,1
BRDA:3769,438,0,0
BRDA:3769,438,1,0
BRDA:3783,439,0,0
BRDA:3783,439,1,0
BRDA:3792,440,0,0
BRDA:3792,440,1,0
BRDA:3798,441,0,0
BRDA:3798,441,1,0
BRDA:3806,442,0,0
BRDA:3806,442,1,0
BRDA:3809,443,0,0
BRDA:3809,443,1,0
BRDA:3815,444,0,0
BRDA:3815,444,1,0
BRDA:3816,445,0,0
BRDA:3816,445,1,0
BRDA:3827,446,0,0
BRDA:3827,446,1,0
BRDA:3829,447,0,0
BRDA:3829,447,1,0
BRDA:3829,448,0,0
BRDA:3829,448,1,0
BRDA:3829,449,0,0
BRDA:3829,449,1,0
BRDA:3846,450,0,0
BRDA:3846,450,1,0
BRDA:3847,451,0,0
BRDA:3847,451,1,0
BRDA:3856,452,0,0
BRDA:3856,452,1,78
BRDA:3860,453,0,0
BRDA:3860,453,1,0
BRDA:3860,454,0,0
BRDA:3860,454,1,0
BRDA:3861,455,0,0
BRDA:3861,455,1,0
BRDA:3863,456,0,0
BRDA:3863,456,1,0
BRDA:3869,457,0,0
BRDA:3869,457,1,0
BRDA:3870,458,0,0
BRDA:3870,458,1,0
BRDA:3870,459,0,0
BRDA:3870,459,1,0
BRDA:3875,460,0,0
BRDA:3875,460,1,0
BRDA:3876,461,0,0
BRDA:3876,461,1,0
BRDA:3881,462,0,0
BRDA:3881,462,1,0
BRDA:3881,463,0,0
BRDA:3881,463,1,0
BRDA:3886,464,0,0
BRDA:3886,464,1,0
BRDA:3886,465,0,0
BRDA:3886,465,1,0
BRDA:3887,466,0,0
BRDA:3887,466,1,0
BRDA:3893,467,0,0
BRDA:3893,467,1,0
BRDA:3893,468,0,0
BRDA:3893,468,1,0
BRDA:3900,469,0,0
BRDA:3900,469,1,0
BRDA:3920,470,0,0
BRDA:3920,470,1,0
BRDA:3921,471,0,0
BRDA:3921,471,1,0
BRDA:3922,472,0,0
BRDA:3922,472,1,0
BRDA:3922,473,0,0
BRDA:3922,473,1,0
BRDA:3930,474,0,0
BRDA:3930,474,1,0
BRDA:3932,475,0,0
BRDA:3932,475,1,0
BRDA:3933,476,0,0
BRDA:3933,476,1,0
BRDA:3934,477,0,0
BRDA:3934,477,1,0
BRDA:3943,478,0,0
BRDA:3943,478,1,0
BRDA:3946,479,0,0
BRDA:3946,479,1,0
BRDA:3946,480,0,0
BRDA:3946,480,1,0
BRDA:3946,480,2,0
BRDA:3949,481,0,0
BRDA:3949,481,1,0
BRDA:3949,482,0,0
BRDA:3949,482,1,0
BRDA:3957,483,0,0
BRDA:3957,483,1,0
BRDA:3957,484,0,0
BRDA:3957,484,1,0
BRDA:3957,484,2,0
BRDA:3960,485,0,0
BRDA:3960,485,1,0
BRDA:3963,486,0,0
BRDA:3963,486,1,0
BRDA:3966,487,0,0
BRDA:3966,487,1,0
BRDA:3973,488,0,0
BRDA:3973,488,1,0
BRDA:3981,489,0,0
BRDA:3981,489,1,0
BRDA:3994,490,0,0
BRDA:3994,490,1,0
BRDA:4008,491,0,1
BRDA:4008,491,1,1
BRDA:4014,492,0,1
BRDA:4014,492,1,0
BRDA:4024,493,0,0
BRDA:4024,493,1,1
BRDA:4034,494,0,0
BRDA:4034,494,1,0
BRDA:4036,495,0,0
BRDA:4036,495,1,0
BRDA:4056,496,0,0
BRDA:4056,496,1,0
BRDA:4061,497,0,0
BRDA:4061,497,1,0
BRDA:4061,498,0,0
BRDA:4061,498,1,0
BRDA:4095,499,0,0
BRDA:4095,499,1,0
BRDA:4095,499,2,0
BRDA:4097,500,0,0
BRDA:4097,500,1,0
BRDA:4103,501,0,0
BRDA:4103,501,1,0
BRDA:4104,502,0,0
BRDA:4104,502,1,0
BRDA:4104,503,0,0
BRDA:4104,503,1,0
BRDA:4104,503,2,0
BRDA:4104,503,3,0
BRDA:4104,503,4,0
BRDA:4106,504,0,0
BRDA:4106,504,1,0
BRDA:4112,505,0,0
BRDA:4112,505,1,0
BRDA:4112,505,2,0
BRDA:4126,506,0,0
BRDA:4126,506,1,0
BRDA:4128,507,0,0
BRDA:4128,507,1,0
BRDA:4137,508,0,0
BRDA:4137,508,1,0
BRDA:4144,509,0,0
BRDA:4144,509,1,0
BRDA:4145,510,0,0
BRDA:4145,510,1,0
BRDA:4159,511,0,0
BRDA:4159,511,1,0
BRDA:4160,512,0,0
BRDA:4160,512,1,0
BRDA:4160,512,2,0
BRDA:4160,512,3,0
BRDA:4177,513,0,0
BRDA:4177,513,1,0
BRDA:4177,513,2,0
BRDA:4177,513,3,0
BRDA:4177,513,4,0
BRDA:4177,513,5,0
BRDA:4177,513,6,0
BRDA:4179,514,0,0
BRDA:4179,514,1,0
BRDA:4179,515,0,0
BRDA:4179,515,1,0
BRDA:4183,516,0,0
BRDA:4183,516,1,0
BRDA:4191,517,0,0
BRDA:4191,517,1,0
BRDA:4191,518,0,0
BRDA:4191,518,1,0
BRDA:4195,519,0,0
BRDA:4195,519,1,0
BRDA:4204,520,0,0
BRDA:4204,520,1,1
BRDA:4204,521,0,1
BRDA:4204,521,1,0
BRF:1108
BRH:355
end_of_record
TN:
SF:./src/xblocks.js
FN:3,(anonymous_1)
FN:21,(anonymous_2)
FN:42,(anonymous_3)
FN:62,(anonymous_4)
FN:64,(anonymous_5)
FN:76,(anonymous_6)
FN:113,(anonymous_7)
FN:132,(anonymous_8)
FN:174,(anonymous_9)
FN:243,(anonymous_10)
FN:248,(anonymous_11)
FN:259,(anonymous_12)
FN:267,(anonymous_13)
FN:290,(anonymous_14)
FN:311,(anonymous_15)
FN:338,(anonymous_16)
FN:342,(anonymous_17)
FN:346,(anonymous_18)
FN:351,(anonymous_19)
FN:377,(anonymous_20)
FN:398,(anonymous_21)
FN:408,(anonymous_22)
FN:473,(anonymous_23)
FN:500,(anonymous_24)
FN:514,(anonymous_25)
FN:524,(anonymous_26)
FN:551,(anonymous_27)
FN:575,(anonymous_28)
FN:592,(anonymous_29)
FN:604,(anonymous_30)
FN:621,(anonymous_31)
FN:643,(anonymous_32)
FN:650,(anonymous_33)
FN:654,(anonymous_34)
FN:663,(anonymous_35)
FN:668,(anonymous_36)
FN:676,(anonymous_37)
FN:715,(anonymous_38)
FN:720,(anonymous_39)
FN:734,(anonymous_40)
FN:747,(anonymous_41)
FN:772,(anonymous_42)
FN:798,(anonymous_43)
FN:815,(anonymous_44)
FN:825,(anonymous_45)
FN:834,(anonymous_46)
FN:843,(anonymous_47)
FN:852,(anonymous_48)
FN:868,(anonymous_49)
FN:876,(anonymous_50)
FN:910,(anonymous_51)
FN:925,(anonymous_52)
FN:931,(anonymous_53)
FN:939,(anonymous_54)
FN:952,(anonymous_55)
FN:966,(anonymous_56)
FN:974,(anonymous_57)
FN:982,(anonymous_58)
FN:995,(anonymous_59)
FN:999,(anonymous_60)
FN:1011,(anonymous_61)
FN:1018,(anonymous_62)
FN:1025,(anonymous_63)
FN:1048,(anonymous_64)
FN:1063,(anonymous_65)
FN:1078,(anonymous_66)
FN:1084,(anonymous_67)
FN:1092,(anonymous_68)
FN:1105,(anonymous_69)
FN:1111,(anonymous_70)
FN:1136,(anonymous_71)
FN:1140,(anonymous_72)
FN:1165,(anonymous_73)
FN:1206,(anonymous_74)
FN:1215,(anonymous_75)
FN:1224,(anonymous_76)
FN:1233,(anonymous_77)
FN:1241,(anonymous_78)
FN:1249,(anonymous_79)
FN:1266,(anonymous_80)
FN:1276,(anonymous_81)
FN:1301,(anonymous_82)
FN:1309,(anonymous_83)
FN:1326,(anonymous_84)
FN:1369,(anonymous_85)
FN:1389,(anonymous_86)
FN:1393,(anonymous_87)
FN:1399,(anonymous_88)
FN:1408,(anonymous_89)
FN:1418,(anonymous_90)
FN:1446,(anonymous_91)
FN:1458,(anonymous_92)
FN:1468,(anonymous_93)
FN:1481,(anonymous_94)
FN:1507,(anonymous_95)
FN:1530,(anonymous_96)
FN:1542,(anonymous_97)
FNF:97
FNH:74
FNDA:1,(anonymous_1)
FNDA:0,(anonymous_2)
FNDA:284,(anonymous_3)
FNDA:1,(anonymous_4)
FNDA:126,(anonymous_5)
FNDA:497,(anonymous_6)
FNDA:271,(anonymous_7)
FNDA:3,(anonymous_8)
FNDA:95,(anonymous_9)
FNDA:1,(anonymous_10)
FNDA:0,(anonymous_11)
FNDA:9,(anonymous_12)
FNDA:9,(anonymous_13)
FNDA:0,(anonymous_14)
FNDA:7,(anonymous_15)
FNDA:0,(anonymous_16)
FNDA:0,(anonymous_17)
FNDA:1,(anonymous_18)
FNDA:19,(anonymous_19)
FNDA:126,(anonymous_20)
FNDA:1,(anonymous_21)
FNDA:0,(anonymous_22)
FNDA:0,(anonymous_23)
FNDA:118,(anonymous_24)
FNDA:121,(anonymous_25)
FNDA:71,(anonymous_26)
FNDA:72,(anonymous_27)
FNDA:18,(anonymous_28)
FNDA:1,(anonymous_29)
FNDA:1,(anonymous_30)
FNDA:4,(anonymous_31)
FNDA:1,(anonymous_32)
FNDA:0,(anonymous_33)
FNDA:0,(anonymous_34)
FNDA:0,(anonymous_35)
FNDA:0,(anonymous_36)
FNDA:0,(anonymous_37)
FNDA:1,(anonymous_38)
FNDA:1,(anonymous_39)
FNDA:17,(anonymous_40)
FNDA:0,(anonymous_41)
FNDA:17,(anonymous_42)
FNDA:7,(anonymous_43)
FNDA:8,(anonymous_44)
FNDA:0,(anonymous_45)
FNDA:0,(anonymous_46)
FNDA:7,(anonymous_47)
FNDA:7,(anonymous_48)
FNDA:7,(anonymous_49)
FNDA:0,(anonymous_50)
FNDA:1,(anonymous_51)
FNDA:0,(anonymous_52)
FNDA:1,(anonymous_53)
FNDA:6,(anonymous_54)
FNDA:6,(anonymous_55)
FNDA:126,(anonymous_56)
FNDA:8,(anonymous_57)
FNDA:134,(anonymous_58)
FNDA:1,(anonymous_59)
FNDA:8,(anonymous_60)
FNDA:1,(anonymous_61)
FNDA:126,(anonymous_62)
FNDA:8,(anonymous_63)
FNDA:7,(anonymous_64)
FNDA:100,(anonymous_65)
FNDA:29,(anonymous_66)
FNDA:18,(anonymous_67)
FNDA:7,(anonymous_68)
FNDA:54,(anonymous_69)
FNDA:63,(anonymous_70)
FNDA:16,(anonymous_71)
FNDA:4,(anonymous_72)
FNDA:8,(anonymous_73)
FNDA:1,(anonymous_74)
FNDA:1,(anonymous_75)
FNDA:1,(anonymous_76)
FNDA:0,(anonymous_77)
FNDA:8,(anonymous_78)
FNDA:0,(anonymous_79)
FNDA:14,(anonymous_80)
FNDA:14,(anonymous_81)
FNDA:9,(anonymous_82)
FNDA:7,(anonymous_83)
FNDA:1,(anonymous_84)
FNDA:0,(anonymous_85)
FNDA:40,(anonymous_86)
FNDA:0,(anonymous_87)
FNDA:7,(anonymous_88)
FNDA:0,(anonymous_89)
FNDA:8,(anonymous_90)
FNDA:8,(anonymous_91)
FNDA:8,(anonymous_92)
FNDA:0,(anonymous_93)
FNDA:8,(anonymous_94)
FNDA:1,(anonymous_95)
FNDA:1,(anonymous_96)
FNDA:1,(anonymous_97)
DA:3,1
DA:9,1
DA:11,1
DA:16,1
DA:18,1
DA:19,1
DA:20,1
DA:21,1
DA:29,1
DA:31,1
DA:32,1
DA:34,1
DA:35,1
DA:40,1
DA:42,1
DA:62,1
DA:63,1
DA:64,1
DA:65,126
DA:76,1
DA:77,497
DA:78,7
DA:81,490
DA:82,1
DA:85,489
DA:87,489
DA:88,215
DA:93,489
DA:94,8
DA:95,8
DA:96,3
DA:99,5
DA:103,489
DA:113,1
DA:114,271
DA:115,174
DA:118,97
DA:119,0
DA:122,97
DA:132,1
DA:133,3
DA:134,0
DA:137,3
DA:139,3
DA:140,0
DA:143,3
DA:144,0
DA:147,3
DA:149,3
DA:150,0
DA:153,3
DA:155,3
DA:156,2
DA:159,1
DA:160,1
DA:161,0
DA:165,1
DA:174,1
DA:175,95
DA:176,95
DA:177,95
DA:178,95
DA:179,95
DA:180,95
DA:181,95
DA:182,95
DA:183,95
DA:184,95
DA:185,95
DA:187,95
DA:188,93
DA:189,93
DA:190,93
DA:193,95
DA:195,95
DA:196,0
DA:199,95
DA:200,0
DA:201,0
DA:204,95
DA:205,118
DA:207,118
DA:208,249
DA:209,249
DA:211,249
DA:212,0
DA:215,249
DA:216,78
DA:217,0
DA:218,0
DA:221,78
DA:224,78
DA:226,171
DA:227,171
DA:233,95
DA:243,1
DA:244,1
DA:245,1
DA:248,0
DA:249,0
DA:259,1
DA:260,9
DA:261,2
DA:264,9
DA:266,9
DA:267,9
DA:268,9
DA:270,9
DA:271,9
DA:273,9
DA:277,9
DA:289,1
DA:291,0
DA:292,0
DA:295,0
DA:296,0
DA:298,0
DA:299,0
DA:302,0
DA:303,0
DA:304,0
DA:308,0
DA:312,7
DA:313,0
DA:316,7
DA:318,7
DA:319,7
DA:320,5
DA:321,2
DA:325,2
DA:329,3
DA:330,3
DA:331,0
DA:335,3
DA:339,0
DA:343,0
DA:347,1
DA:351,1
DA:352,19
DA:353,9
DA:356,10
DA:357,10
DA:359,10
DA:360,1
DA:363,9
DA:364,8
DA:367,1
DA:377,1
DA:378,126
DA:380,126
DA:381,0
DA:384,126
DA:385,126
DA:388,0
DA:389,0
DA:392,0
DA:398,1
DA:400,1
DA:408,1
DA:409,0
DA:411,0
DA:424,0
DA:436,1
DA:437,1
DA:442,1
DA:459,1
DA:463,1
DA:473,1
DA:474,0
DA:475,0
DA:478,0
DA:479,0
DA:480,0
DA:481,0
DA:488,0
DA:493,0
DA:500,1
DA:501,118
DA:503,118
DA:504,108
DA:507,118
DA:514,1
DA:515,121
DA:524,1
DA:525,71
DA:526,41
DA:527,40
DA:531,71
DA:533,51
DA:536,0
DA:539,3
DA:542,17
DA:551,1
DA:552,72
DA:553,72
DA:555,72
DA:556,71
DA:557,71
DA:565,72
DA:575,1
DA:576,18
DA:578,18
DA:579,1
DA:581,1
DA:582,1
DA:586,18
DA:592,1
DA:593,1
DA:594,1
DA:597,0
DA:604,1
DA:605,1
DA:606,1
DA:609,0
DA:621,1
DA:623,4
DA:643,1
DA:645,1
DA:646,1
DA:647,1
DA:649,1
DA:650,1
DA:651,0
DA:654,1
DA:655,0
DA:659,0
DA:660,0
DA:662,0
DA:663,0
DA:664,0
DA:668,0
DA:669,0
DA:670,0
DA:671,0
DA:672,0
DA:676,0
DA:677,0
DA:678,0
DA:679,0
DA:681,0
DA:682,0
DA:683,0
DA:686,0
DA:688,0
DA:689,0
DA:692,0
DA:696,1
DA:710,1
DA:715,1
DA:716,1
DA:717,0
DA:720,1
DA:723,1
DA:724,1
DA:725,1
DA:727,1
DA:728,1
DA:733,1
DA:734,1
DA:735,17
DA:737,17
DA:738,17
DA:739,17
DA:741,17
DA:743,17
DA:747,0
DA:748,0
DA:750,0
DA:751,0
DA:752,0
DA:754,0
DA:755,0
DA:757,0
DA:761,1
DA:763,1
DA:772,1
DA:773,17
DA:786,1
DA:788,1
DA:790,1
DA:792,1
DA:798,1
DA:799,7
DA:801,7
DA:802,7
DA:803,7
DA:806,0
DA:815,1
DA:816,8
DA:817,8
DA:818,8
DA:825,1
DA:826,0
DA:827,0
DA:834,1
DA:835,0
DA:836,0
DA:843,1
DA:844,7
DA:845,7
DA:852,1
DA:853,7
DA:854,0
DA:857,7
DA:858,0
DA:860,7
DA:868,1
DA:869,7
DA:876,1
DA:877,0
DA:878,0
DA:879,0
DA:881,0
DA:890,1
DA:898,1
DA:900,1
DA:902,1
DA:911,1
DA:913,1
DA:914,1
DA:915,1
DA:919,1
DA:922,0
DA:926,0
DA:930,1
DA:932,1
DA:939,1
DA:940,6
DA:941,6
DA:942,6
DA:944,6
DA:952,1
DA:953,6
DA:954,0
DA:957,6
DA:958,6
DA:959,6
DA:966,1
DA:967,126
DA:974,1
DA:975,8
DA:981,1
DA:983,134
DA:984,126
DA:985,126
DA:986,126
DA:987,126
DA:988,126
DA:989,126
DA:992,8
DA:996,1
DA:1000,8
DA:1001,1
DA:1008,8
DA:1012,1
DA:1016,1
DA:1019,126
DA:1020,126
DA:1022,126
DA:1026,8
DA:1027,0
DA:1030,8
DA:1032,8
DA:1034,8
DA:1038,8
DA:1039,1
DA:1042,7
DA:1045,8
DA:1049,7
DA:1055,7
DA:1056,7
DA:1057,7
DA:1058,7
DA:1059,7
DA:1065,100
DA:1070,0
DA:1079,29
DA:1085,18
DA:1086,7
DA:1089,11
DA:1093,7
DA:1094,0
DA:1097,7
DA:1098,7
DA:1106,54
DA:1112,63
DA:1113,63
DA:1114,63
DA:1115,63
DA:1116,63
DA:1118,63
DA:1119,315
DA:1123,0
DA:1127,63
DA:1128,63
DA:1137,16
DA:1142,4
DA:1143,4
DA:1145,4
DA:1146,4
DA:1148,4
DA:1149,0
DA:1155,4
DA:1165,1
DA:1166,8
DA:1167,8
DA:1168,8
DA:1171,8
DA:1172,8
DA:1173,8
DA:1174,8
DA:1176,8
DA:1177,17
DA:1179,17
DA:1180,11
DA:1181,0
DA:1184,11
DA:1188,8
DA:1190,8
DA:1191,0
DA:1194,8
DA:1200,1
DA:1207,1
DA:1216,1
DA:1225,1
DA:1234,0
DA:1242,8
DA:1250,0
DA:1266,1
DA:1267,14
DA:1268,14
DA:1269,14
DA:1276,1
DA:1277,14
DA:1284,1
DA:1290,1
DA:1296,1
DA:1301,1
DA:1302,9
DA:1303,9
DA:1309,1
DA:1310,7
DA:1311,7
DA:1314,7
DA:1315,0
DA:1318,7
DA:1326,1
DA:1327,1
DA:1328,0
DA:1331,1
DA:1332,1
DA:1334,1
DA:1335,1
DA:1336,1
DA:1337,0
DA:1338,0
DA:1345,1
DA:1346,0
DA:1347,0
DA:1349,0
DA:1350,0
DA:1351,0
DA:1352,0
DA:1357,1
DA:1358,0
DA:1361,1
DA:1362,1
DA:1369,1
DA:1370,0
DA:1371,0
DA:1372,0
DA:1373,0
DA:1375,0
DA:1376,0
DA:1377,0
DA:1381,0
DA:1382,0
DA:1389,1
DA:1390,40
DA:1393,1
DA:1394,0
DA:1395,0
DA:1399,1
DA:1400,7
DA:1401,7
DA:1408,1
DA:1409,0
DA:1418,1
DA:1419,8
DA:1420,0
DA:1423,8
DA:1424,8
DA:1425,8
DA:1427,8
DA:1429,8
DA:1430,0
DA:1431,0
DA:1432,0
DA:1433,0
DA:1434,0
DA:1436,0
DA:1437,0
DA:1441,8
DA:1442,8
DA:1443,8
DA:1447,8
DA:1448,8
DA:1449,8
DA:1458,1
DA:1459,8
DA:1460,8
DA:1461,8
DA:1468,1
DA:1469,0
DA:1470,0
DA:1472,0
DA:1473,0
DA:1481,1
DA:1482,8
DA:1484,8
DA:1485,8
DA:1488,8
DA:1498,8
DA:1499,8
DA:1507,1
DA:1508,1
DA:1509,0
DA:1513,1
DA:1514,0
DA:1516,1
DA:1518,1
DA:1522,1
DA:1530,1
DA:1531,1
DA:1533,1
DA:1536,1
DA:1537,0
DA:1543,1
LF:538
LH:399
BRDA:11,1,0,1
BRDA:11,1,1,1
BRDA:29,2,0,1
BRDA:29,2,1,1
BRDA:77,3,0,7
BRDA:77,3,1,490
BRDA:81,4,0,1
BRDA:81,4,1,489
BRDA:87,5,0,215
BRDA:87,5,1,274
BRDA:93,6,0,8
BRDA:93,6,1,481
BRDA:95,7,0,3
BRDA:95,7,1,5
BRDA:99,8,0,4
BRDA:99,8,1,1
BRDA:114,9,0,174
BRDA:114,9,1,97
BRDA:118,10,0,0
BRDA:118,10,1,97
BRDA:118,11,0,97
BRDA:118,11,1,97
BRDA:133,12,0,0
BRDA:133,12,1,3
BRDA:139,13,0,0
BRDA:139,13,1,3
BRDA:143,14,0,0
BRDA:143,14,1,3
BRDA:149,15,0,0
BRDA:149,15,1,3
BRDA:149,16,0,3
BRDA:149,16,1,0
BRDA:155,17,0,2
BRDA:155,17,1,1
BRDA:159,18,0,1
BRDA:159,18,1,0
BRDA:160,19,0,0
BRDA:160,19,1,1
BRDA:160,20,0,1
BRDA:160,20,1,1
BRDA:181,21,0,95
BRDA:181,21,1,0
BRDA:187,22,0,93
BRDA:187,22,1,2
BRDA:189,23,0,93
BRDA:189,23,1,0
BRDA:195,24,0,0
BRDA:195,24,1,95
BRDA:195,25,0,95
BRDA:195,25,1,0
BRDA:199,26,0,0
BRDA:199,26,1,95
BRDA:205,27,0,118
BRDA:205,27,1,0
BRDA:211,28,0,0
BRDA:211,28,1,249
BRDA:215,29,0,78
BRDA:215,29,1,171
BRDA:215,30,0,249
BRDA:215,30,1,246
BRDA:215,30,2,246
BRDA:215,30,3,168
BRDA:216,31,0,0
BRDA:216,31,1,78
BRDA:218,32,0,0
BRDA:218,32,1,0
BRDA:218,33,0,0
BRDA:218,33,1,0
BRDA:221,34,0,8
BRDA:221,34,1,70
BRDA:221,35,0,78
BRDA:221,35,1,8
BRDA:226,36,0,171
BRDA:226,36,1,0
BRDA:244,37,0,1
BRDA:244,37,1,0
BRDA:260,38,0,2
BRDA:260,38,1,7
BRDA:266,39,0,9
BRDA:266,39,1,0
BRDA:291,40,0,0
BRDA:291,40,1,0
BRDA:298,41,0,0
BRDA:298,41,1,0
BRDA:303,42,0,0
BRDA:303,42,1,0
BRDA:312,43,0,0
BRDA:312,43,1,7
BRDA:319,44,0,5
BRDA:319,44,1,2
BRDA:320,45,0,2
BRDA:320,45,1,3
BRDA:330,46,0,0
BRDA:330,46,1,3
BRDA:352,47,0,9
BRDA:352,47,1,10
BRDA:359,48,0,1
BRDA:359,48,1,9
BRDA:363,49,0,8
BRDA:363,49,1,1
BRDA:380,50,0,0
BRDA:380,50,1,126
BRDA:384,51,0,126
BRDA:384,51,1,0
BRDA:388,52,0,0
BRDA:388,52,1,0
BRDA:388,53,0,0
BRDA:388,53,1,0
BRDA:409,54,0,0
BRDA:409,54,1,0
BRDA:424,55,0,0
BRDA:424,55,1,0
BRDA:436,56,0,1
BRDA:436,56,1,1
BRDA:437,57,0,1
BRDA:437,57,1,1
BRDA:463,58,0,1
BRDA:463,58,1,0
BRDA:474,59,0,0
BRDA:474,59,1,0
BRDA:474,60,0,0
BRDA:474,60,1,0
BRDA:479,61,0,0
BRDA:479,61,1,0
BRDA:479,62,0,0
BRDA:479,62,1,0
BRDA:480,63,0,0
BRDA:480,63,1,0
BRDA:503,64,0,108
BRDA:503,64,1,10
BRDA:503,65,0,118
BRDA:503,65,1,118
BRDA:525,66,0,41
BRDA:525,66,1,30
BRDA:526,67,0,40
BRDA:526,67,1,1
BRDA:526,68,0,41
BRDA:526,68,1,31
BRDA:526,68,2,21
BRDA:531,69,0,51
BRDA:531,69,1,0
BRDA:531,69,2,3
BRDA:531,69,3,17
BRDA:533,70,0,51
BRDA:533,70,1,50
BRDA:533,70,2,38
BRDA:533,70,3,26
BRDA:552,71,0,72
BRDA:552,71,1,0
BRDA:556,72,0,71
BRDA:556,72,1,0
BRDA:578,73,0,1
BRDA:578,73,1,17
BRDA:578,74,0,18
BRDA:578,74,1,18
BRDA:578,74,2,18
BRDA:581,75,0,1
BRDA:581,75,1,0
BRDA:586,76,0,18
BRDA:586,76,1,18
BRDA:593,77,0,1
BRDA:593,77,1,0
BRDA:593,78,0,1
BRDA:593,78,1,1
BRDA:605,79,0,1
BRDA:605,79,1,0
BRDA:605,80,0,1
BRDA:605,80,1,1
BRDA:649,81,0,1
BRDA:649,81,1,0
BRDA:659,82,0,0
BRDA:659,82,1,0
BRDA:662,83,0,0
BRDA:662,83,1,0
BRDA:681,84,0,0
BRDA:681,84,1,0
BRDA:710,85,0,1
BRDA:710,85,1,1
BRDA:716,86,0,0
BRDA:716,86,1,1
BRDA:733,87,0,1
BRDA:733,87,1,0
BRDA:735,88,0,17
BRDA:735,88,1,0
BRDA:748,89,0,0
BRDA:748,89,1,0
BRDA:773,90,0,17
BRDA:773,90,1,9
BRDA:786,91,0,1
BRDA:786,91,1,1
BRDA:801,92,0,7
BRDA:801,92,1,0
BRDA:836,93,0,0
BRDA:836,93,1,0
BRDA:845,94,0,7
BRDA:845,94,1,7
BRDA:853,95,0,0
BRDA:853,95,1,7
BRDA:857,96,0,0
BRDA:857,96,1,7
BRDA:869,97,0,7
BRDA:869,97,1,7
BRDA:869,97,2,7
BRDA:869,97,3,0
BRDA:877,98,0,0
BRDA:877,98,1,0
BRDA:877,99,0,0
BRDA:877,99,1,0
BRDA:877,99,2,0
BRDA:879,100,0,0
BRDA:879,100,1,0
BRDA:911,101,0,1
BRDA:911,101,1,1
BRDA:913,102,0,1
BRDA:913,102,1,0
BRDA:913,103,0,1
BRDA:913,103,1,1
BRDA:913,103,2,1
BRDA:914,104,0,1
BRDA:914,104,1,1
BRDA:940,105,0,0
BRDA:940,105,1,6
BRDA:953,106,0,0
BRDA:953,106,1,6
BRDA:983,107,0,126
BRDA:983,107,1,8
BRDA:1000,108,0,1
BRDA:1000,108,1,7
BRDA:1026,109,0,0
BRDA:1026,109,1,8
BRDA:1038,110,0,1
BRDA:1038,110,1,7
BRDA:1055,111,0,7
BRDA:1055,111,1,0
BRDA:1065,112,0,0
BRDA:1065,112,1,100
BRDA:1065,113,0,100
BRDA:1065,113,1,8
BRDA:1065,113,2,0
BRDA:1065,113,3,0
BRDA:1079,114,0,29
BRDA:1079,114,1,16
BRDA:1085,115,0,7
BRDA:1085,115,1,11
BRDA:1093,116,0,0
BRDA:1093,116,1,7
BRDA:1119,117,0,0
BRDA:1119,117,1,315
BRDA:1119,118,0,315
BRDA:1119,118,1,0
BRDA:1119,118,2,0
BRDA:1148,119,0,0
BRDA:1148,119,1,4
BRDA:1166,120,0,1
BRDA:1166,120,1,7
BRDA:1179,121,0,11
BRDA:1179,121,1,6
BRDA:1180,122,0,0
BRDA:1180,122,1,11
BRDA:1180,123,0,11
BRDA:1180,123,1,11
BRDA:1190,124,0,0
BRDA:1190,124,1,8
BRDA:1225,125,0,1
BRDA:1225,125,1,1
BRDA:1310,126,0,7
BRDA:1310,126,1,0
BRDA:1314,127,0,0
BRDA:1314,127,1,7
BRDA:1327,128,0,0
BRDA:1327,128,1,1
BRDA:1334,129,0,1
BRDA:1334,129,1,0
BRDA:1337,130,0,0
BRDA:1337,130,1,0
BRDA:1345,131,0,0
BRDA:1345,131,1,1
BRDA:1345,132,0,1
BRDA:1345,132,1,1
BRDA:1351,133,0,0
BRDA:1351,133,1,0
BRDA:1357,134,0,0
BRDA:1357,134,1,1
BRDA:1372,135,0,0
BRDA:1372,135,1,0
BRDA:1376,136,0,0
BRDA:1376,136,1,0
BRDA:1390,137,0,40
BRDA:1390,137,1,24
BRDA:1394,138,0,0
BRDA:1394,138,1,0
BRDA:1400,139,0,7
BRDA:1400,139,1,0
BRDA:1409,140,0,0
BRDA:1409,140,1,0
BRDA:1419,141,0,0
BRDA:1419,141,1,8
BRDA:1429,142,0,0
BRDA:1429,142,1,8
BRDA:1436,143,0,0
BRDA:1436,143,1,0
BRDA:1472,144,0,0
BRDA:1472,144,1,0
BRDA:1484,145,0,8
BRDA:1484,145,1,0
BRDA:1498,146,0,8
BRDA:1498,146,1,0
BRDA:1508,147,0,0
BRDA:1508,147,1,1
BRDA:1513,148,0,0
BRDA:1513,148,1,1
BRDA:1516,149,0,1
BRDA:1516,149,1,0
BRDA:1536,150,0,0
BRDA:1536,150,1,1
BRDA:1543,151,0,1
BRDA:1543,151,1,0
BRF:317
BRH:187
end_of_record
